#
# A fatal error has been detected by the Java Runtime Environment:
#
#  Internal Error (jvmciRuntime.cpp:1609), pid=23, tid=37
#  fatal error: Fatal exception in JVMCI: Error calling jdk.vm.ci.services.Services.serializeSavedProperties
#
# JRE version: OpenJDK Runtime Environment GraalVM CE 22.3.0 (17.0.5+8) (build 17.0.5+8-jvmci-22.3-b08)
# Java VM: OpenJDK 64-Bit Server VM GraalVM CE 22.3.0 (17.0.5+8-jvmci-22.3-b08, mixed mode, sharing, tiered, jvmci, jvmci compiler, compressed oops, compressed class ptrs, parallel gc, linux-amd64)
# Problematic frame:
# V  [libjvm.so+0x972714]  JVMCIRuntime::fatal_exception(JVMCIEnv*, char const*)+0x74
#
# Core dump will be written. Default location: Core dumps may be processed with "/usr/share/apport/apport -p%p -s%s -c%c -d%d -P%P -u%u -g%g -- %E" (or dumping to /home/runner/JavaBasics-1/core.23)
#
# If you would like to submit a bug report, please visit:
#   https://github.com/oracle/graal/issues
#

---------------  S U M M A R Y ------------

Command Line: -XX:ThreadPriorityPolicy=1 -XX:+UnlockExperimentalVMOptions -XX:+EnableJVMCIProduct -XX:JVMCIThreadsPerNativeLibraryRuntime=1 -XX:-UnlockExperimentalVMOptions -Declipse.application=org.eclipse.jdt.ls.core.id1 -Dosgi.bundles.defaultStartLevel=4 -Declipse.product=org.eclipse.jdt.ls.core.product -Dlog.level=ALL -Xverify:none -XX:+UseParallelGC -XX:GCTimeRatio=4 -XX:AdaptiveSizePolicyWeight=90 -Dsun.zip.disableMemoryMapping=true -Xmx512m -Xms100m /nix/store/m6gcpi1ii6rghy04cjwjddcavv7i90df-jdt-language-server-1.9.0/share/java/plugins/org.eclipse.equinox.launcher_1.6.400.v20210924-0641.jar --add-modules=ALL-SYSTEM --add-opens java.base/java.util=ALL-UNNAMED --add-opens java.base/java.lang=ALL-UNNAMED -configuration /home/runner/.cache/jdt-language-server/config -data /home/runner/.cache/jdt-language-server/data/home/runner/JavaBasics-1

Host: AMD EPYC 7B12, 8 cores, 1G, Ubuntu 20.04.2 LTS
Time: Mon May 22 19:30:39 2023 UTC elapsed time: 645.453931 seconds (0d 0h 10m 45s)

---------------  T H R E A D  ---------------

Current thread (0x00007f96bc0b21e0):  JavaThread "JVMCI-native CompilerThread0" daemon [_thread_in_vm, id=37, stack(0x00007f96a1700000,0x00007f96a1900000)]


Current CompileTask:
JVMCI-native: 645454 9770       4       java.util.concurrent.locks.AbstractQueuedSynchronizer::acquireShared (20 bytes)

Stack: [0x00007f96a1700000,0x00007f96a1900000],  sp=0x00007f96a18fe380,  free space=2040k
Native frames: (J=compiled Java code, j=interpreted, Vv=VM code, C=native code)
V  [libjvm.so+0x972714]  JVMCIRuntime::fatal_exception(JVMCIEnv*, char const*)+0x74
V  [libjvm.so+0x93e2fe]  JVMCIEnv::copy_saved_properties()+0x14e
V  [libjvm.so+0x9732a9]  JVMCIRuntime::initialize(JVMCIEnv*)+0xb19
V  [libjvm.so+0x9738a2]  JVMCIRuntime::get_HotSpotJVMCIRuntime(JVMCIEnv*)+0x12
V  [libjvm.so+0x9749f2]  JVMCIRuntime::compile_method(JVMCIEnv*, JVMCICompiler*, methodHandle const&, int)+0xd2
V  [libjvm.so+0x5b0d20]  CompileBroker::invoke_compiler_on_method(CompileTask*)+0x1470
V  [libjvm.so+0x5b12e8]  CompileBroker::compiler_thread_loop()+0x528
V  [libjvm.so+0xd82460]  JavaThread::thread_main_inner()+0xd0
V  [libjvm.so+0xd85a40]  Thread::call_run()+0xc0
V  [libjvm.so+0xbdb1e1]  thread_native_entry(Thread*)+0xe1

Register to memory mapping:

RAX=0x00007f96c1462000 points into unknown readable memory: 0x0000000000000058 | 58 00 00 00 00 00 00 00
RBX=0x00007f96c255d398: <offset 0x0000000000ef5398> in /nix/store/gpxl5qgg8kicmcvivwmybwjlpf7wh20l-graalvm17-ce-22.3.0/lib/server/libjvm.so at 0x00007f96c1668000
RCX=0x00007f96c25151e8: <offset 0x0000000000ead1e8> in /nix/store/gpxl5qgg8kicmcvivwmybwjlpf7wh20l-graalvm17-ce-22.3.0/lib/server/libjvm.so at 0x00007f96c1668000
RDX=0x0000000000000649 is an unknown value
RSP=0x00007f96a18fe380 is pointing into the stack for thread: 0x00007f96bc0b21e0
RBP=0x00007f96a18fe3a0 is pointing into the stack for thread: 0x00007f96bc0b21e0
RSI=0x00007f96c255dc48: <offset 0x0000000000ef5c48> in /nix/store/gpxl5qgg8kicmcvivwmybwjlpf7wh20l-graalvm17-ce-22.3.0/lib/server/libjvm.so at 0x00007f96c1668000
RDI=0x00000000e0000000 is an oop: java.lang.String 
{0x00000000e0000000} - klass: 'java/lang/String'
 - string: "resolution"
R8 =0x00007f96c255d398: <offset 0x0000000000ef5398> in /nix/store/gpxl5qgg8kicmcvivwmybwjlpf7wh20l-graalvm17-ce-22.3.0/lib/server/libjvm.so at 0x00007f96c1668000
R9 =0x00007f96a18fe330 is pointing into the stack for thread: 0x00007f96bc0b21e0
R10=0x00007f96a18ff948 is pointing into the stack for thread: 0x00007f96bc0b21e0
R11=0x0000000000000293 is an unknown value
R12=0x0 is NULL
R13=0x00007f96bc0b21e0 is a thread
R14=0x00007f96bc000b80 points into unknown readable memory: 0x00007f96c278ea38 | 38 ea 78 c2 96 7f 00 00
R15=0x00007f96c289ce40: <offset 0x0000000001234e40> in /nix/store/gpxl5qgg8kicmcvivwmybwjlpf7wh20l-graalvm17-ce-22.3.0/lib/server/libjvm.so at 0x00007f96c1668000


Registers:
RAX=0x00007f96c1462000, RBX=0x00007f96c255d398, RCX=0x00007f96c25151e8, RDX=0x0000000000000649
RSP=0x00007f96a18fe380, RBP=0x00007f96a18fe3a0, RSI=0x00007f96c255dc48, RDI=0x00000000e0000000
R8 =0x00007f96c255d398, R9 =0x00007f96a18fe330, R10=0x00007f96a18ff948, R11=0x0000000000000293
R12=0x0000000000000000, R13=0x00007f96bc0b21e0, R14=0x00007f96bc000b80, R15=0x00007f96c289ce40
RIP=0x00007f96c1fda714, EFLAGS=0x0000000000010206, CSGSFS=0x002b000000000033, ERR=0x0000000000000006
  TRAPNO=0x000000000000000e

Top of Stack: (sp=0x00007f96a18fe380)
0x00007f96a18fe380:   00007f96a18fe940 00007f96bc0b21e0
0x00007f96a18fe390:   00007f96c0df38c8 0000000800c409d8
0x00007f96a18fe3a0:   00007f96a18fe500 00007f96c1fa62fe
0x00007f96a18fe3b0:   00007f96a18fe3e0 00007f96a18fe440 

Instructions: (pc=0x00007f96c1fda714)
0x00007f96c1fda614:   30 e8 f6 cf e8 ff 4c 89 e7 e8 2e 48 d1 ff 84 db
0x00007f96c1fda624:   75 2a 4d 85 ed 74 04 4d 8b 6d 00 48 83 c4 08 44
0x00007f96c1fda634:   89 f9 4c 89 f2 4c 89 ee 5b 4c 89 e7 41 5c 41 5d
0x00007f96c1fda644:   41 5e 41 5f 5d e9 e2 47 d1 ff 66 90 48 83 c4 08
0x00007f96c1fda654:   5b 41 5c 41 5d 41 5e 41 5f 5d c3 90 31 d2 be 08
0x00007f96c1fda664:   00 00 00 4c 89 ff e8 b1 78 a3 ff 49 89 c5 e9 37
0x00007f96c1fda674:   ff ff ff 66 0f 1f 84 00 00 00 00 00 48 8b 7a 08
0x00007f96c1fda684:   e9 6d ff ff ff 0f 1f 80 00 00 00 00 e8 5b 48 0a
0x00007f96c1fda694:   00 84 c0 75 89 e9 6a ff ff ff 66 90 55 48 89 e5
0x00007f96c1fda6a4:   41 56 41 55 41 54 49 89 fc 53 48 89 f3 66 48 8d
0x00007f96c1fda6b4:   3d 27 5e 85 00 66 66 48 e8 df 43 8d ff 4c 8b 28
0x00007f96c1fda6c4:   8b 05 be 72 8a 00 85 c0 75 14 ba 01 00 00 00 48
0x00007f96c1fda6d4:   8d 0d ae 72 8a 00 f0 0f b1 11 85 c0 74 4e be c8
0x00007f96c1fda6e4:   00 00 00 4c 89 ef e8 01 0b 41 00 48 8d 05 12 ac
0x00007f96c1fda6f4:   85 00 49 89 d8 48 8d 0d e8 aa 53 00 ba 49 06 00
0x00007f96c1fda704:   00 48 8d 35 3c 35 58 00 bf 00 00 00 e0 48 8b 00
0x00007f96c1fda714:   c6 00 58 31 c0 e8 e2 91 c6 ff 5b 41 5c 41 5d 41
0x00007f96c1fda724:   5e 5d e9 55 34 26 00 0f 1f 44 00 00 48 8d 05 81
0x00007f96c1fda734:   a3 8b 00 48 89 df 4c 8b 30 e8 9e 43 8d ff 48 89
0x00007f96c1fda744:   de 48 89 c2 49 8b 06 4c 89 f7 ff 50 08 4c 89 f7
0x00007f96c1fda754:   e8 a7 5c 27 00 4d 85 e4 74 12 be 01 00 00 00 4c
0x00007f96c1fda764:   89 e7 e8 35 43 fc ff eb 82 0f 1f 00 be 01 00 00
0x00007f96c1fda774:   00 4c 89 ef e8 d3 fd ff ff e9 6d ff ff ff 66 66
0x00007f96c1fda784:   2e 0f 1f 84 00 00 00 00 00 0f 1f 00 55 48 89 e5
0x00007f96c1fda794:   41 57 41 56 41 55 41 54 53 48 81 ec 08 02 00 00
0x00007f96c1fda7a4:   64 48 8b 04 25 28 00 00 00 48 89 45 c8 8b 07 83
0x00007f96c1fda7b4:   f8 02 0f 84 11 04 00 00 4c 8b 6f 18 49 89 ff 49
0x00007f96c1fda7c4:   89 f4 4d 85 ed 74 14 4c 89 ef e8 5d 57 22 00 41
0x00007f96c1fda7d4:   8b 07 83 f8 02 0f 84 19 04 00 00 48 8d 1d 9a 06
0x00007f96c1fda7e4:   8a 00 4c 8d 35 0b 3c 58 00 eb 38 90 48 85 d2 7f
0x00007f96c1fda7f4:   0d 48 8d 05 b4 c0 85 00 48 83 38 00 7e 0e 41 8b
0x00007f96c1fda804:   77 2c 4c 89 f7 31 c0 e8 a0 b2 f7 ff 49 8b 7f 18 


Stack slot to memory mapping:
stack at sp + 0 slots: 0x00007f96a18fe940 is pointing into the stack for thread: 0x00007f96bc0b21e0
stack at sp + 1 slots: 0x00007f96bc0b21e0 is a thread
stack at sp + 2 slots: 0x00007f96c0df38c8 points into unknown readable memory: 0x65730018e552ffff | ff ff 52 e5 18 00 73 65
stack at sp + 3 slots: 0x0000000800c409d8 is a pointer to class: 
jdk.vm.ci.services.Services {0x0000000800c409d8}
 - instance size:     2
 - klass size:        65
 - access:            public final synchronized 
 - state:             fully_initialized
 - name:              'jdk/vm/ci/services/Services'
 - super:             'java/lang/Object'
 - sub:               
 - arrays:            NULL
 - methods:           Array<T>(0x00007f96a1c3b778)
 - method ordering:   Array<T>(0x0000000800928960)
 - default_methods:   Array<T>(0x0000000000000000)
 - local interfaces:  Array<T>(0x00000008005ce810)
 - trans. interfaces: Array<T>(0x00000008005ce810)
 - constants:         constant pool [427] {0x00007f96a1c3a858} for 'jdk/vm/ci/services/Services' cache=0x00007f96a1c3ca48
 - class loader data:  loader data: 0x00007f96bc0283f0 of 'bootstrap'
 - source file:       'Services.java'
 - class annotations:       Array<T>(0x0000000000000000)
 - class type annotations:  Array<T>(0x0000000000000000)
 - field annotations:       Array<T>(0x0000000000000000)
 - field type annotations:  Array<T>(0x0000000000000000)
 - inner classes:     Array<T>(0x00007f96a1c3ca18)
 - nest members:     Array<T>(0x00007f96a1c3ca38)
 - permitted subclasses:     Array<T>(0x00000008005ce7a0)
 - java mirror:       a 'java/lang/Class'{0x00000000e0149ff8} = 'jdk/vm/ci/services/Services'
 - vtable length      5  (start addr: 0x0000000800c40ba8)
 - itable length      2 (start addr: 0x0000000800c40bd0)
 - ---- static fields (3 words):
 - public static final 'IS_BUILDING_NATIVE_IMAGE' 'Z' @128 
 - public static final 'IS_IN_NATIVE_IMAGE' 'Z' @129 
 - private static volatile 'savedProperties' 'Ljava/util/Map;' @112 
 - static final 'JVMCI_ENABLED' 'Z' @130 
 - private static final 'servicesCache' 'Ljava/util/Map;' @116 
 - private static final 'MAX_UNICODE_IN_UTF8_LENGTH' 'I' @120 
 - private static final 'MAX_UTF8_PROPERTY_STRING_LENGTH' 'I' @124 
 - ---- non-static fields (0 words):
 - non-static oop maps: 
stack at sp + 4 slots: 0x00007f96a18fe500 is pointing into the stack for thread: 0x00007f96bc0b21e0
stack at sp + 5 slots: 0x00007f96c1fa62fe: <offset 0x000000000093e2fe> in /nix/store/gpxl5qgg8kicmcvivwmybwjlpf7wh20l-graalvm17-ce-22.3.0/lib/server/libjvm.so at 0x00007f96c1668000
stack at sp + 6 slots: 0x00007f96a18fe3e0 is pointing into the stack for thread: 0x00007f96bc0b21e0
stack at sp + 7 slots: 0x00007f96a18fe440 is pointing into the stack for thread: 0x00007f96bc0b21e0


---------------  P R O C E S S  ---------------

Threads class SMR info:
_java_thread_list=0x00007f9604000b70, length=26, elements={
0x00007f96bc026690, 0x00007f96bc0a64d0, 0x00007f96bc0a7910, 0x00007f96bc0ae050,
0x00007f96bc0af400, 0x00007f96bc0b07f0, 0x00007f96bc0b21e0, 0x00007f96bc0b36f0,
0x00007f96bc0b4b40, 0x00007f96bc0dfb60, 0x00007f96bc128080, 0x00007f96bc33cba0,
0x00007f96bc36fbd0, 0x00007f96bc3723c0, 0x00007f96bc3579d0, 0x00007f96500171c0,
0x00007f96502a8da0, 0x00007f96440010d0, 0x00007f96504869f0, 0x00007f96505ef650,
0x00007f96bc3a71d0, 0x00007f9644007280, 0x00007f96bc63e890, 0x00007f9628001130,
0x00007f962043e720, 0x00007f96204b80d0
}

Java Threads: ( => current thread )
  0x00007f96bc026690 JavaThread "main" [_thread_blocked, id=29, stack(0x00007f96c1483000,0x00007f96c1583000)]
  0x00007f96bc0a64d0 JavaThread "Reference Handler" daemon [_thread_blocked, id=32, stack(0x00007f96c049a000,0x00007f96c059a000)]
  0x00007f96bc0a7910 JavaThread "Finalizer" daemon [_thread_blocked, id=33, stack(0x00007f96c039a000,0x00007f96c049a000)]
  0x00007f96bc0ae050 JavaThread "Signal Dispatcher" daemon [_thread_blocked, id=34, stack(0x00007f96a1b00000,0x00007f96a1c00000)]
  0x00007f96bc0af400 JavaThread "Service Thread" daemon [_thread_blocked, id=35, stack(0x00007f96a1a00000,0x00007f96a1b00000)]
  0x00007f96bc0b07f0 JavaThread "Monitor Deflation Thread" daemon [_thread_blocked, id=36, stack(0x00007f96a1900000,0x00007f96a1a00000)]
=>0x00007f96bc0b21e0 JavaThread "JVMCI-native CompilerThread0" daemon [_thread_in_vm, id=37, stack(0x00007f96a1700000,0x00007f96a1900000)]
  0x00007f96bc0b36f0 JavaThread "C1 CompilerThread0" daemon [_thread_blocked, id=38, stack(0x00007f96a1500000,0x00007f96a1700000)]
  0x00007f96bc0b4b40 JavaThread "Sweeper thread" daemon [_thread_blocked, id=39, stack(0x00007f96a1400000,0x00007f96a1500000)]
  0x00007f96bc0dfb60 JavaThread "Common-Cleaner" daemon [_thread_blocked, id=40, stack(0x00007f96a1300000,0x00007f96a1400000)]
  0x00007f96bc128080 JavaThread "Notification Thread" daemon [_thread_blocked, id=44, stack(0x00007f96a1200000,0x00007f96a1300000)]
  0x00007f96bc33cba0 JavaThread "Active Thread: Equinox Container: 94b7fbd7-c3be-4e22-9ce8-06eaeb4cdf84" [_thread_blocked, id=52, stack(0x00007f96a0e00000,0x00007f96a0f00000)]
  0x00007f96bc36fbd0 JavaThread "Framework Event Dispatcher: Equinox Container: 94b7fbd7-c3be-4e22-9ce8-06eaeb4cdf84" daemon [_thread_blocked, id=53, stack(0x00007f96a0c00000,0x00007f96a0d00000)]
  0x00007f96bc3723c0 JavaThread "Start Level: Equinox Container: 94b7fbd7-c3be-4e22-9ce8-06eaeb4cdf84" daemon [_thread_blocked, id=54, stack(0x00007f96a0a00000,0x00007f96a0b00000)]
  0x00007f96bc3579d0 JavaThread "Refresh Thread: Equinox Container: 94b7fbd7-c3be-4e22-9ce8-06eaeb4cdf84" daemon [_thread_blocked, id=58, stack(0x00007f96a0800000,0x00007f96a0900000)]
  0x00007f96500171c0 JavaThread "SCR Component Actor" daemon [_thread_blocked, id=60, stack(0x00007f96a0600000,0x00007f96a0700000)]
  0x00007f96502a8da0 JavaThread "Worker-JM" [_thread_blocked, id=66, stack(0x00007f96a0200000,0x00007f96a0300000)]
  0x00007f96440010d0 JavaThread "Worker-1" [_thread_blocked, id=68, stack(0x00007f9668900000,0x00007f9668a00000)]
  0x00007f96504869f0 JavaThread "Java indexing" daemon [_thread_blocked, id=69, stack(0x00007f9668700000,0x00007f9668800000)]
  0x00007f96505ef650 JavaThread "Bundle File Closer" daemon [_thread_blocked, id=74, stack(0x00007f9668500000,0x00007f9668600000)]
  0x00007f96bc3a71d0 JavaThread "pool-3-thread-1" [_thread_blocked, id=75, stack(0x00007f9668300000,0x00007f9668400000)]
  0x00007f9644007280 JavaThread "Worker-2: Java indexing... " [_thread_blocked, id=76, stack(0x00007f9668100000,0x00007f9668200000)]
  0x00007f96bc63e890 JavaThread "pool-2-thread-1" [_thread_blocked, id=80, stack(0x00007f9667f00000,0x00007f9668000000)]
  0x00007f9628001130 JavaThread "Worker-3: Compacting resource model" [_thread_blocked, id=82, stack(0x00007f9667d00000,0x00007f9667e00000)]
  0x00007f962043e720 JavaThread "Okio Watchdog" daemon [_thread_blocked, id=155, stack(0x00007f9667900000,0x00007f9667a00000)]
  0x00007f96204b80d0 JavaThread "Worker-7: Publish Diagnostics" [_thread_blocked, id=387, stack(0x00007f96a0000000,0x00007f96a0100000)]

Other Threads:
  0x00007f96bc0a1c10 VMThread "VM Thread" [stack: 0x00007f96c059c000,0x00007f96c069c000] [id=31] _threads_hazard_ptr=0x00007f9604000b70
  0x00007f96bc129e10 WatcherThread [stack: 0x00007f96a1100000,0x00007f96a1200000] [id=45]
  0x00007f96bc03df30 GCTaskThread "GC Thread#0" [stack: 0x00007f96c1046000,0x00007f96c1146000] [id=30]

Threads with active compile tasks:
JVMCI-native CompilerThread0   645479 9770       4       java.util.concurrent.locks.AbstractQueuedSynchronizer::acquireShared (20 bytes)

VM state: synchronizing (normal execution)

VM Mutex/Monitor currently owned by a thread:  ([mutex/lock_event])
[0x00007f96bc023840] Threads_lock - owner thread: 0x00007f96bc0a1c10
[0x00007f96bc023ff0] Heap_lock - owner thread: 0x00007f96504869f0

OutOfMemory and StackOverflow Exception counts:
OutOfMemoryError java_heap_errors=3
LinkageErrors=70

Heap address: 0x00000000e0000000, size: 512 MB, Compressed Oops mode: 32-bit

CDS archive(s) mapped at: [0x0000000800000000-0x0000000800bc8000-0x0000000800bc8000), size 12353536, SharedBaseAddress: 0x0000000800000000, ArchiveRelocationMode: 0.
Compressed class space mapped at: 0x0000000800c00000-0x0000000840c00000, reserved size: 1073741824
Narrow klass base: 0x0000000800000000, Narrow klass shift: 0, Narrow klass range: 0x100000000

GC Precious Log:
 CPUs: 8 total, 1 available
 Memory: 1024M
 Large Page Support: Disabled
 NUMA Support: Disabled
 Compressed Oops: Enabled (32-bit)
 Alignments: Space 512K, Generation 512K, Heap 2M
 Heap Min Capacity: 100M
 Heap Initial Capacity: 100M
 Heap Max Capacity: 512M
 Pre-touch: Disabled
 Parallel Workers: 1

Heap:
 PSYoungGen      total 44544K, used 31744K [0x00000000f5580000, 0x00000000f8f80000, 0x0000000100000000)
  eden space 31744K, 100% used [0x00000000f5580000,0x00000000f7480000,0x00000000f7480000)
  from space 12800K, 0% used [0x00000000f8100000,0x00000000f8100000,0x00000000f8d80000)
  to   space 12800K, 0% used [0x00000000f7480000,0x00000000f7480000,0x00000000f8100000)
 ParOldGen       total 349696K, used 349695K [0x00000000e0000000, 0x00000000f5580000, 0x00000000f5580000)
  object space 349696K, 99% used [0x00000000e0000000,0x00000000f557fdd0,0x00000000f5580000)
 Metaspace       used 61168K, committed 62144K, reserved 1105920K
  class space    used 6018K, committed 6464K, reserved 1048576K

Card table byte_map: [0x00007f96c1146000,0x00007f96c1247000] _byte_map_base: 0x00007f96c0a46000

Marking Bits: (ParMarkBitMap*) 0x00007f96c28964c0
 Begin Bits: [0x00007f96a24b3000, 0x00007f96a2cb3000)
 End Bits:   [0x00007f96a2cb3000, 0x00007f96a34b3000)

Polling page: 0x00007f96c1460000

Metaspace:

Usage:
  Non-class:     53.86 MB used.
      Class:      5.88 MB used.
       Both:     59.73 MB used.

Virtual space:
  Non-class space:       56.00 MB reserved,      54.38 MB ( 97%) committed,  7 nodes.
      Class space:        1.00 GB reserved,       6.31 MB ( <1%) committed,  1 nodes.
             Both:        1.05 GB reserved,      60.69 MB (  6%) committed. 

Chunk freelists:
   Non-Class:  864.00 KB
       Class:  1.76 MB
        Both:  2.60 MB

MaxMetaspaceSize: unlimited
CompressedClassSpaceSize: 1.00 GB
Initial GC threshold: 21.00 MB
Current GC threshold: 100.94 MB
CDS: on
MetaspaceReclaimPolicy: balanced
 - commit_granule_bytes: 65536.
 - commit_granule_words: 8192.
 - virtual_space_node_default_size: 1048576.
 - enlarge_chunks_in_place: 1.
 - new_chunks_are_fully_committed: 0.
 - uncommit_free_chunks: 1.
 - use_allocation_guard: 0.
 - handle_deallocations: 1.


Internal statistics:

num_allocs_failed_limit: 6.
num_arena_births: 522.
num_arena_deaths: 162.
num_vsnodes_births: 8.
num_vsnodes_deaths: 0.
num_space_committed: 970.
num_space_uncommitted: 0.
num_chunks_returned_to_freelist: 226.
num_chunks_taken_from_freelist: 2989.
num_chunk_merges: 88.
num_chunk_splits: 1896.
num_chunks_enlarged: 1194.
num_purges: 20.
num_inconsistent_stats: 0.

CodeHeap 'non-profiled nmethods': size=120036Kb used=2788Kb max_used=2788Kb free=117247Kb
 bounds [0x00007f96aaf7a000, 0x00007f96ab23a000, 0x00007f96b24b3000]
CodeHeap 'profiled nmethods': size=120032Kb used=15449Kb max_used=17398Kb free=104582Kb
 bounds [0x00007f96a3a42000, 0x00007f96a4b52000, 0x00007f96aaf7a000]
CodeHeap 'non-nmethods': size=5692Kb used=1395Kb max_used=1403Kb free=4297Kb
 bounds [0x00007f96a34b3000, 0x00007f96a3723000, 0x00007f96a3a42000]
 total_blobs=8152 nmethods=7417 adapters=632
 compilation: enabled
              stopped_count=0, restarted_count=0
 full_count=0

JVMCI Events (20 events):
Event: 452.046 Thread 0x00007f96bc0b21e0 releasing handles for JVMCI runtime 0: oop handles=91, metadata handles={total=960, live=942, blocks=36}
Event: 452.046 Thread 0x00007f96bc0b21e0 detached from JVMCI runtime 0
Event: 474.044 Thread 0x00007f96bc0b21e0 attached to JVMCI runtime 0
Event: 474.046 Thread 0x00007f96bc0b21e0 created JavaVM[4]@0x00007f966739e340 for JVMCI runtime 0
Event: 477.055 Thread 0x00007f96bc0b21e0 initializing JVMCI runtime 0
Event: 477.055 Thread 0x00007f96bc0b21e0 done waiting for JavaVM references initialization in JVMCI runtime 0
Event: 486.969 Thread 0x00007f96bc0b21e0 initialized JVMCI runtime 0
Event: 510.647 Thread 0x00007f96bc0b21e0 compacted oop handles in JVMCI runtime 0 from 76 to 73
Event: 538.171 Thread 0x00007f96bc0b21e0 compacted oop handles in JVMCI runtime 0 from 99 to 96
Event: 539.672 Thread 0x00007f96bc0b21e0 detaching from JVMCI runtime 0: releasing idle compiler thread (0 other threads still attached)
Event: 539.672 Thread 0x00007f96bc0b21e0 shutting down HotSpotJVMCIRuntime for JVMCI runtime 0
Event: 539.672 Thread 0x00007f96bc0b21e0 shut down JVMCI runtime 0
Event: 541.165 Thread 0x00007f96bc0b21e0 destroyed JavaVM[4]@0x00007f966739e340 for JVMCI runtime 0
Event: 541.165 Thread 0x00007f96bc0b21e0 compacted oop handles in JVMCI runtime 0 from 96 to 96
Event: 541.165 Thread 0x00007f96bc0b21e0 releasing handles for JVMCI runtime 0: oop handles=96, metadata handles={total=166, live=163, blocks=36}
Event: 541.165 Thread 0x00007f96bc0b21e0 detached from JVMCI runtime 0
Event: 575.354 Thread 0x00007f96bc0b21e0 attached to JVMCI runtime 0
Event: 575.355 Thread 0x00007f96bc0b21e0 created JavaVM[5]@0x00007f966739e340 for JVMCI runtime 0
Event: 578.545 Thread 0x00007f96bc0b21e0 initializing JVMCI runtime 0
Event: 578.545 Thread 0x00007f96bc0b21e0 done waiting for JavaVM references initialization in JVMCI runtime 0

Compilation events (20 events):
Event: 510.647 Thread 0x00007f96bc0b21e0 nmethod 9763 0x00007f96ab230910 code [0x00007f96ab230b00, 0x00007f96ab230f00]
Event: 510.647 Thread 0x00007f96bc0b21e0 9764 %     4       java.io.DataOutputStream::writeUTF @ 10 (411 bytes)
Event: 518.082 Thread 0x00007f96bc0b36f0 9765       3       java.util.LinkedList::node (65 bytes)
Event: 518.083 Thread 0x00007f96bc0b36f0 nmethod 9765 0x00007f96a4263010 code [0x00007f96a42631c0, 0x00007f96a4263490]
Event: 535.273 Thread 0x00007f96bc0b36f0 9766       3       org.eclipse.jdt.internal.compiler.lookup.ReferenceBinding::isViewedAsDeprecated (47 bytes)
Event: 538.152 Thread 0x00007f96bc0b36f0 nmethod 9766 0x00007f96a4811e10 code [0x00007f96a4811fe0, 0x00007f96a4812620]
Event: 538.171 Thread 0x00007f96bc0b21e0 nmethod 9764% 0x00007f96ab231210 code [0x00007f96ab231460, 0x00007f96ab2327f0]
Event: 544.190 Thread 0x00007f96bc0b36f0 9767   !   3       org.eclipse.jdt.ls.core.internal.CancellableProgressMonitor::isCanceled (33 bytes)
Event: 544.191 Thread 0x00007f96bc0b36f0 nmethod 9767 0x00007f96a447bb10 code [0x00007f96a447bd20, 0x00007f96a447cae0]
Event: 561.775 Thread 0x00007f96bc0b36f0 9768       3       org.eclipse.jdt.ls.core.internal.handlers.ProgressReporterManager$ProgressReporter::subTask (40 bytes)
Event: 561.775 Thread 0x00007f96bc0b36f0 nmethod 9768 0x00007f96a42a6790 code [0x00007f96a42a6960, 0x00007f96a42a6c90]
Event: 575.354 Thread 0x00007f96bc0b36f0 9769       1       org.eclipse.osgi.internal.framework.EquinoxContainer::getStorage (5 bytes)
Event: 575.354 Thread 0x00007f96bc0b21e0 9770       4       java.util.concurrent.locks.AbstractQueuedSynchronizer::acquireShared (20 bytes)
Event: 575.354 Thread 0x00007f96bc0b36f0 nmethod 9769 0x00007f96ab233010 code [0x00007f96ab2331a0, 0x00007f96ab233270]
Event: 584.358 Thread 0x00007f96bc0b36f0 9773       3       java.text.MessageFormat::subformat (542 bytes)
Event: 585.774 Thread 0x00007f96bc0b36f0 nmethod 9773 0x00007f96a3f2e490 code [0x00007f96a3f2eae0, 0x00007f96a3f34940]
Event: 585.774 Thread 0x00007f96bc0b36f0 9771       3       java.text.MessageFormat::format (15 bytes)
Event: 585.774 Thread 0x00007f96bc0b36f0 nmethod 9771 0x00007f96a42bc290 code [0x00007f96a42bc440, 0x00007f96a42bc610]
Event: 585.774 Thread 0x00007f96bc0b36f0 9772       3       java.text.MessageFormat::format (12 bytes)
Event: 585.774 Thread 0x00007f96bc0b36f0 nmethod 9772 0x00007f96a42c1f10 code [0x00007f96a42c20c0, 0x00007f96a42c2460]

GC Heap History (20 events):
Event: 630.667 GC heap before
{Heap before GC invocations=548 (full 371):
 PSYoungGen      total 44544K, used 31743K [0x00000000f5580000, 0x00000000f8f80000, 0x0000000100000000)
  eden space 31744K, 99% used [0x00000000f5580000,0x00000000f747fff8,0x00000000f7480000)
  from space 12800K, 0% used [0x00000000f8100000,0x00000000f8100000,0x00000000f8d80000)
  to   space 12800K, 0% used [0x00000000f7480000,0x00000000f7480000,0x00000000f8100000)
 ParOldGen       total 349696K, used 349692K [0x00000000e0000000, 0x00000000f5580000, 0x00000000f5580000)
  object space 349696K, 99% used [0x00000000e0000000,0x00000000f557f0e0,0x00000000f5580000)
 Metaspace       used 61168K, committed 62144K, reserved 1105920K
  class space    used 6018K, committed 6464K, reserved 1048576K
}
Event: 632.078 GC heap after
{Heap after GC invocations=548 (full 371):
 PSYoungGen      total 44544K, used 31743K [0x00000000f5580000, 0x00000000f8f80000, 0x0000000100000000)
  eden space 31744K, 99% used [0x00000000f5580000,0x00000000f747fe28,0x00000000f7480000)
  from space 12800K, 0% used [0x00000000f7480000,0x00000000f7480000,0x00000000f8100000)
  to   space 12800K, 0% used [0x00000000f8100000,0x00000000f8100000,0x00000000f8d80000)
 ParOldGen       total 349696K, used 349689K [0x00000000e0000000, 0x00000000f5580000, 0x00000000f5580000)
  object space 349696K, 99% used [0x00000000e0000000,0x00000000f557e550,0x00000000f5580000)
 Metaspace       used 61168K, committed 62144K, reserved 1105920K
  class space    used 6018K, committed 6464K, reserved 1048576K
}
Event: 632.079 GC heap before
{Heap before GC invocations=549 (full 372):
 PSYoungGen      total 44544K, used 31743K [0x00000000f5580000, 0x00000000f8f80000, 0x0000000100000000)
  eden space 31744K, 99% used [0x00000000f5580000,0x00000000f747fff8,0x00000000f7480000)
  from space 12800K, 0% used [0x00000000f7480000,0x00000000f7480000,0x00000000f8100000)
  to   space 12800K, 0% used [0x00000000f8100000,0x00000000f8100000,0x00000000f8d80000)
 ParOldGen       total 349696K, used 349695K [0x00000000e0000000, 0x00000000f5580000, 0x00000000f5580000)
  object space 349696K, 99% used [0x00000000e0000000,0x00000000f557fff8,0x00000000f5580000)
 Metaspace       used 61168K, committed 62144K, reserved 1105920K
  class space    used 6018K, committed 6464K, reserved 1048576K
}
Event: 633.460 GC heap after
{Heap after GC invocations=549 (full 372):
 PSYoungGen      total 44544K, used 31743K [0x00000000f5580000, 0x00000000f8f80000, 0x0000000100000000)
  eden space 31744K, 99% used [0x00000000f5580000,0x00000000f747ff48,0x00000000f7480000)
  from space 12800K, 0% used [0x00000000f8100000,0x00000000f8100000,0x00000000f8d80000)
  to   space 12800K, 0% used [0x00000000f7480000,0x00000000f7480000,0x00000000f8100000)
 ParOldGen       total 349696K, used 349693K [0x00000000e0000000, 0x00000000f5580000, 0x00000000f5580000)
  object space 349696K, 99% used [0x00000000e0000000,0x00000000f557f6e8,0x00000000f5580000)
 Metaspace       used 61168K, committed 62144K, reserved 1105920K
  class space    used 6018K, committed 6464K, reserved 1048576K
}
Event: 633.461 GC heap before
{Heap before GC invocations=550 (full 373):
 PSYoungGen      total 44544K, used 31744K [0x00000000f5580000, 0x00000000f8f80000, 0x0000000100000000)
  eden space 31744K, 100% used [0x00000000f5580000,0x00000000f7480000,0x00000000f7480000)
  from space 12800K, 0% used [0x00000000f8100000,0x00000000f8100000,0x00000000f8d80000)
  to   space 12800K, 0% used [0x00000000f7480000,0x00000000f7480000,0x00000000f8100000)
 ParOldGen       total 349696K, used 349693K [0x00000000e0000000, 0x00000000f5580000, 0x00000000f5580000)
  object space 349696K, 99% used [0x00000000e0000000,0x00000000f557f6e8,0x00000000f5580000)
 Metaspace       used 61168K, committed 62144K, reserved 1105920K
  class space    used 6018K, committed 6464K, reserved 1048576K
}
Event: 635.043 GC heap after
{Heap after GC invocations=550 (full 373):
 PSYoungGen      total 44544K, used 31743K [0x00000000f5580000, 0x00000000f8f80000, 0x0000000100000000)
  eden space 31744K, 99% used [0x00000000f5580000,0x00000000f747ff60,0x00000000f7480000)
  from space 12800K, 0% used [0x00000000f7480000,0x00000000f7480000,0x00000000f8100000)
  to   space 12800K, 0% used [0x00000000f8100000,0x00000000f8100000,0x00000000f8d80000)
 ParOldGen       total 349696K, used 349693K [0x00000000e0000000, 0x00000000f5580000, 0x00000000f5580000)
  object space 349696K, 99% used [0x00000000e0000000,0x00000000f557f6e8,0x00000000f5580000)
 Metaspace       used 61168K, committed 62144K, reserved 1105920K
  class space    used 6018K, committed 6464K, reserved 1048576K
}
Event: 635.047 GC heap before
{Heap before GC invocations=551 (full 374):
 PSYoungGen      total 44544K, used 31744K [0x00000000f5580000, 0x00000000f8f80000, 0x0000000100000000)
  eden space 31744K, 100% used [0x00000000f5580000,0x00000000f7480000,0x00000000f7480000)
  from space 12800K, 0% used [0x00000000f7480000,0x00000000f7480000,0x00000000f8100000)
  to   space 12800K, 0% used [0x00000000f8100000,0x00000000f8100000,0x00000000f8d80000)
 ParOldGen       total 349696K, used 349693K [0x00000000e0000000, 0x00000000f5580000, 0x00000000f5580000)
  object space 349696K, 99% used [0x00000000e0000000,0x00000000f557f6e8,0x00000000f5580000)
 Metaspace       used 61168K, committed 62144K, reserved 1105920K
  class space    used 6018K, committed 6464K, reserved 1048576K
}
Event: 636.494 GC heap after
{Heap after GC invocations=551 (full 374):
 PSYoungGen      total 44544K, used 31743K [0x00000000f5580000, 0x00000000f8f80000, 0x0000000100000000)
  eden space 31744K, 99% used [0x00000000f5580000,0x00000000f747ff60,0x00000000f7480000)
  from space 12800K, 0% used [0x00000000f8100000,0x00000000f8100000,0x00000000f8d80000)
  to   space 12800K, 0% used [0x00000000f7480000,0x00000000f7480000,0x00000000f8100000)
 ParOldGen       total 349696K, used 349693K [0x00000000e0000000, 0x00000000f5580000, 0x00000000f5580000)
  object space 349696K, 99% used [0x00000000e0000000,0x00000000f557f6e8,0x00000000f5580000)
 Metaspace       used 61168K, committed 62144K, reserved 1105920K
  class space    used 6018K, committed 6464K, reserved 1048576K
}
Event: 636.494 GC heap before
{Heap before GC invocations=552 (full 375):
 PSYoungGen      total 44544K, used 31744K [0x00000000f5580000, 0x00000000f8f80000, 0x0000000100000000)
  eden space 31744K, 100% used [0x00000000f5580000,0x00000000f7480000,0x00000000f7480000)
  from space 12800K, 0% used [0x00000000f8100000,0x00000000f8100000,0x00000000f8d80000)
  to   space 12800K, 0% used [0x00000000f7480000,0x00000000f7480000,0x00000000f8100000)
 ParOldGen       total 349696K, used 349693K [0x00000000e0000000, 0x00000000f5580000, 0x00000000f5580000)
  object space 349696K, 99% used [0x00000000e0000000,0x00000000f557f6e8,0x00000000f5580000)
 Metaspace       used 61168K, committed 62144K, reserved 1105920K
  class space    used 6018K, committed 6464K, reserved 1048576K
}
Event: 637.984 GC heap after
{Heap after GC invocations=552 (full 375):
 PSYoungGen      total 44544K, used 31743K [0x00000000f5580000, 0x00000000f8f80000, 0x0000000100000000)
  eden space 31744K, 99% used [0x00000000f5580000,0x00000000f747ff60,0x00000000f7480000)
  from space 12800K, 0% used [0x00000000f7480000,0x00000000f7480000,0x00000000f8100000)
  to   space 12800K, 0% used [0x00000000f8100000,0x00000000f8100000,0x00000000f8d80000)
 ParOldGen       total 349696K, used 349693K [0x00000000e0000000, 0x00000000f5580000, 0x00000000f5580000)
  object space 349696K, 99% used [0x00000000e0000000,0x00000000f557f6e8,0x00000000f5580000)
 Metaspace       used 61168K, committed 62144K, reserved 1105920K
  class space    used 6018K, committed 6464K, reserved 1048576K
}
Event: 637.986 GC heap before
{Heap before GC invocations=553 (full 376):
 PSYoungGen      total 44544K, used 31744K [0x00000000f5580000, 0x00000000f8f80000, 0x0000000100000000)
  eden space 31744K, 100% used [0x00000000f5580000,0x00000000f7480000,0x00000000f7480000)
  from space 12800K, 0% used [0x00000000f7480000,0x00000000f7480000,0x00000000f8100000)
  to   space 12800K, 0% used [0x00000000f8100000,0x00000000f8100000,0x00000000f8d80000)
 ParOldGen       total 349696K, used 349693K [0x00000000e0000000, 0x00000000f5580000, 0x00000000f5580000)
  object space 349696K, 99% used [0x00000000e0000000,0x00000000f557f6e8,0x00000000f5580000)
 Metaspace       used 61168K, committed 62144K, reserved 1105920K
  class space    used 6018K, committed 6464K, reserved 1048576K
}
Event: 639.393 GC heap after
{Heap after GC invocations=553 (full 376):
 PSYoungGen      total 44544K, used 31743K [0x00000000f5580000, 0x00000000f8f80000, 0x0000000100000000)
  eden space 31744K, 99% used [0x00000000f5580000,0x00000000f747ff60,0x00000000f7480000)
  from space 12800K, 0% used [0x00000000f8100000,0x00000000f8100000,0x00000000f8d80000)
  to   space 12800K, 0% used [0x00000000f7480000,0x00000000f7480000,0x00000000f8100000)
 ParOldGen       total 349696K, used 349693K [0x00000000e0000000, 0x00000000f5580000, 0x00000000f5580000)
  object space 349696K, 99% used [0x00000000e0000000,0x00000000f557f6e8,0x00000000f5580000)
 Metaspace       used 61168K, committed 62144K, reserved 1105920K
  class space    used 6018K, committed 6464K, reserved 1048576K
}
Event: 639.394 GC heap before
{Heap before GC invocations=554 (full 377):
 PSYoungGen      total 44544K, used 31744K [0x00000000f5580000, 0x00000000f8f80000, 0x0000000100000000)
  eden space 31744K, 100% used [0x00000000f5580000,0x00000000f7480000,0x00000000f7480000)
  from space 12800K, 0% used [0x00000000f8100000,0x00000000f8100000,0x00000000f8d80000)
  to   space 12800K, 0% used [0x00000000f7480000,0x00000000f7480000,0x00000000f8100000)
 ParOldGen       total 349696K, used 349693K [0x00000000e0000000, 0x00000000f5580000, 0x00000000f5580000)
  object space 349696K, 99% used [0x00000000e0000000,0x00000000f557f6e8,0x00000000f5580000)
 Metaspace       used 61168K, committed 62144K, reserved 1105920K
  class space    used 6018K, committed 6464K, reserved 1048576K
}
Event: 640.979 GC heap after
{Heap after GC invocations=554 (full 377):
 PSYoungGen      total 44544K, used 31743K [0x00000000f5580000, 0x00000000f8f80000, 0x0000000100000000)
  eden space 31744K, 99% used [0x00000000f5580000,0x00000000f747ff60,0x00000000f7480000)
  from space 12800K, 0% used [0x00000000f7480000,0x00000000f7480000,0x00000000f8100000)
  to   space 12800K, 0% used [0x00000000f8100000,0x00000000f8100000,0x00000000f8d80000)
 ParOldGen       total 349696K, used 349693K [0x00000000e0000000, 0x00000000f5580000, 0x00000000f5580000)
  object space 349696K, 99% used [0x00000000e0000000,0x00000000f557f6c8,0x00000000f5580000)
 Metaspace       used 61168K, committed 62144K, reserved 1105920K
  class space    used 6018K, committed 6464K, reserved 1048576K
}
Event: 640.980 GC heap before
{Heap before GC invocations=555 (full 378):
 PSYoungGen      total 44544K, used 31743K [0x00000000f5580000, 0x00000000f8f80000, 0x0000000100000000)
  eden space 31744K, 99% used [0x00000000f5580000,0x00000000f747fff0,0x00000000f7480000)
  from space 12800K, 0% used [0x00000000f7480000,0x00000000f7480000,0x00000000f8100000)
  to   space 12800K, 0% used [0x00000000f8100000,0x00000000f8100000,0x00000000f8d80000)
 ParOldGen       total 349696K, used 349693K [0x00000000e0000000, 0x00000000f5580000, 0x00000000f5580000)
  object space 349696K, 99% used [0x00000000e0000000,0x00000000f557f6c8,0x00000000f5580000)
 Metaspace       used 61168K, committed 62144K, reserved 1105920K
  class space    used 6018K, committed 6464K, reserved 1048576K
}
Event: 642.462 GC heap after
{Heap after GC invocations=555 (full 378):
 PSYoungGen      total 44544K, used 31743K [0x00000000f5580000, 0x00000000f8f80000, 0x0000000100000000)
  eden space 31744K, 99% used [0x00000000f5580000,0x00000000f747ff80,0x00000000f7480000)
  from space 12800K, 0% used [0x00000000f8100000,0x00000000f8100000,0x00000000f8d80000)
  to   space 12800K, 0% used [0x00000000f7480000,0x00000000f7480000,0x00000000f8100000)
 ParOldGen       total 349696K, used 349693K [0x00000000e0000000, 0x00000000f5580000, 0x00000000f5580000)
  object space 349696K, 99% used [0x00000000e0000000,0x00000000f557f6a8,0x00000000f5580000)
 Metaspace       used 61168K, committed 62144K, reserved 1105920K
  class space    used 6018K, committed 6464K, reserved 1048576K
}
Event: 642.463 GC heap before
{Heap before GC invocations=556 (full 379):
 PSYoungGen      total 44544K, used 31743K [0x00000000f5580000, 0x00000000f8f80000, 0x0000000100000000)
  eden space 31744K, 99% used [0x00000000f5580000,0x00000000f747ffb8,0x00000000f7480000)
  from space 12800K, 0% used [0x00000000f8100000,0x00000000f8100000,0x00000000f8d80000)
  to   space 12800K, 0% used [0x00000000f7480000,0x00000000f7480000,0x00000000f8100000)
 ParOldGen       total 349696K, used 349693K [0x00000000e0000000, 0x00000000f5580000, 0x00000000f5580000)
  object space 349696K, 99% used [0x00000000e0000000,0x00000000f557f6a8,0x00000000f5580000)
 Metaspace       used 61168K, committed 62144K, reserved 1105920K
  class space    used 6018K, committed 6464K, reserved 1048576K
}
Event: 643.945 GC heap after
{Heap after GC invocations=556 (full 379):
 PSYoungGen      total 44544K, used 31743K [0x00000000f5580000, 0x00000000f8f80000, 0x0000000100000000)
  eden space 31744K, 99% used [0x00000000f5580000,0x00000000f747ff98,0x00000000f7480000)
  from space 12800K, 0% used [0x00000000f7480000,0x00000000f7480000,0x00000000f8100000)
  to   space 12800K, 0% used [0x00000000f8100000,0x00000000f8100000,0x00000000f8d80000)
 ParOldGen       total 349696K, used 349693K [0x00000000e0000000, 0x00000000f5580000, 0x00000000f5580000)
  object space 349696K, 99% used [0x00000000e0000000,0x00000000f557f6a8,0x00000000f5580000)
 Metaspace       used 61168K, committed 62144K, reserved 1105920K
  class space    used 6018K, committed 6464K, reserved 1048576K
}
Event: 643.945 GC heap before
{Heap before GC invocations=557 (full 380):
 PSYoungGen      total 44544K, used 31743K [0x00000000f5580000, 0x00000000f8f80000, 0x0000000100000000)
  eden space 31744K, 99% used [0x00000000f5580000,0x00000000f747ff98,0x00000000f7480000)
  from space 12800K, 0% used [0x00000000f7480000,0x00000000f7480000,0x00000000f8100000)
  to   space 12800K, 0% used [0x00000000f8100000,0x00000000f8100000,0x00000000f8d80000)
 ParOldGen       total 349696K, used 349693K [0x00000000e0000000, 0x00000000f5580000, 0x00000000f5580000)
  object space 349696K, 99% used [0x00000000e0000000,0x00000000f557f6a8,0x00000000f5580000)
 Metaspace       used 61168K, committed 62144K, reserved 1105920K
  class space    used 6018K, committed 6464K, reserved 1048576K
}
Event: 645.405 GC heap after
{Heap after GC invocations=557 (full 380):
 PSYoungGen      total 44544K, used 31743K [0x00000000f5580000, 0x00000000f8f80000, 0x0000000100000000)
  eden space 31744K, 99% used [0x00000000f5580000,0x00000000f747ff98,0x00000000f7480000)
  from space 12800K, 0% used [0x00000000f8100000,0x00000000f8100000,0x00000000f8d80000)
  to   space 12800K, 0% used [0x00000000f7480000,0x00000000f7480000,0x00000000f8100000)
 ParOldGen       total 349696K, used 349693K [0x00000000e0000000, 0x00000000f5580000, 0x00000000f5580000)
  object space 349696K, 99% used [0x00000000e0000000,0x00000000f557f6a8,0x00000000f5580000)
 Metaspace       used 61168K, committed 62144K, reserved 1105920K
  class space    used 6018K, committed 6464K, reserved 1048576K
}

Dll operation events (9 events):
Event: 0.002 Loaded shared library /nix/store/gpxl5qgg8kicmcvivwmybwjlpf7wh20l-graalvm17-ce-22.3.0/lib/libjava.so
Event: 0.047 Loaded shared library /nix/store/gpxl5qgg8kicmcvivwmybwjlpf7wh20l-graalvm17-ce-22.3.0/lib/libjsvml.so
Event: 0.344 Loaded shared library /nix/store/gpxl5qgg8kicmcvivwmybwjlpf7wh20l-graalvm17-ce-22.3.0/lib/libnio.so
Event: 0.346 Loaded shared library /nix/store/gpxl5qgg8kicmcvivwmybwjlpf7wh20l-graalvm17-ce-22.3.0/lib/libjvmcicompiler.so
Event: 0.362 Loaded shared library /nix/store/gpxl5qgg8kicmcvivwmybwjlpf7wh20l-graalvm17-ce-22.3.0/lib/libzip.so
Event: 0.748 Loaded shared library /nix/store/gpxl5qgg8kicmcvivwmybwjlpf7wh20l-graalvm17-ce-22.3.0/lib/libjimage.so
Event: 1.354 Loaded shared library /nix/store/gpxl5qgg8kicmcvivwmybwjlpf7wh20l-graalvm17-ce-22.3.0/lib/libnet.so
Event: 5.146 Loaded shared library /home/runner/.cache/jdt-language-server/config/org.eclipse.equinox.launcher/org.eclipse.equinox.launcher.gtk.linux.x86_64_1.2.400.v20211117-0650/eclipse_11600.so
Event: 14.675 Loaded shared library /nix/store/gpxl5qgg8kicmcvivwmybwjlpf7wh20l-graalvm17-ce-22.3.0/lib/libextnet.so

Deoptimization events (20 events):
Event: 149.020 Thread 0x00007f9628001130 Uncommon trap: trap_request=0xffffffcd fr.pc=0x00007f96ab159dee relative=0x000000000000006e
Event: 149.020 Thread 0x00007f9628001130 Uncommon trap: reason=intrinsic_or_type_checked_inlining action=reinterpret pc=0x00007f96ab159dee method=org.eclipse.jdt.internal.core.JavaElement.getJavaProject()Lorg/eclipse/jdt/core/IJavaProject; @ 0 jvmci
Event: 149.020 Thread 0x00007f9628001130 DEOPT PACKING pc=0x00007f96ab159dee sp=0x00007f9667dfe290
Event: 149.020 Thread 0x00007f9628001130 DEOPT UNPACKING pc=0x00007f96a3505325 sp=0x00007f9667dfd738 mode 3
Event: 169.667 Thread 0x00007f962c148ca0 DEOPT PACKING pc=0x00007f96a4b0df93 sp=0x00007f96a07fd110
Event: 169.667 Thread 0x00007f962c148ca0 DEOPT UNPACKING pc=0x00007f96a3505325 sp=0x00007f96a07fc7d8 mode 0
Event: 172.944 Thread 0x00007f96204b80d0 DEOPT PACKING pc=0x00007f96a497b26c sp=0x00007f96a00fd390
Event: 172.944 Thread 0x00007f96204b80d0 DEOPT UNPACKING pc=0x00007f96a3505325 sp=0x00007f96a00fc890 mode 0
Event: 182.850 Thread 0x00007f96204b80d0 DEOPT PACKING pc=0x00007f96a4b0df93 sp=0x00007f96a00fd010
Event: 182.850 Thread 0x00007f96204b80d0 DEOPT UNPACKING pc=0x00007f96a3505325 sp=0x00007f96a00fc6d8 mode 0
Event: 193.143 Thread 0x00007f96204b80d0 DEOPT PACKING pc=0x00007f96a4b0df93 sp=0x00007f96a00fd0a0
Event: 193.143 Thread 0x00007f96204b80d0 DEOPT UNPACKING pc=0x00007f96a3505325 sp=0x00007f96a00fc768 mode 0
Event: 624.985 Thread 0x00007f96504869f0 Uncommon trap: trap_request=0xffffff8f fr.pc=0x00007f96ab205125 relative=0x00000000000011e5
Event: 624.985 Thread 0x00007f96504869f0 Uncommon trap: reason=constraint action=none pc=0x00007f96ab205125 method=org.eclipse.jdt.internal.core.index.DiskIndex.copyQueryResults(Lorg/eclipse/jdt/internal/compiler/util/HashtableOfObject;I)V @ 123 jvmci
Event: 624.985 Thread 0x00007f96504869f0 DEOPT PACKING pc=0x00007f96ab205125 sp=0x00007f96687fe530
Event: 624.985 Thread 0x00007f96504869f0 DEOPT UNPACKING pc=0x00007f96a3505325 sp=0x00007f96687fda28 mode 3
Event: 630.667 Thread 0x00007f96504869f0 Uncommon trap: trap_request=0xffffff8f fr.pc=0x00007f96ab203b94 relative=0x0000000000000274
Event: 630.667 Thread 0x00007f96504869f0 Uncommon trap: reason=constraint action=none pc=0x00007f96ab203b94 method=org.eclipse.jdt.internal.core.index.DiskIndex$IntList.add(I)V @ 0 jvmci
Event: 630.667 Thread 0x00007f96504869f0 DEOPT PACKING pc=0x00007f96ab203b94 sp=0x00007f96687fe500
Event: 630.667 Thread 0x00007f96504869f0 DEOPT UNPACKING pc=0x00007f96a3505325 sp=0x00007f96687fd9b0 mode 3

Classes unloaded (20 events):
Event: 182.074 Thread 0x00007f96bc0a1c10 Unloading class 0x000000080112ec00 'jdk/internal/reflect/GeneratedSerializationConstructorAccessor15'
Event: 182.074 Thread 0x00007f96bc0a1c10 Unloading class 0x000000080112e000 'jdk/internal/reflect/GeneratedConstructorAccessor38'
Event: 182.074 Thread 0x00007f96bc0a1c10 Unloading class 0x000000080112dc00 'jdk/internal/reflect/GeneratedSerializationConstructorAccessor14'
Event: 182.074 Thread 0x00007f96bc0a1c10 Unloading class 0x000000080112d800 'jdk/internal/reflect/GeneratedSerializationConstructorAccessor13'
Event: 182.074 Thread 0x00007f96bc0a1c10 Unloading class 0x000000080112d400 'jdk/internal/reflect/GeneratedSerializationConstructorAccessor12'
Event: 182.074 Thread 0x00007f96bc0a1c10 Unloading class 0x000000080112d000 'jdk/internal/reflect/GeneratedMethodAccessor12'
Event: 182.074 Thread 0x00007f96bc0a1c10 Unloading class 0x000000080112c800 'jdk/internal/reflect/GeneratedSerializationConstructorAccessor11'
Event: 182.074 Thread 0x00007f96bc0a1c10 Unloading class 0x000000080112c400 'jdk/internal/reflect/GeneratedSerializationConstructorAccessor10'
Event: 182.074 Thread 0x00007f96bc0a1c10 Unloading class 0x000000080112c000 'jdk/internal/reflect/GeneratedSerializationConstructorAccessor9'
Event: 182.074 Thread 0x00007f96bc0a1c10 Unloading class 0x0000000801129400 'jdk/internal/reflect/GeneratedSerializationConstructorAccessor8'
Event: 182.074 Thread 0x00007f96bc0a1c10 Unloading class 0x00000008010cc000 'jdk/internal/reflect/GeneratedSerializationConstructorAccessor3'
Event: 182.074 Thread 0x00007f96bc0a1c10 Unloading class 0x0000000801092400 'jdk/internal/reflect/GeneratedSerializationConstructorAccessor2'
Event: 182.074 Thread 0x00007f96bc0a1c10 Unloading class 0x0000000801092000 'jdk/internal/reflect/GeneratedSerializationConstructorAccessor1'
Event: 187.366 Thread 0x00007f96bc0a1c10 Unloading class 0x00000008010ec800 'jdk/internal/reflect/GeneratedMethodAccessor10'
Event: 187.366 Thread 0x00007f96bc0a1c10 Unloading class 0x00000008010ec400 'jdk/internal/reflect/GeneratedMethodAccessor9'
Event: 187.366 Thread 0x00007f96bc0a1c10 Unloading class 0x00000008010ec000 'jdk/internal/reflect/GeneratedMethodAccessor8'
Event: 187.366 Thread 0x00007f96bc0a1c10 Unloading class 0x00000008010e1c00 'jdk/internal/reflect/GeneratedMethodAccessor7'
Event: 188.971 Thread 0x00007f96bc0a1c10 Unloading class 0x0000000801238400 'jdk/internal/reflect/GeneratedConstructorAccessor44'
Event: 188.971 Thread 0x00007f96bc0a1c10 Unloading class 0x000000080112cc00 'jdk/internal/reflect/GeneratedMethodAccessor11'
Event: 188.971 Thread 0x00007f96bc0a1c10 Unloading class 0x0000000801129000 'jdk/internal/reflect/GeneratedConstructorAccessor37'

Classes redefined (0 events):
No events

Internal exceptions (20 events):
Event: 44.059 Thread 0x00007f9620000ff0 Exception <a 'java/lang/NoSuchMethodError'{0x00000000f5a109c8}: 'java.lang.Object java.lang.invoke.DirectMethodHandle$Holder.invokeSpecial(java.lang.Object, java.lang.Object, java.lang.Object, int, java.lang.Object, java.lang.Object)'> (0x00000000f5a109c8) 
thrown [src/hotspot/share/interpreter/linkResolver.cpp, line 758]
Event: 44.262 Thread 0x00007f9620000ff0 Exception <a 'java/lang/NoSuchMethodError'{0x00000000f5c97708}: 'java.lang.Object java.lang.invoke.DirectMethodHandle$Holder.newInvokeSpecial(java.lang.Object, java.lang.Object, java.lang.Object, int, java.lang.Object)'> (0x00000000f5c97708) 
thrown [src/hotspot/share/interpreter/linkResolver.cpp, line 758]
Event: 44.262 Thread 0x00007f9620000ff0 Exception <a 'java/lang/NoSuchMethodError'{0x00000000f5c9c600}: 'java.lang.Object java.lang.invoke.DirectMethodHandle$Holder.invokeSpecial(java.lang.Object, java.lang.Object, java.lang.Object, java.lang.Object, int, java.lang.Object)'> (0x00000000f5c9c600) 
thrown [src/hotspot/share/interpreter/linkResolver.cpp, line 758]
Event: 44.263 Thread 0x00007f9620000ff0 Exception <a 'java/lang/NoSuchMethodError'{0x00000000f5ca0f80}: 'java.lang.Object java.lang.invoke.Invokers$Holder.linkToTargetMethod(java.lang.Object, java.lang.Object, int, java.lang.Object, java.lang.Object)'> (0x00000000f5ca0f80) 
thrown [src/hotspot/share/interpreter/linkResolver.cpp, line 758]
Event: 46.184 Thread 0x00007f96440010d0 Implicit null exception at 0x00007f96ab0cb2e9 to 0x00007f96ab0cb49b
Event: 56.952 Thread 0x00007f962c14aca0 Exception <a 'java/lang/NoSuchMethodError'{0x00000000f5863918}: 'java.lang.Object java.lang.invoke.DirectMethodHandle$Holder.invokeStatic(java.lang.Object, int, java.lang.Object, java.lang.Object, java.lang.Object, java.lang.Object)'> (0x00000000f5863918) 
thrown [src/hotspot/share/interpreter/linkResolver.cpp, line 758]
Event: 56.952 Thread 0x00007f962c148ca0 Exception <a 'java/lang/NoSuchMethodError'{0x00000000f5859548}: 'java.lang.Object java.lang.invoke.DirectMethodHandle$Holder.invokeStatic(java.lang.Object, int, java.lang.Object, java.lang.Object, java.lang.Object, java.lang.Object)'> (0x00000000f5859548) 
thrown [src/hotspot/share/interpreter/linkResolver.cpp, line 758]
Event: 56.953 Thread 0x00007f962c149ae0 Exception <a 'java/lang/NoSuchMethodError'{0x00000000f590abd0}: 'java.lang.Object java.lang.invoke.DirectMethodHandle$Holder.newInvokeSpecial(java.lang.Object, int, java.lang.Object, java.lang.Object, java.lang.Object)'> (0x00000000f590abd0) 
thrown [src/hotspot/share/interpreter/linkResolver.cpp, line 758]
Event: 57.043 Thread 0x00007f962c149ae0 Exception <a 'java/lang/NoSuchMethodError'{0x00000000f59126c0}: 'java.lang.Object java.lang.invoke.Invokers$Holder.linkToTargetMethod(int, java.lang.Object, java.lang.Object, java.lang.Object, java.lang.Object)'> (0x00000000f59126c0) 
thrown [src/hotspot/share/interpreter/linkResolver.cpp, line 758]
Event: 57.553 Thread 0x00007f962c14aca0 Exception <a 'java/lang/NoSuchMethodError'{0x00000000f5ca9130}: 'void java.lang.invoke.DirectMethodHandle$Holder.invokeSpecial(java.lang.Object, java.lang.Object, int)'> (0x00000000f5ca9130) 
thrown [src/hotspot/share/interpreter/linkResolver.cpp, line 758]
Event: 59.542 Thread 0x00007f962c149ae0 Exception <a 'java/lang/NoSuchMethodError'{0x00000000f5851418}: 'int java.lang.invoke.DirectMethodHandle$Holder.invokeSpecialIFC(java.lang.Object, java.lang.Object, java.lang.Object, java.lang.Object)'> (0x00000000f5851418) 
thrown [src/hotspot/share/interpreter/linkResolver.cpp, line 758]
Event: 59.542 Thread 0x00007f962c148ca0 Exception <a 'java/lang/NoSuchMethodError'{0x00000000f58183b0}: 'int java.lang.invoke.DirectMethodHandle$Holder.invokeSpecialIFC(java.lang.Object, java.lang.Object, java.lang.Object, java.lang.Object)'> (0x00000000f58183b0) 
thrown [src/hotspot/share/interpreter/linkResolver.cpp, line 758]
Event: 59.542 Thread 0x00007f962c14aca0 Exception <a 'java/lang/NoSuchMethodError'{0x00000000f5852cf8}: 'int java.lang.invoke.DirectMethodHandle$Holder.invokeSpecialIFC(java.lang.Object, java.lang.Object, java.lang.Object, java.lang.Object)'> (0x00000000f5852cf8) 
thrown [src/hotspot/share/interpreter/linkResolver.cpp, line 758]
Event: 168.064 Thread 0x00007f962c148ca0 Exception <a 'java/lang/ArrayIndexOutOfBoundsException'{0x00000000f746edb0}: Index 392 out of bounds for length 392> (0x00000000f746edb0) 
thrown [src/hotspot/share/interpreter/interpreterRuntime.cpp, line 428]
Event: 193.062 Thread 0x00007f962c148ca0 Exception <a 'java/lang/ArrayIndexOutOfBoundsException'{0x00000000f73e98b0}: Index 392 out of bounds for length 392> (0x00000000f73e98b0) 
thrown [src/hotspot/share/interpreter/interpreterRuntime.cpp, line 428]
Event: 624.985 Thread 0x00007f96504869f0 Exception <a 'java/lang/OutOfMemoryError'{0x00000000e0004108}> (0x00000000e0004108) 
thrown [src/hotspot/share/gc/shared/memAllocator.cpp, line 138]
Event: 624.985 Thread 0x00007f96504869f0 Implicit null exception at 0x00007f96ab204b8e to 0x00007f96ab20510a
Event: 630.667 Thread 0x00007f96504869f0 Exception <a 'java/lang/OutOfMemoryError'{0x00000000e0003b68}> (0x00000000e0003b68) 
thrown [src/hotspot/share/gc/shared/memAllocator.cpp, line 138]
Event: 630.667 Thread 0x00007f96504869f0 Implicit null exception at 0x00007f96ab203aed to 0x00007f96ab203b79
Event: 645.405 Thread 0x00007f96bc0b21e0 Exception <a 'java/lang/OutOfMemoryError'{0x00000000e00038e8}> (0x00000000e00038e8) 
thrown [src/hotspot/share/gc/shared/memAllocator.cpp, line 136]

VM Operations (20 events):
Event: 627.991 Executing VM operation: ParallelGCFailedAllocation
Event: 630.667 Executing VM operation: ParallelGCFailedAllocation done
Event: 630.667 Executing VM operation: ParallelGCFailedAllocation
Event: 632.079 Executing VM operation: ParallelGCFailedAllocation done
Event: 632.079 Executing VM operation: ParallelGCFailedAllocation
Event: 633.461 Executing VM operation: ParallelGCFailedAllocation done
Event: 633.461 Executing VM operation: ParallelGCFailedAllocation
Event: 635.043 Executing VM operation: ParallelGCFailedAllocation done
Event: 635.043 Executing VM operation: ParallelGCFailedAllocation
Event: 636.494 Executing VM operation: ParallelGCFailedAllocation done
Event: 636.494 Executing VM operation: ParallelGCFailedAllocation
Event: 637.984 Executing VM operation: ParallelGCFailedAllocation done
Event: 637.984 Executing VM operation: ParallelGCFailedAllocation
Event: 639.394 Executing VM operation: ParallelGCFailedAllocation done
Event: 639.394 Executing VM operation: ParallelGCFailedAllocation
Event: 640.980 Executing VM operation: ParallelGCFailedAllocation done
Event: 640.980 Executing VM operation: ParallelGCFailedAllocation
Event: 642.462 Executing VM operation: ParallelGCFailedAllocation done
Event: 642.462 Executing VM operation: ParallelGCFailedAllocation
Event: 645.405 Executing VM operation: ParallelGCFailedAllocation done

Events (20 events):
Event: 191.371 loading class java/util/stream/ReferencePipeline$4
Event: 191.371 loading class java/util/stream/ReferencePipeline$4 done
Event: 191.372 loading class java/util/stream/Nodes$IntFixedNodeBuilder
Event: 191.372 loading class java/util/stream/Node$Builder$OfInt
Event: 191.372 loading class java/util/stream/Node$Builder$OfInt done
Event: 191.372 loading class java/util/stream/Nodes$IntArrayNode
Event: 191.442 loading class java/util/stream/Nodes$IntArrayNode done
Event: 191.442 loading class java/util/stream/Nodes$IntFixedNodeBuilder done
Event: 193.060 loading class java/util/stream/ReferencePipeline$4$1
Event: 193.060 loading class java/util/stream/ReferencePipeline$4$1 done
Event: 196.852 Thread 0x00007f962c148ca0 Thread exited: 0x00007f962c148ca0
Event: 338.505 loading class java/io/InterruptedIOException
Event: 338.505 loading class java/io/InterruptedIOException done
Event: 338.505 loading class javax/net/ssl/SSLException
Event: 338.505 loading class javax/net/ssl/SSLException done
Event: 371.443 loading class java/lang/AssertionError
Event: 380.083 loading class java/lang/AssertionError done
Event: 393.849 Thread 0x00007f960c001dd0 Thread exited: 0x00007f960c001dd0
Event: 393.850 Thread 0x00007f962042e8f0 Thread exited: 0x00007f962042e8f0
Event: 435.582 Thread 0x00007f962042f660 Thread exited: 0x00007f962042f660


Dynamic libraries:
e0000000-f5580000 rw-p 00000000 00:00 0 
f5580000-f8f80000 rw-p 00000000 00:00 0 
f8f80000-100000000 ---p 00000000 00:00 0 
800000000-800449000 rw-p 00001000 00:153f 4611686019135357769            /nix/store/gpxl5qgg8kicmcvivwmybwjlpf7wh20l-graalvm17-ce-22.3.0/lib/server/classes.jsa
800449000-800bc8000 r--p 0044a000 00:153f 4611686019135357769            /nix/store/gpxl5qgg8kicmcvivwmybwjlpf7wh20l-graalvm17-ce-22.3.0/lib/server/classes.jsa
800bc8000-800c00000 ---p 00000000 00:00 0 
800c00000-800c20000 rw-p 00000000 00:00 0 
800c20000-800c40000 rw-p 00000000 00:00 0 
800c40000-800cc0000 rw-p 00000000 00:00 0 
800cc0000-800d00000 rw-p 00000000 00:00 0 
800d00000-800dc0000 rw-p 00000000 00:00 0 
800dc0000-800e00000 rw-p 00000000 00:00 0 
800e00000-800f40000 rw-p 00000000 00:00 0 
800f40000-800fc0000 rw-p 00000000 00:00 0 
800fc0000-801000000 rw-p 00000000 00:00 0 
801000000-801250000 rw-p 00000000 00:00 0 
801250000-840c00000 ---p 00000000 00:00 0 
55b4eb9d1000-55b4eb9d2000 r-xp 00000000 00:153f 4611686019099417844      /nix/store/gpxl5qgg8kicmcvivwmybwjlpf7wh20l-graalvm17-ce-22.3.0/bin/.java-wrapped
55b4eb9d3000-55b4eb9d4000 r--p 00001000 00:153f 4611686019099417844      /nix/store/gpxl5qgg8kicmcvivwmybwjlpf7wh20l-graalvm17-ce-22.3.0/bin/.java-wrapped
55b4eb9d4000-55b4eb9d5000 rw-p 00002000 00:153f 4611686019099417844      /nix/store/gpxl5qgg8kicmcvivwmybwjlpf7wh20l-graalvm17-ce-22.3.0/bin/.java-wrapped
55b4eb9d5000-55b4eb9d6000 rw-p 00004000 00:153f 4611686019099417844      /nix/store/gpxl5qgg8kicmcvivwmybwjlpf7wh20l-graalvm17-ce-22.3.0/bin/.java-wrapped
55b4eb9d6000-55b4eb9d7000 rw-p 00005000 00:153f 4611686019099417844      /nix/store/gpxl5qgg8kicmcvivwmybwjlpf7wh20l-graalvm17-ce-22.3.0/bin/.java-wrapped
55b4ec5b5000-55b4ec5fd000 rw-p 00000000 00:00 0                          [heap]
7f95e4000000-7f95e40a2000 rw-p 00000000 00:00 0 
7f95e40a2000-7f95e8000000 ---p 00000000 00:00 0 
7f95ec000000-7f95ec07f000 rw-p 00000000 00:00 0 
7f95ec07f000-7f95f0000000 ---p 00000000 00:00 0 
7f95f0000000-7f95f0070000 rw-p 00000000 00:00 0 
7f95f0070000-7f95f4000000 ---p 00000000 00:00 0 
7f95f4000000-7f95f4037000 rw-p 00000000 00:00 0 
7f95f4037000-7f95f8000000 ---p 00000000 00:00 0 
7f95f8000000-7f95f8067000 rw-p 00000000 00:00 0 
7f95f8067000-7f95fc000000 ---p 00000000 00:00 0 
7f95fc000000-7f95fc021000 rw-p 00000000 00:00 0 
7f95fc021000-7f9600000000 ---p 00000000 00:00 0 
7f9600000000-7f9600021000 rw-p 00000000 00:00 0 
7f9600021000-7f9604000000 ---p 00000000 00:00 0 
7f9604000000-7f9604021000 rw-p 00000000 00:00 0 
7f9604021000-7f9608000000 ---p 00000000 00:00 0 
7f9608000000-7f9608021000 rw-p 00000000 00:00 0 
7f9608021000-7f960c000000 ---p 00000000 00:00 0 
7f960c000000-7f960c021000 rw-p 00000000 00:00 0 
7f960c021000-7f9610000000 ---p 00000000 00:00 0 
7f96124b3000-7f961c000000 r--s 00000000 00:153f 4611686019135192581      /nix/store/gpxl5qgg8kicmcvivwmybwjlpf7wh20l-graalvm17-ce-22.3.0/lib/modules
7f961c000000-7f961c021000 rw-p 00000000 00:00 0 
7f961c021000-7f9620000000 ---p 00000000 00:00 0 
7f9620000000-7f9620520000 rw-p 00000000 00:00 0 
7f9620520000-7f9624000000 ---p 00000000 00:00 0 
7f9624400000-7f9624900000 rw-p 00000000 00:00 0 
7f9624900000-7f9624930000 rw-p 00000000 00:00 0 
7f9624930000-7f9624a00000 ---p 00000000 00:00 0 
7f9624a00000-7f9624b30000 rw-p 00000000 00:00 0 
7f9624b30000-7f9624c00000 ---p 00000000 00:00 0 
7f9625400000-7f9625580000 rw-p 00000000 00:00 0 
7f9625580000-7f9625600000 rw-p 00000000 00:00 0 
7f9625600000-7f9625a00000 rw-p 00000000 00:00 0 
7f9625a00000-7f9625c00000 rw-p 00000000 00:00 0 
7f9627000000-7f9627100000 rw-p 00000000 00:00 0 
7f9627100000-7f9627200000 rw-p 00000000 00:00 0 
7f9627200000-7f9627800000 rw-p 00000000 00:00 0 
7f9627800000-7f9627900000 rw-p 00000000 00:00 0 
7f9627900000-7f9627b00000 rw-p 00000000 00:00 0 
7f9627b00000-7f9627d00000 rw-p 00000000 00:00 0 
7f9627d00000-7f9627e00000 rw-p 00000000 00:00 0 
7f9627e00000-7f9628000000 rw-p 00000000 00:00 0 
7f9628000000-7f96280ed000 rw-p 00000000 00:00 0 
7f96280ed000-7f962c000000 ---p 00000000 00:00 0 
7f962c000000-7f962c16e000 rw-p 00000000 00:00 0 
7f962c16e000-7f9630000000 ---p 00000000 00:00 0 
7f9630000000-7f9630021000 rw-p 00000000 00:00 0 
7f9630021000-7f9634000000 ---p 00000000 00:00 0 
7f9634000000-7f9634021000 rw-p 00000000 00:00 0 
7f9634021000-7f9638000000 ---p 00000000 00:00 0 
7f9638000000-7f96383d4000 rw-p 00000000 00:00 0 
7f96383d4000-7f963c000000 ---p 00000000 00:00 0 
7f963c000000-7f963c05d000 rw-p 00000000 00:00 0 
7f963c05d000-7f9640000000 ---p 00000000 00:00 0 
7f9640000000-7f9640021000 rw-p 00000000 00:00 0 
7f9640021000-7f9644000000 ---p 00000000 00:00 0 
7f9644000000-7f964406f000 rw-p 00000000 00:00 0 
7f964406f000-7f9648000000 ---p 00000000 00:00 0 
7f9648000000-7f9648021000 rw-p 00000000 00:00 0 
7f9648021000-7f964c000000 ---p 00000000 00:00 0 
7f964c000000-7f964c066000 rw-p 00000000 00:00 0 
7f964c066000-7f9650000000 ---p 00000000 00:00 0 
7f9650000000-7f96508c4000 rw-p 00000000 00:00 0 
7f96508c4000-7f9654000000 ---p 00000000 00:00 0 
7f9654000000-7f9654032000 rw-p 00000000 00:00 0 
7f9654032000-7f9658000000 ---p 00000000 00:00 0 
7f9658000000-7f9658021000 rw-p 00000000 00:00 0 
7f9658021000-7f965c000000 ---p 00000000 00:00 0 
7f965c000000-7f965c021000 rw-p 00000000 00:00 0 
7f965c021000-7f9660000000 ---p 00000000 00:00 0 
7f9660000000-7f9660021000 rw-p 00000000 00:00 0 
7f9660021000-7f9664000000 ---p 00000000 00:00 0 
7f9664000000-7f9664100000 rw-p 00000000 00:00 0 
7f9664100000-7f9664200000 rw-p 00000000 00:00 0 
7f9664200000-7f9664800000 rw-p 00000000 00:00 0 
7f9664800000-7f9664900000 rw-p 00000000 00:00 0 
7f9664900000-7f9664a00000 rw-p 00000000 00:00 0 
7f9664a00000-7f9664d00000 rw-p 00000000 00:00 0 
7f9664d00000-7f9664e00000 rw-p 00000000 00:00 0 
7f9664e00000-7f9665000000 rw-p 00000000 00:00 0 
7f9665200000-7f9665210000 r-xp 00000000 00:153c 366                      /home/runner/.cache/jdt-language-server/config/org.eclipse.equinox.launcher/org.eclipse.equinox.launcher.gtk.linux.x86_64_1.2.400.v20211117-0650/eclipse_11600.so
7f9665210000-7f966540f000 ---p 00010000 00:153c 366                      /home/runner/.cache/jdt-language-server/config/org.eclipse.equinox.launcher/org.eclipse.equinox.launcher.gtk.linux.x86_64_1.2.400.v20211117-0650/eclipse_11600.so
7f966540f000-7f9665410000 r--p 0000f000 00:153c 366                      /home/runner/.cache/jdt-language-server/config/org.eclipse.equinox.launcher/org.eclipse.equinox.launcher.gtk.linux.x86_64_1.2.400.v20211117-0650/eclipse_11600.so
7f9665410000-7f9665411000 rw-p 00010000 00:153c 366                      /home/runner/.cache/jdt-language-server/config/org.eclipse.equinox.launcher/org.eclipse.equinox.launcher.gtk.linux.x86_64_1.2.400.v20211117-0650/eclipse_11600.so
7f9666700000-7f9666800000 ---p 00000000 00:00 0 
7f9666800000-7f9666daf000 r--p 01122000 00:153f 4611686019135190040      /nix/store/gpxl5qgg8kicmcvivwmybwjlpf7wh20l-graalvm17-ce-22.3.0/lib/libjvmcicompiler.so
7f9666daf000-7f9666f00000 r--p 00000000 00:00 0 
7f9666f00000-7f9666f3d000 rw-p 00000000 00:00 0 
7f9666f3d000-7f966745d000 rw-p 0185f000 00:153f 4611686019135190040      /nix/store/gpxl5qgg8kicmcvivwmybwjlpf7wh20l-graalvm17-ce-22.3.0/lib/libjvmcicompiler.so
7f966745d000-7f9667844000 r--p 01d7f000 00:153f 4611686019135190040      /nix/store/gpxl5qgg8kicmcvivwmybwjlpf7wh20l-graalvm17-ce-22.3.0/lib/libjvmcicompiler.so
7f9667900000-7f9667904000 ---p 00000000 00:00 0 
7f9667904000-7f9667a00000 rw-p 00000000 00:00 0 
7f9667b00000-7f9667b04000 ---p 00000000 00:00 0 
7f9667b04000-7f9667c00000 rw-p 00000000 00:00 0 
7f9667c00000-7f9667c04000 ---p 00000000 00:00 0 
7f9667c04000-7f9667d00000 rw-p 00000000 00:00 0 
7f9667d00000-7f9667d04000 ---p 00000000 00:00 0 
7f9667d04000-7f9667e00000 rw-p 00000000 00:00 0 
7f9667f00000-7f9667f04000 ---p 00000000 00:00 0 
7f9667f04000-7f9668000000 rw-p 00000000 00:00 0 
7f9668100000-7f9668104000 ---p 00000000 00:00 0 
7f9668104000-7f9668200000 rw-p 00000000 00:00 0 
7f9668300000-7f9668304000 ---p 00000000 00:00 0 
7f9668304000-7f9668400000 rw-p 00000000 00:00 0 
7f9668500000-7f9668504000 ---p 00000000 00:00 0 
7f9668504000-7f9668600000 rw-p 00000000 00:00 0 
7f9668700000-7f9668704000 ---p 00000000 00:00 0 
7f9668704000-7f9668800000 rw-p 00000000 00:00 0 
7f9668800000-7f9668804000 ---p 00000000 00:00 0 
7f9668804000-7f9668900000 rw-p 00000000 00:00 0 
7f9668900000-7f9668904000 ---p 00000000 00:00 0 
7f9668904000-7f9668a00000 rw-p 00000000 00:00 0 
7f9669668000-7f9669b00000 rw-p 00000000 00:00 0 
7f9669c00000-7f966bd6a000 r-xp 00000000 00:153f 4611686019135190040      /nix/store/gpxl5qgg8kicmcvivwmybwjlpf7wh20l-graalvm17-ce-22.3.0/lib/libjvmcicompiler.so
7f966bd6a000-7f966bf69000 ---p 0216a000 00:153f 4611686019135190040      /nix/store/gpxl5qgg8kicmcvivwmybwjlpf7wh20l-graalvm17-ce-22.3.0/lib/libjvmcicompiler.so
7f966bf69000-7f966bf6a000 r--p 02169000 00:153f 4611686019135190040      /nix/store/gpxl5qgg8kicmcvivwmybwjlpf7wh20l-graalvm17-ce-22.3.0/lib/libjvmcicompiler.so
7f966bf6a000-7f966bf6c000 rw-p 0216a000 00:153f 4611686019135190040      /nix/store/gpxl5qgg8kicmcvivwmybwjlpf7wh20l-graalvm17-ce-22.3.0/lib/libjvmcicompiler.so
7f966bf6c000-7f966bf6d000 rw-p 00000000 00:00 0 
7f966bf6d000-7f966bf72000 rw-p 023c3000 00:153f 4611686019135190040      /nix/store/gpxl5qgg8kicmcvivwmybwjlpf7wh20l-graalvm17-ce-22.3.0/lib/libjvmcicompiler.so
7f966c000000-7f966c021000 rw-p 00000000 00:00 0 
7f966c021000-7f9670000000 ---p 00000000 00:00 0 
7f9670000000-7f9670021000 rw-p 00000000 00:00 0 
7f9670021000-7f9674000000 ---p 00000000 00:00 0 
7f9674000000-7f9674021000 rw-p 00000000 00:00 0 
7f9674021000-7f9678000000 ---p 00000000 00:00 0 
7f9678000000-7f9678021000 rw-p 00000000 00:00 0 
7f9678021000-7f967c000000 ---p 00000000 00:00 0 
7f967c000000-7f967c0e7000 rw-p 00000000 00:00 0 
7f967c0e7000-7f9680000000 ---p 00000000 00:00 0 
7f9680000000-7f9680c0f000 rw-p 00000000 00:00 0 
7f9680c0f000-7f9684000000 ---p 00000000 00:00 0 
7f9684000000-7f9684021000 rw-p 00000000 00:00 0 
7f9684021000-7f9688000000 ---p 00000000 00:00 0 
7f9688000000-7f9688021000 rw-p 00000000 00:00 0 
7f9688021000-7f968c000000 ---p 00000000 00:00 0 
7f968c000000-7f968c021000 rw-p 00000000 00:00 0 
7f968c021000-7f9690000000 ---p 00000000 00:00 0 
7f9690000000-7f9690021000 rw-p 00000000 00:00 0 
7f9690021000-7f9694000000 ---p 00000000 00:00 0 
7f9694000000-7f9694021000 rw-p 00000000 00:00 0 
7f9694021000-7f9698000000 ---p 00000000 00:00 0 
7f9698000000-7f9698021000 rw-p 00000000 00:00 0 
7f9698021000-7f969c000000 ---p 00000000 00:00 0 
7f969c000000-7f969c128000 rw-p 00000000 00:00 0 
7f969c128000-7f96a0000000 ---p 00000000 00:00 0 
7f96a0000000-7f96a0004000 ---p 00000000 00:00 0 
7f96a0004000-7f96a0100000 rw-p 00000000 00:00 0 
7f96a0100000-7f96a0104000 ---p 00000000 00:00 0 
7f96a0104000-7f96a0200000 rw-p 00000000 00:00 0 
7f96a0200000-7f96a0204000 ---p 00000000 00:00 0 
7f96a0204000-7f96a0300000 rw-p 00000000 00:00 0 
7f96a0300000-7f96a0304000 ---p 00000000 00:00 0 
7f96a0304000-7f96a0400000 rw-p 00000000 00:00 0 
7f96a0400000-7f96a0404000 ---p 00000000 00:00 0 
7f96a0404000-7f96a0500000 rw-p 00000000 00:00 0 
7f96a0500000-7f96a0504000 ---p 00000000 00:00 0 
7f96a0504000-7f96a0600000 rw-p 00000000 00:00 0 
7f96a0600000-7f96a0604000 ---p 00000000 00:00 0 
7f96a0604000-7f96a0700000 rw-p 00000000 00:00 0 
7f96a0700000-7f96a0704000 ---p 00000000 00:00 0 
7f96a0704000-7f96a0800000 rw-p 00000000 00:00 0 
7f96a0800000-7f96a0804000 ---p 00000000 00:00 0 
7f96a0804000-7f96a0900000 rw-p 00000000 00:00 0 
7f96a0900000-7f96a0904000 ---p 00000000 00:00 0 
7f96a0904000-7f96a0a00000 rw-p 00000000 00:00 0 
7f96a0a00000-7f96a0a04000 ---p 00000000 00:00 0 
7f96a0a04000-7f96a0b00000 rw-p 00000000 00:00 0 
7f96a0b00000-7f96a0b04000 ---p 00000000 00:00 0 
7f96a0b04000-7f96a0c00000 rw-p 00000000 00:00 0 
7f96a0c00000-7f96a0c04000 ---p 00000000 00:00 0 
7f96a0c04000-7f96a0d00000 rw-p 00000000 00:00 0 
7f96a0e00000-7f96a0e04000 ---p 00000000 00:00 0 
7f96a0e04000-7f96a0f00000 rw-p 00000000 00:00 0 
7f96a0ffe000-7f96a1002000 ---p 00000000 00:00 0 
7f96a1002000-7f96a10fe000 rw-p 00000000 00:00 0 
7f96a10fe000-7f96a10ff000 ---p 00000000 00:00 0 
7f96a10ff000-7f96a1200000 rw-p 00000000 00:00 0 
7f96a1200000-7f96a1204000 ---p 00000000 00:00 0 
7f96a1204000-7f96a1300000 rw-p 00000000 00:00 0 
7f96a1300000-7f96a1304000 ---p 00000000 00:00 0 
7f96a1304000-7f96a1400000 rw-p 00000000 00:00 0 
7f96a1400000-7f96a1404000 ---p 00000000 00:00 0 
7f96a1404000-7f96a1500000 rw-p 00000000 00:00 0 
7f96a1500000-7f96a1504000 ---p 00000000 00:00 0 
7f96a1504000-7f96a1700000 rw-p 00000000 00:00 0 
7f96a1700000-7f96a1704000 ---p 00000000 00:00 0 
7f96a1704000-7f96a1900000 rw-p 00000000 00:00 0 
7f96a1900000-7f96a1904000 ---p 00000000 00:00 0 
7f96a1904000-7f96a1a00000 rw-p 00000000 00:00 0 
7f96a1a00000-7f96a1a04000 ---p 00000000 00:00 0 
7f96a1a04000-7f96a1b00000 rw-p 00000000 00:00 0 
7f96a1b00000-7f96a1b04000 ---p 00000000 00:00 0 
7f96a1b04000-7f96a2000000 rw-p 00000000 00:00 0 
7f96a2000000-7f96a2300000 rw-p 00000000 00:00 0 
7f96a2300000-7f96a2400000 rw-p 00000000 00:00 0 
7f96a24b3000-7f96a34b3000 rw-p 00000000 00:00 0 
7f96a34b3000-7f96a3723000 rwxp 00000000 00:00 0 
7f96a3723000-7f96a3a42000 ---p 00000000 00:00 0 
7f96a3a42000-7f96a4b52000 rwxp 00000000 00:00 0 
7f96a4b52000-7f96aaf7a000 ---p 00000000 00:00 0 
7f96aaf7a000-7f96ab23a000 rwxp 00000000 00:00 0 
7f96ab23a000-7f96b24b3000 ---p 00000000 00:00 0 
7f96b24b3000-7f96bc000000 r--s 00000000 00:153f 4611686019135192581      /nix/store/gpxl5qgg8kicmcvivwmybwjlpf7wh20l-graalvm17-ce-22.3.0/lib/modules
7f96bc000000-7f96bc644000 rw-p 00000000 00:00 0 
7f96bc644000-7f96c0000000 ---p 00000000 00:00 0 
7f96c004c000-7f96c004e000 r-xp 00000000 00:153f 4611686019135190017      /nix/store/gpxl5qgg8kicmcvivwmybwjlpf7wh20l-graalvm17-ce-22.3.0/lib/libextnet.so
7f96c004e000-7f96c004f000 r--p 00001000 00:153f 4611686019135190017      /nix/store/gpxl5qgg8kicmcvivwmybwjlpf7wh20l-graalvm17-ce-22.3.0/lib/libextnet.so
7f96c004f000-7f96c0050000 rw-p 00002000 00:153f 4611686019135190017      /nix/store/gpxl5qgg8kicmcvivwmybwjlpf7wh20l-graalvm17-ce-22.3.0/lib/libextnet.so
7f96c0050000-7f96c0051000 rw-p 00004000 00:153f 4611686019135190017      /nix/store/gpxl5qgg8kicmcvivwmybwjlpf7wh20l-graalvm17-ce-22.3.0/lib/libextnet.so
7f96c0051000-7f96c0055000 ---p 00000000 00:00 0 
7f96c0055000-7f96c0073000 rw-p 00000000 00:00 0 
7f96c0073000-7f96c007a000 r-xp 00000000 00:153f 4611686019135192580      /nix/store/gpxl5qgg8kicmcvivwmybwjlpf7wh20l-graalvm17-ce-22.3.0/lib/libzip.so
7f96c007a000-7f96c007b000 ---p 00007000 00:153f 4611686019135192580      /nix/store/gpxl5qgg8kicmcvivwmybwjlpf7wh20l-graalvm17-ce-22.3.0/lib/libzip.so
7f96c007b000-7f96c007c000 r--p 00007000 00:153f 4611686019135192580      /nix/store/gpxl5qgg8kicmcvivwmybwjlpf7wh20l-graalvm17-ce-22.3.0/lib/libzip.so
7f96c007c000-7f96c007d000 rw-p 00008000 00:153f 4611686019135192580      /nix/store/gpxl5qgg8kicmcvivwmybwjlpf7wh20l-graalvm17-ce-22.3.0/lib/libzip.so
7f96c007d000-7f96c007f000 rw-p 0000b000 00:153f 4611686019135192580      /nix/store/gpxl5qgg8kicmcvivwmybwjlpf7wh20l-graalvm17-ce-22.3.0/lib/libzip.so
7f96c007f000-7f96c0094000 r-xp 00000000 00:153f 4611686019135192570      /nix/store/gpxl5qgg8kicmcvivwmybwjlpf7wh20l-graalvm17-ce-22.3.0/lib/libnet.so
7f96c0094000-7f96c0095000 ---p 00015000 00:153f 4611686019135192570      /nix/store/gpxl5qgg8kicmcvivwmybwjlpf7wh20l-graalvm17-ce-22.3.0/lib/libnet.so
7f96c0095000-7f96c0096000 r--p 00015000 00:153f 4611686019135192570      /nix/store/gpxl5qgg8kicmcvivwmybwjlpf7wh20l-graalvm17-ce-22.3.0/lib/libnet.so
7f96c0096000-7f96c0097000 rw-p 00016000 00:153f 4611686019135192570      /nix/store/gpxl5qgg8kicmcvivwmybwjlpf7wh20l-graalvm17-ce-22.3.0/lib/libnet.so
7f96c0097000-7f96c009a000 rw-p 0001b000 00:153f 4611686019135192570      /nix/store/gpxl5qgg8kicmcvivwmybwjlpf7wh20l-graalvm17-ce-22.3.0/lib/libnet.so
7f96c009a000-7f96c00ad000 r-xp 00000000 00:153f 4611686019135192571      /nix/store/gpxl5qgg8kicmcvivwmybwjlpf7wh20l-graalvm17-ce-22.3.0/lib/libnio.so
7f96c00ad000-7f96c00ae000 r--p 00012000 00:153f 4611686019135192571      /nix/store/gpxl5qgg8kicmcvivwmybwjlpf7wh20l-graalvm17-ce-22.3.0/lib/libnio.so
7f96c00ae000-7f96c00af000 rw-p 00013000 00:153f 4611686019135192571      /nix/store/gpxl5qgg8kicmcvivwmybwjlpf7wh20l-graalvm17-ce-22.3.0/lib/libnio.so
7f96c00af000-7f96c00b4000 rw-p 00019000 00:153f 4611686019135192571      /nix/store/gpxl5qgg8kicmcvivwmybwjlpf7wh20l-graalvm17-ce-22.3.0/lib/libnio.so
7f96c00b4000-7f96c039a000 r--p 00000000 00:1464 28444448                 /usr/lib/locale/locale-archive
7f96c039a000-7f96c039e000 ---p 00000000 00:00 0 
7f96c039e000-7f96c049a000 rw-p 00000000 00:00 0 
7f96c049a000-7f96c049e000 ---p 00000000 00:00 0 
7f96c049e000-7f96c059a000 rw-p 00000000 00:00 0 
7f96c059a000-7f96c059b000 ---p 00000000 00:00 0 
7f96c059b000-7f96c069c000 rw-p 00000000 00:00 0 
7f96c069c000-7f96c076a000 r-xp 00000000 00:153f 4611686019135190036      /nix/store/gpxl5qgg8kicmcvivwmybwjlpf7wh20l-graalvm17-ce-22.3.0/lib/libjsvml.so
7f96c076a000-7f96c076b000 r--p 000cd000 00:153f 4611686019135190036      /nix/store/gpxl5qgg8kicmcvivwmybwjlpf7wh20l-graalvm17-ce-22.3.0/lib/libjsvml.so
7f96c076b000-7f96c076c000 rw-p 000ce000 00:153f 4611686019135190036      /nix/store/gpxl5qgg8kicmcvivwmybwjlpf7wh20l-graalvm17-ce-22.3.0/lib/libjsvml.so
7f96c076c000-7f96c1044000 rw-p 00000000 00:00 0 
7f96c1044000-7f96c1045000 ---p 00000000 00:00 0 
7f96c1045000-7f96c11f0000 rw-p 00000000 00:00 0 
7f96c11f0000-7f96c120e000 rw-p 00000000 00:00 0 
7f96c120e000-7f96c1246000 ---p 00000000 00:00 0 
7f96c1246000-7f96c124d000 rw-p 00000000 00:00 0 
7f96c124d000-7f96c1332000 ---p 00000000 00:00 0 
7f96c1332000-7f96c1355000 rw-p 00000000 00:00 0 
7f96c1355000-7f96c141d000 ---p 00000000 00:00 0 
7f96c141d000-7f96c1422000 rw-p 00000000 00:00 0 
7f96c1422000-7f96c1429000 ---p 00000000 00:00 0 
7f96c1429000-7f96c144d000 r-xp 00000000 00:153f 4611686019135190028      /nix/store/gpxl5qgg8kicmcvivwmybwjlpf7wh20l-graalvm17-ce-22.3.0/lib/libjava.so
7f96c144d000-7f96c144e000 ---p 00024000 00:153f 4611686019135190028      /nix/store/gpxl5qgg8kicmcvivwmybwjlpf7wh20l-graalvm17-ce-22.3.0/lib/libjava.so
7f96c144e000-7f96c144f000 r--p 00024000 00:153f 4611686019135190028      /nix/store/gpxl5qgg8kicmcvivwmybwjlpf7wh20l-graalvm17-ce-22.3.0/lib/libjava.so
7f96c144f000-7f96c1450000 rw-p 00025000 00:153f 4611686019135190028      /nix/store/gpxl5qgg8kicmcvivwmybwjlpf7wh20l-graalvm17-ce-22.3.0/lib/libjava.so
7f96c1450000-7f96c1451000 rw-p 00000000 00:00 0 
7f96c1451000-7f96c1458000 rw-p 0002f000 00:153f 4611686019135190028      /nix/store/gpxl5qgg8kicmcvivwmybwjlpf7wh20l-graalvm17-ce-22.3.0/lib/libjava.so
7f96c1458000-7f96c1460000 rw-s 00000000 00:321 363                       /tmp/hsperfdata_runner/23
7f96c1460000-7f96c1461000 ---p 00000000 00:00 0 
7f96c1461000-7f96c1462000 r--p 00000000 00:00 0 
7f96c1462000-7f96c1463000 rwxp 00000000 00:00 0 
7f96c1463000-7f96c147e000 r-xp 00000000 00:153f 4611686019135190032      /nix/store/gpxl5qgg8kicmcvivwmybwjlpf7wh20l-graalvm17-ce-22.3.0/lib/libjimage.so
7f96c147e000-7f96c147f000 ---p 0001b000 00:153f 4611686019135190032      /nix/store/gpxl5qgg8kicmcvivwmybwjlpf7wh20l-graalvm17-ce-22.3.0/lib/libjimage.so
7f96c147f000-7f96c1481000 r--p 0001b000 00:153f 4611686019135190032      /nix/store/gpxl5qgg8kicmcvivwmybwjlpf7wh20l-graalvm17-ce-22.3.0/lib/libjimage.so
7f96c1481000-7f96c1482000 rw-p 0001d000 00:153f 4611686019135190032      /nix/store/gpxl5qgg8kicmcvivwmybwjlpf7wh20l-graalvm17-ce-22.3.0/lib/libjimage.so
7f96c1482000-7f96c1483000 rw-p 00024000 00:153f 4611686019135190032      /nix/store/gpxl5qgg8kicmcvivwmybwjlpf7wh20l-graalvm17-ce-22.3.0/lib/libjimage.so
7f96c1483000-7f96c1487000 ---p 00000000 00:00 0 
7f96c1487000-7f96c1583000 rw-p 00000000 00:00 0 
7f96c1583000-7f96c1591000 r--p 00000000 00:153f 4611686019027979927      /nix/store/4nlgxhb09sdr51nc9hdm8az5b08vzkgx-glibc-2.35-163/lib/libm.so.6
7f96c1591000-7f96c1604000 r-xp 0000e000 00:153f 4611686019027979927      /nix/store/4nlgxhb09sdr51nc9hdm8az5b08vzkgx-glibc-2.35-163/lib/libm.so.6
7f96c1604000-7f96c1661000 r--p 00081000 00:153f 4611686019027979927      /nix/store/4nlgxhb09sdr51nc9hdm8az5b08vzkgx-glibc-2.35-163/lib/libm.so.6
7f96c1661000-7f96c1662000 r--p 000dd000 00:153f 4611686019027979927      /nix/store/4nlgxhb09sdr51nc9hdm8az5b08vzkgx-glibc-2.35-163/lib/libm.so.6
7f96c1662000-7f96c1663000 rw-p 000de000 00:153f 4611686019027979927      /nix/store/4nlgxhb09sdr51nc9hdm8az5b08vzkgx-glibc-2.35-163/lib/libm.so.6
7f96c1663000-7f96c1664000 r--p 00000000 00:153f 4611686019027979946      /nix/store/4nlgxhb09sdr51nc9hdm8az5b08vzkgx-glibc-2.35-163/lib/librt.so.1
7f96c1664000-7f96c1665000 r-xp 00001000 00:153f 4611686019027979946      /nix/store/4nlgxhb09sdr51nc9hdm8az5b08vzkgx-glibc-2.35-163/lib/librt.so.1
7f96c1665000-7f96c1666000 r--p 00002000 00:153f 4611686019027979946      /nix/store/4nlgxhb09sdr51nc9hdm8az5b08vzkgx-glibc-2.35-163/lib/librt.so.1
7f96c1666000-7f96c1667000 r--p 00002000 00:153f 4611686019027979946      /nix/store/4nlgxhb09sdr51nc9hdm8az5b08vzkgx-glibc-2.35-163/lib/librt.so.1
7f96c1667000-7f96c1668000 rw-p 00003000 00:153f 4611686019027979946      /nix/store/4nlgxhb09sdr51nc9hdm8az5b08vzkgx-glibc-2.35-163/lib/librt.so.1
7f96c1668000-7f96c277b000 r-xp 00000000 00:153f 4611686019135360866      /nix/store/gpxl5qgg8kicmcvivwmybwjlpf7wh20l-graalvm17-ce-22.3.0/lib/server/libjvm.so
7f96c277b000-7f96c277c000 ---p 01113000 00:153f 4611686019135360866      /nix/store/gpxl5qgg8kicmcvivwmybwjlpf7wh20l-graalvm17-ce-22.3.0/lib/server/libjvm.so
7f96c277c000-7f96c2831000 r--p 01113000 00:153f 4611686019135360866      /nix/store/gpxl5qgg8kicmcvivwmybwjlpf7wh20l-graalvm17-ce-22.3.0/lib/server/libjvm.so
7f96c2831000-7f96c2865000 rw-p 011c8000 00:153f 4611686019135360866      /nix/store/gpxl5qgg8kicmcvivwmybwjlpf7wh20l-graalvm17-ce-22.3.0/lib/server/libjvm.so
7f96c2865000-7f96c28c1000 rw-p 00000000 00:00 0 
7f96c28c1000-7f96c28e9000 r--p 00000000 00:153f 4611686019027979918      /nix/store/4nlgxhb09sdr51nc9hdm8az5b08vzkgx-glibc-2.35-163/lib/libc.so.6
7f96c28e9000-7f96c2a5f000 r-xp 00028000 00:153f 4611686019027979918      /nix/store/4nlgxhb09sdr51nc9hdm8az5b08vzkgx-glibc-2.35-163/lib/libc.so.6
7f96c2a5f000-7f96c2ab7000 r--p 0019e000 00:153f 4611686019027979918      /nix/store/4nlgxhb09sdr51nc9hdm8az5b08vzkgx-glibc-2.35-163/lib/libc.so.6
7f96c2ab7000-7f96c2abb000 r--p 001f6000 00:153f 4611686019027979918      /nix/store/4nlgxhb09sdr51nc9hdm8az5b08vzkgx-glibc-2.35-163/lib/libc.so.6
7f96c2abb000-7f96c2abd000 rw-p 001fa000 00:153f 4611686019027979918      /nix/store/4nlgxhb09sdr51nc9hdm8az5b08vzkgx-glibc-2.35-163/lib/libc.so.6
7f96c2abd000-7f96c2acc000 rw-p 00000000 00:00 0 
7f96c2acc000-7f96c2acd000 r--p 00000000 00:153f 4611686019027979923      /nix/store/4nlgxhb09sdr51nc9hdm8az5b08vzkgx-glibc-2.35-163/lib/libdl.so.2
7f96c2acd000-7f96c2ace000 r-xp 00001000 00:153f 4611686019027979923      /nix/store/4nlgxhb09sdr51nc9hdm8az5b08vzkgx-glibc-2.35-163/lib/libdl.so.2
7f96c2ace000-7f96c2acf000 r--p 00002000 00:153f 4611686019027979923      /nix/store/4nlgxhb09sdr51nc9hdm8az5b08vzkgx-glibc-2.35-163/lib/libdl.so.2
7f96c2acf000-7f96c2ad0000 r--p 00002000 00:153f 4611686019027979923      /nix/store/4nlgxhb09sdr51nc9hdm8az5b08vzkgx-glibc-2.35-163/lib/libdl.so.2
7f96c2ad0000-7f96c2ad1000 rw-p 00003000 00:153f 4611686019027979923      /nix/store/4nlgxhb09sdr51nc9hdm8az5b08vzkgx-glibc-2.35-163/lib/libdl.so.2
7f96c2ad1000-7f96c2ad2000 r--p 00000000 00:153f 4611686019027979942      /nix/store/4nlgxhb09sdr51nc9hdm8az5b08vzkgx-glibc-2.35-163/lib/libpthread.so.0
7f96c2ad2000-7f96c2ad3000 r-xp 00001000 00:153f 4611686019027979942      /nix/store/4nlgxhb09sdr51nc9hdm8az5b08vzkgx-glibc-2.35-163/lib/libpthread.so.0
7f96c2ad3000-7f96c2ad4000 r--p 00002000 00:153f 4611686019027979942      /nix/store/4nlgxhb09sdr51nc9hdm8az5b08vzkgx-glibc-2.35-163/lib/libpthread.so.0
7f96c2ad4000-7f96c2ad5000 r--p 00002000 00:153f 4611686019027979942      /nix/store/4nlgxhb09sdr51nc9hdm8az5b08vzkgx-glibc-2.35-163/lib/libpthread.so.0
7f96c2ad5000-7f96c2ad6000 rw-p 00003000 00:153f 4611686019027979942      /nix/store/4nlgxhb09sdr51nc9hdm8az5b08vzkgx-glibc-2.35-163/lib/libpthread.so.0
7f96c2ad6000-7f96c2ae4000 r-xp 00000000 00:153f 4611686019135190033      /nix/store/gpxl5qgg8kicmcvivwmybwjlpf7wh20l-graalvm17-ce-22.3.0/lib/libjli.so
7f96c2ae4000-7f96c2ae5000 ---p 0000e000 00:153f 4611686019135190033      /nix/store/gpxl5qgg8kicmcvivwmybwjlpf7wh20l-graalvm17-ce-22.3.0/lib/libjli.so
7f96c2ae5000-7f96c2ae6000 r--p 0000e000 00:153f 4611686019135190033      /nix/store/gpxl5qgg8kicmcvivwmybwjlpf7wh20l-graalvm17-ce-22.3.0/lib/libjli.so
7f96c2ae6000-7f96c2ae7000 rw-p 0000f000 00:153f 4611686019135190033      /nix/store/gpxl5qgg8kicmcvivwmybwjlpf7wh20l-graalvm17-ce-22.3.0/lib/libjli.so
7f96c2ae7000-7f96c2ae8000 rw-p 00012000 00:153f 4611686019135190033      /nix/store/gpxl5qgg8kicmcvivwmybwjlpf7wh20l-graalvm17-ce-22.3.0/lib/libjli.so
7f96c2ae8000-7f96c2aeb000 r--p 00000000 00:153f 4611686019106210071      /nix/store/026hln0aq1hyshaxsdvhg0kmcm6yf45r-zlib-1.2.13/lib/libz.so.1.2.13
7f96c2aeb000-7f96c2afd000 r-xp 00003000 00:153f 4611686019106210071      /nix/store/026hln0aq1hyshaxsdvhg0kmcm6yf45r-zlib-1.2.13/lib/libz.so.1.2.13
7f96c2afd000-7f96c2b04000 r--p 00015000 00:153f 4611686019106210071      /nix/store/026hln0aq1hyshaxsdvhg0kmcm6yf45r-zlib-1.2.13/lib/libz.so.1.2.13
7f96c2b04000-7f96c2b05000 r--p 0001b000 00:153f 4611686019106210071      /nix/store/026hln0aq1hyshaxsdvhg0kmcm6yf45r-zlib-1.2.13/lib/libz.so.1.2.13
7f96c2b05000-7f96c2b06000 rw-p 0001c000 00:153f 4611686019106210071      /nix/store/026hln0aq1hyshaxsdvhg0kmcm6yf45r-zlib-1.2.13/lib/libz.so.1.2.13
7f96c2b06000-7f96c2b08000 rw-p 00000000 00:00 0 
7f96c2b08000-7f96c2b0a000 r--p 00000000 00:153f 4611686019027979912      /nix/store/4nlgxhb09sdr51nc9hdm8az5b08vzkgx-glibc-2.35-163/lib/ld-linux-x86-64.so.2
7f96c2b0a000-7f96c2b31000 r-xp 00002000 00:153f 4611686019027979912      /nix/store/4nlgxhb09sdr51nc9hdm8az5b08vzkgx-glibc-2.35-163/lib/ld-linux-x86-64.so.2
7f96c2b31000-7f96c2b3d000 r--p 00029000 00:153f 4611686019027979912      /nix/store/4nlgxhb09sdr51nc9hdm8az5b08vzkgx-glibc-2.35-163/lib/ld-linux-x86-64.so.2
7f96c2b3d000-7f96c2b3f000 r--p 00034000 00:153f 4611686019027979912      /nix/store/4nlgxhb09sdr51nc9hdm8az5b08vzkgx-glibc-2.35-163/lib/ld-linux-x86-64.so.2
7f96c2b3f000-7f96c2b41000 rw-p 00036000 00:153f 4611686019027979912      /nix/store/4nlgxhb09sdr51nc9hdm8az5b08vzkgx-glibc-2.35-163/lib/ld-linux-x86-64.so.2
7ffe84670000-7ffe84695000 rw-p 00000000 00:00 0                          [stack]
7ffe84738000-7ffe8473c000 r--p 00000000 00:00 0                          [vvar]
7ffe8473c000-7ffe8473e000 r-xp 00000000 00:00 0                          [vdso]
ffffffffff600000-ffffffffff601000 --xp 00000000 00:00 0                  [vsyscall]


VM Arguments:
jvm_args: -XX:ThreadPriorityPolicy=1 -XX:+UnlockExperimentalVMOptions -XX:+EnableJVMCIProduct -XX:JVMCIThreadsPerNativeLibraryRuntime=1 -XX:-UnlockExperimentalVMOptions -Declipse.application=org.eclipse.jdt.ls.core.id1 -Dosgi.bundles.defaultStartLevel=4 -Declipse.product=org.eclipse.jdt.ls.core.product -Dlog.level=ALL -Xverify:none -XX:+UseParallelGC -XX:GCTimeRatio=4 -XX:AdaptiveSizePolicyWeight=90 -Dsun.zip.disableMemoryMapping=true -Xmx512m -Xms100m 
java_command: /nix/store/m6gcpi1ii6rghy04cjwjddcavv7i90df-jdt-language-server-1.9.0/share/java/plugins/org.eclipse.equinox.launcher_1.6.400.v20210924-0641.jar --add-modules=ALL-SYSTEM --add-opens java.base/java.util=ALL-UNNAMED --add-opens java.base/java.lang=ALL-UNNAMED -configuration /home/runner/.cache/jdt-language-server/config -data /home/runner/.cache/jdt-language-server/data/home/runner/JavaBasics-1
java_class_path (initial): /nix/store/m6gcpi1ii6rghy04cjwjddcavv7i90df-jdt-language-server-1.9.0/share/java/plugins/org.eclipse.equinox.launcher_1.6.400.v20210924-0641.jar
Launcher Type: SUN_STANDARD

[Global flags]
    uintx AdaptiveSizePolicyWeight                 = 90                                        {product} {command line}
     intx CICompilerCount                          = 2                                         {product} {ergonomic}
     bool EnableJVMCIProduct                       = true                                {JVMCI product} {jimage}
    uintx GCTimeRatio                              = 4                                         {product} {command line}
   size_t InitialHeapSize                          = 104857600                                 {product} {command line}
     uint JVMCIThreadsPerNativeLibraryRuntime      = 1                                   {JVMCI product} {jimage}
   size_t MaxHeapSize                              = 536870912                                 {product} {command line}
   size_t MaxNewSize                               = 178782208                                 {product} {ergonomic}
   size_t MinHeapDeltaBytes                        = 524288                                    {product} {ergonomic}
   size_t MinHeapSize                              = 104857600                                 {product} {command line}
   size_t NewSize                                  = 34603008                                  {product} {ergonomic}
    uintx NonNMethodCodeHeapSize                   = 5826188                                {pd product} {ergonomic}
    uintx NonProfiledCodeHeapSize                  = 122916026                              {pd product} {ergonomic}
   size_t OldSize                                  = 70254592                                  {product} {ergonomic}
    uintx ProfiledCodeHeapSize                     = 122916026                              {pd product} {ergonomic}
    uintx ReservedCodeCacheSize                    = 251658240                              {pd product} {ergonomic}
     bool SegmentedCodeCache                       = true                                      {product} {ergonomic}
   size_t SoftMaxHeapSize                          = 536870912                              {manageable} {ergonomic}
     intx ThreadPriorityPolicy                     = 1                                         {product} {jimage}
     bool UseCompressedClassPointers               = true                           {product lp64_product} {ergonomic}
     bool UseCompressedOops                        = true                           {product lp64_product} {ergonomic}
     bool UseParallelGC                            = true                                      {product} {command line}

Logging:
Log output configuration:
 #0: stdout all=warning uptime,level,tags
 #1: stderr all=off uptime,level,tags

Environment Variables:
JAVA_HOME=/nix/store/gpxl5qgg8kicmcvivwmybwjlpf7wh20l-graalvm17-ce-22.3.0
PATH=/nix/store/1d6ian3r8kdzspw8hacjhl3xkp40g1lj-binutils-wrapper-2.39/bin:/nix/store/dq0xwmsk1g0i2ayg6pb7y87na2knzylh-gcc-wrapper-11.3.0/bin:/nix/store/bap4d0lpcrhpwmpb8ayjcgkmvfj62lnq-bash-interactive-5.1-p16/bin:/nix/store/pr5n59mb4jzmfx6kanwxly0l07p861fg-patchelf-0.15.0/bin:/nix/store/1gf2flfqnpqbr1b4p4qz2f72y42bs56r-gcc-11.3.0/bin:/nix/store/57xv61c5zi8pphjbcwxxjlgc34p61ic9-glibc-2.35-163-bin/bin:/nix/store/a7gvj343m05j2s32xcnwr35v31ynlypr-coreutils-9.1/bin:/nix/store/039g378vc3pc3dvi9dzdlrd0i4q93qwf-binutils-2.39/bin:/nix/store/gpxl5qgg8kicmcvivwmybwjlpf7wh20l-graalvm17-ce-22.3.0/bin:/nix/store/6z9ag3ihc8mq2hzsw48lhbznvzny65nz-apache-maven-3.8.6/bin:/nix/store/m6gcpi1ii6rghy04cjwjddcavv7i90df-jdt-language-server-1.9.0/bin:/nix/store/84xs5alhs01zrbr4ywm05kxbjbp5590l-java-debug/bin:/nix/store/mydc6f4k2z73xlcz7ilif3v2lcaiqvza-findutils-4.9.0/bin:/nix/store/j9p3g8472iijd50vhdprx0nmk2fqn5gv-diffutils-3.8/bin:/nix/store/89zs7rms6x00xfq4dq6m7mjnhkr8a6r4-gnused-4.8/bin:/nix/store/86bp03jkmsl6f92w0yzg4s59g5mhxwmy-gnugrep-3.7/bin:/nix/store/hwcdqw4jrjnd37wxqgsd47hd0j8bnj09-gawk-5.1.1/bin:/nix/store/cfbhw8r8ags41vwqaz47r583d0p4h4a1-gnutar-1.34/bin:/nix/store/p3m1ndl1lapwrlh698bnb5lvvxh67378-gzip-1.12/bin:/nix/store/a8mhcagrsly7c7mpjrpsnaahk4aax056-bzip2-1.0.8-bin/bin:/nix/store/mblgz65m3zv9x548a3d5m96fj2pbwr09-gnumake-4.3/bin:/nix/store/dsd5gz46hdbdk2rfdimqddhq6m8m8fqs-bash-5.1-p16/bin:/nix/store/v7ljksji50mg3w61dykaa3n3y79n6nil-patch-2.7.6/bin:/nix/store/zlcnmqq14jz5x9439jf937mvayyl63da-xz-5.2.7-bin/bin:/nix/store/y6aj732zm9m87c82fpvf103a1xb22blp-file-5.43/bin:/nix/store/i4kzir3m7mrisxmf5xvlnkw01x4qaqr4-prybar-elisp-0.0.0-e0d9a52/bin:/nix/store/lwwivxf6h7x3cvxp9zv8sj0mv7dak99r-prybar-lua-0.0.0-e0d9a52/bin:/nix/store/gxj28g1cg4hq3qanmjv07156h800qr58-prybar-python3-0.0.0-e0d9a52/bin:/nix/store/hshkjnxrgidigf8x75vg6lqng2xlx9i3-prybar-sqlite-0.0.0-e0d9a52/bin:/nix/store/c4w01bpjgyy5ixmwdk8m1pw87zq4sl26-prybar-tcl-0.0.0-e0d9a52/bin:/nix/store/hpbvrlwd5viqmvcaisb3x0118i913a9n-st
LD_LIBRARY_PATH=/nix/store/a4pff549sk2idnkpzk5nsfps3mdkdnvm-cups-2.4.2-lib/lib:/nix/store/72mqxxhh3cy5yifh92wh2yb8cl2hikyy-cairo-1.16.0/lib:/nix/store/2k366jrbsra97gjfxwvrhvixjfxdach5-glib-2.74.1/lib:/nix/store/2j2znigd8ak37rlwh9khz0ry3clqlw1l-gtk+3-3.24.34/lib:/nix/store/hisqvx32cd57apbpcsnkpx6k3549wql1-libglvnd-1.4.0/lib:/nix/store/p36pgcv991mq5srvg765b78yqpxvk3qs-mesa-21.3.3-drivers/lib:/nix/store/mav4251if1ahjq5vkpwycyyvnmy459c4-pulseaudio-14.2/lib
DISPLAY=:0
LANG=en_US.UTF-8

Signal Handlers:
   SIGSEGV: crash_handler in libjvm.so, mask=11100100010111111101111111111110, flags=SA_RESTART|SA_SIGINFO
    SIGBUS: crash_handler in libjvm.so, mask=11100100010111111101111111111110, flags=SA_RESTART|SA_SIGINFO
    SIGFPE: crash_handler in libjvm.so, mask=11100100010111111101111111111110, flags=SA_RESTART|SA_SIGINFO
   SIGPIPE: IsolateEnterStub_IgnoreSIGPIPEStartupHook_noopSignalHandler_8f19bff2f35b5f630d83b364d6b2339320d4ec70_216e8361c6bc87a8f89f58cc10d3b2fd4415bf87 in libjvmcicompiler.so, mask=00000000000000000000000000000000, flags=SA_RESTART
  *** Handler was modified!
  *** Expected: javaSignalHandler in libjvm.so, mask=11100100110111111111111111111110, flags=SA_RESTART|SA_SIGINFO
   SIGXFSZ: javaSignalHandler in libjvm.so, mask=11100100010111111101111111111110, flags=SA_RESTART|SA_SIGINFO
    SIGILL: crash_handler in libjvm.so, mask=11100100010111111101111111111110, flags=SA_RESTART|SA_SIGINFO
   SIGUSR2: SR_handler in libjvm.so, mask=00000000000000000000000000000000, flags=SA_RESTART|SA_SIGINFO
    SIGHUP: UserHandler in libjvm.so, mask=11100100010111111101111111111110, flags=SA_RESTART|SA_SIGINFO
    SIGINT: UserHandler in libjvm.so, mask=11100100010111111101111111111110, flags=SA_RESTART|SA_SIGINFO
   SIGTERM: UserHandler in libjvm.so, mask=11100100010111111101111111111110, flags=SA_RESTART|SA_SIGINFO
   SIGQUIT: UserHandler in libjvm.so, mask=11100100010111111101111111111110, flags=SA_RESTART|SA_SIGINFO
  *** Handler was modified!
  *** Expected: javaSignalHandler in libjvm.so, mask=11100100110111111111111111111110, flags=SA_RESTART|SA_SIGINFO
   SIGTRAP: crash_handler in libjvm.so, mask=11100100010111111101111111111110, flags=SA_RESTART|SA_SIGINFO


---------------  S Y S T E M  ---------------

OS:
DISTRIB_ID=Ubuntu
DISTRIB_RELEASE=20.04
DISTRIB_CODENAME=focal
DISTRIB_DESCRIPTION="Ubuntu 20.04.2 LTS"
uname: Linux 5.19.0-1022-gcp #24~22.04.1-Ubuntu SMP Sun Apr 23 09:51:08 UTC 2023 x86_64
OS uptime: 0 days 1:31 hours
libc: glibc 2.35 NPTL 2.35 
rlimit (soft/hard): STACK 8192k/infinity , CORE infinity/infinity , NPROC infinity/infinity , NOFILE 5242/5242 , AS infinity/infinity , CPU infinity/infinity , DATA infinity/infinity , FSIZE infinity/infinity , MEMLOCK 8192k/8192k
load average: 9.94 13.80 12.40

/proc/meminfo:
MemTotal:       65852256 kB
MemFree:        31069016 kB
MemAvailable:   50070692 kB
Buffers:         2085380 kB
Cached:         16037660 kB
SwapCached:            0 kB
Active:          7920732 kB
Inactive:       23564100 kB
Active(anon):      15152 kB
Inactive(anon): 13085124 kB
Active(file):    7905580 kB
Inactive(file): 10478976 kB
Unevictable:       56104 kB
Mlocked:           56104 kB
SwapTotal:             0 kB
SwapFree:              0 kB
Zswap:                 0 kB
Zswapped:              0 kB
Dirty:              2212 kB
Writeback:             0 kB
AnonPages:      13121616 kB
Mapped:          1695316 kB
Shmem:             42948 kB
KReclaimable:    1343720 kB
Slab:            2283968 kB
SReclaimable:    1343720 kB
SUnreclaim:       940248 kB
KernelStack:      415652 kB
PageTables:       169344 kB
NFS_Unstable:          0 kB
Bounce:                0 kB
WritebackTmp:          0 kB
CommitLimit:    32926128 kB
Committed_AS:   55817800 kB
VmallocTotal:   34359738367 kB
VmallocUsed:      453552 kB
VmallocChunk:          0 kB
Percpu:            44192 kB
HardwareCorrupted:     0 kB
AnonHugePages:   1200128 kB
ShmemHugePages:        0 kB
ShmemPmdMapped:        0 kB
FileHugePages:         0 kB
FilePmdMapped:         0 kB
HugePages_Total:       0
HugePages_Free:        0
HugePages_Rsvd:        0
HugePages_Surp:        0
Hugepagesize:       2048 kB
Hugetlb:               0 kB
DirectMap4k:     2466616 kB
DirectMap2M:    39473152 kB
DirectMap1G:    27262976 kB

/sys/kernel/mm/transparent_hugepage/enabled: always [madvise] never
/sys/kernel/mm/transparent_hugepage/defrag (defrag/compaction efforts parameter): always defer defer+madvise [madvise] never

Process Memory:
Virtual Size: 5054556K (peak: 5149504K)
Resident Set Size: 754632K (peak: 790632K) (anon: 559840K, file: 194792K, shmem: 0K)
Swapped out: 0K
C-Heap outstanding allocations: 44485K, retained: 12946K
glibc malloc tunables: (default)

/proc/sys/kernel/threads-max (system-wide limit on the number of threads): 514406
/proc/sys/vm/max_map_count (maximum number of memory map areas a process may have): 65530
/proc/sys/kernel/pid_max (system-wide limit on number of process identifiers): 4194304

container (cgroup) information:
container_type: cgroupv1
cpu_cpuset_cpus: 2-7
cpu_memory_nodes: 0
active_processor_count: 1
cpu_quota: 50000
cpu_period: 100000
cpu_shares: 512
memory_limit_in_bytes: 1048576 k
memory_and_swap_limit_in_bytes: 1048576 k
memory_soft_limit_in_bytes: 524288 k
memory_usage_in_bytes: 616240 k
memory_max_usage_in_bytes: 706792 k
maximum number of tasks: 1000
current number of tasks: 48

KVM virtualization detected
Steal ticks since vm start: 0
Steal ticks percentage since vm start:  0.000

CPU: total 8 (initial active 1) (8 cores per cpu, 2 threads per core) family 23 model 49 stepping 0 microcode 0xffffffff, cx8, cmov, fxsr, ht, mmx, 3dnowpref, sse, sse2, sse3, ssse3, sse4a, sse4.1, sse4.2, popcnt, lzcnt, tsc, tscinvbit, avx, avx2, aes, clmul, bmi1, bmi2, adx, sha, fma, vzeroupper, clflush, clflushopt, hv
CPU Model and flags from /proc/cpuinfo:
model name	: AMD EPYC 7B12
flags		: fpu vme de pse tsc msr pae mce cx8 apic sep mtrr pge mca cmov pat pse36 clflush mmx fxsr sse sse2 ht syscall nx mmxext fxsr_opt pdpe1gb rdtscp lm constant_tsc rep_good nopl nonstop_tsc cpuid extd_apicid tsc_known_freq pni pclmulqdq ssse3 fma cx16 sse4_1 sse4_2 movbe popcnt aes xsave avx f16c rdrand hypervisor lahf_lm cmp_legacy cr8_legacy abm sse4a misalignsse 3dnowprefetch osvw topoext ssbd ibrs ibpb stibp vmmcall fsgsbase tsc_adjust bmi1 avx2 smep bmi2 rdseed adx smap clflushopt clwb sha_ni xsaveopt xsavec xgetbv1 clzero xsaveerptr arat npt nrip_save umip rdpid

Online cpus: 0-7
Offline cpus: 
BIOS frequency limitation: <Not Available>
Frequency switch latency (ns): <Not Available>
Available cpu frequencies: <Not Available>
Current governor: <Not Available>
Core performance/turbo boost: <Not Available>

Memory: 4k page, physical 1048576k(432332k free), swap 0k(0k free)
Page Sizes: 4k

vm_info: OpenJDK 64-Bit Server VM (17.0.5+8-jvmci-22.3-b08) for linux-amd64 JRE (17.0.5+8-jvmci-22.3-b08), built on Oct 19 2022 09:01:27 by "buildslave" with gcc 10.3.0

END.
