#
# A fatal error has been detected by the Java Runtime Environment:
#
#  Internal Error (jvmciRuntime.cpp:1609), pid=42, tid=56
#  fatal error: Fatal exception in JVMCI: Error calling jdk.vm.ci.services.Services.serializeSavedProperties
#
# JRE version: OpenJDK Runtime Environment GraalVM CE 22.3.0 (17.0.5+8) (build 17.0.5+8-jvmci-22.3-b08)
# Java VM: OpenJDK 64-Bit Server VM GraalVM CE 22.3.0 (17.0.5+8-jvmci-22.3-b08, mixed mode, sharing, tiered, jvmci, jvmci compiler, compressed oops, compressed class ptrs, parallel gc, linux-amd64)
# Problematic frame:
# V  [libjvm.so+0x972714]  JVMCIRuntime::fatal_exception(JVMCIEnv*, char const*)+0x74
#
# Core dump will be written. Default location: Core dumps may be processed with "/usr/share/apport/apport -p%p -s%s -c%c -d%d -P%P -u%u -g%g -- %E" (or dumping to /home/runner/JavaBasics-1/core.42)
#
# If you would like to submit a bug report, please visit:
#   https://github.com/oracle/graal/issues
#

---------------  S U M M A R Y ------------

Command Line: -XX:ThreadPriorityPolicy=1 -XX:+UnlockExperimentalVMOptions -XX:+EnableJVMCIProduct -XX:JVMCIThreadsPerNativeLibraryRuntime=1 -XX:-UnlockExperimentalVMOptions -Declipse.application=org.eclipse.jdt.ls.core.id1 -Dosgi.bundles.defaultStartLevel=4 -Declipse.product=org.eclipse.jdt.ls.core.product -Dlog.level=ALL -Xverify:none -XX:+UseParallelGC -XX:GCTimeRatio=4 -XX:AdaptiveSizePolicyWeight=90 -Dsun.zip.disableMemoryMapping=true -Xmx512m -Xms100m /nix/store/m6gcpi1ii6rghy04cjwjddcavv7i90df-jdt-language-server-1.9.0/share/java/plugins/org.eclipse.equinox.launcher_1.6.400.v20210924-0641.jar --add-modules=ALL-SYSTEM --add-opens java.base/java.util=ALL-UNNAMED --add-opens java.base/java.lang=ALL-UNNAMED -configuration /home/runner/.cache/jdt-language-server/config -data /home/runner/.cache/jdt-language-server/data/home/runner/JavaBasics-1

Host: AMD EPYC 7B12, 8 cores, 1G, Ubuntu 20.04.2 LTS
Time: Tue May 30 19:32:21 2023 UTC elapsed time: 1097.683474 seconds (0d 0h 18m 17s)

---------------  T H R E A D  ---------------

Current thread (0x00007f74880b21e0):  JavaThread "JVMCI-native CompilerThread0" daemon [_thread_in_vm, id=56, stack(0x00007f748cb1a000,0x00007f748cd1a000)]


Current CompileTask:
JVMCI-native:1097683 9325       4       java.util.concurrent.locks.AbstractQueuedSynchronizer::acquireShared (20 bytes)

Stack: [0x00007f748cb1a000,0x00007f748cd1a000],  sp=0x00007f748cd18380,  free space=2040k
Native frames: (J=compiled Java code, j=interpreted, Vv=VM code, C=native code)
V  [libjvm.so+0x972714]  JVMCIRuntime::fatal_exception(JVMCIEnv*, char const*)+0x74
V  [libjvm.so+0x93e2fe]  JVMCIEnv::copy_saved_properties()+0x14e
V  [libjvm.so+0x9732a9]  JVMCIRuntime::initialize(JVMCIEnv*)+0xb19
V  [libjvm.so+0x9738a2]  JVMCIRuntime::get_HotSpotJVMCIRuntime(JVMCIEnv*)+0x12
V  [libjvm.so+0x9749f2]  JVMCIRuntime::compile_method(JVMCIEnv*, JVMCICompiler*, methodHandle const&, int)+0xd2
V  [libjvm.so+0x5b0d20]  CompileBroker::invoke_compiler_on_method(CompileTask*)+0x1470
V  [libjvm.so+0x5b12e8]  CompileBroker::compiler_thread_loop()+0x528
V  [libjvm.so+0xd82460]  JavaThread::thread_main_inner()+0xd0
V  [libjvm.so+0xd85a40]  Thread::call_run()+0xc0
V  [libjvm.so+0xbdb1e1]  thread_native_entry(Thread*)+0xe1

Register to memory mapping:

RAX=0x00007f748fc08000 points into unknown readable memory: 0x0000000000000058 | 58 00 00 00 00 00 00 00
RBX=0x00007f7490d03398: <offset 0x0000000000ef5398> in /nix/store/gpxl5qgg8kicmcvivwmybwjlpf7wh20l-graalvm17-ce-22.3.0/lib/server/libjvm.so at 0x00007f748fe0e000
RCX=0x00007f7490cbb1e8: <offset 0x0000000000ead1e8> in /nix/store/gpxl5qgg8kicmcvivwmybwjlpf7wh20l-graalvm17-ce-22.3.0/lib/server/libjvm.so at 0x00007f748fe0e000
RDX=0x0000000000000649 is an unknown value
RSP=0x00007f748cd18380 is pointing into the stack for thread: 0x00007f74880b21e0
RBP=0x00007f748cd183a0 is pointing into the stack for thread: 0x00007f74880b21e0
RSI=0x00007f7490d03c48: <offset 0x0000000000ef5c48> in /nix/store/gpxl5qgg8kicmcvivwmybwjlpf7wh20l-graalvm17-ce-22.3.0/lib/server/libjvm.so at 0x00007f748fe0e000
RDI=0x00000000e0000000 is an oop: java.lang.String 
{0x00000000e0000000} - klass: 'java/lang/String'
 - string: "resolution"
R8 =0x00007f7490d03398: <offset 0x0000000000ef5398> in /nix/store/gpxl5qgg8kicmcvivwmybwjlpf7wh20l-graalvm17-ce-22.3.0/lib/server/libjvm.so at 0x00007f748fe0e000
R9 =0x00007f748cd18330 is pointing into the stack for thread: 0x00007f74880b21e0
R10=0x00007f748cd19948 is pointing into the stack for thread: 0x00007f74880b21e0
R11=0x0000000000000293 is an unknown value
R12=0x0 is NULL
R13=0x00007f74880b21e0 is a thread
R14=0x00007f7488000b80 points into unknown readable memory: 0x00007f7490f34a38 | 38 4a f3 90 74 7f 00 00
R15=0x00007f7491042e40: <offset 0x0000000001234e40> in /nix/store/gpxl5qgg8kicmcvivwmybwjlpf7wh20l-graalvm17-ce-22.3.0/lib/server/libjvm.so at 0x00007f748fe0e000


Registers:
RAX=0x00007f748fc08000, RBX=0x00007f7490d03398, RCX=0x00007f7490cbb1e8, RDX=0x0000000000000649
RSP=0x00007f748cd18380, RBP=0x00007f748cd183a0, RSI=0x00007f7490d03c48, RDI=0x00000000e0000000
R8 =0x00007f7490d03398, R9 =0x00007f748cd18330, R10=0x00007f748cd19948, R11=0x0000000000000293
R12=0x0000000000000000, R13=0x00007f74880b21e0, R14=0x00007f7488000b80, R15=0x00007f7491042e40
RIP=0x00007f7490780714, EFLAGS=0x0000000000010206, CSGSFS=0x002b000000000033, ERR=0x0000000000000006
  TRAPNO=0x000000000000000e

Top of Stack: (sp=0x00007f748cd18380)
0x00007f748cd18380:   00007f748cd18940 00007f74880b21e0
0x00007f748cd18390:   00007f748e5998c8 0000000800c417a0
0x00007f748cd183a0:   00007f748cd18500 00007f749074c2fe
0x00007f748cd183b0:   00007f748cd183e0 00007f748cd18440 

Instructions: (pc=0x00007f7490780714)
0x00007f7490780614:   30 e8 f6 cf e8 ff 4c 89 e7 e8 2e 48 d1 ff 84 db
0x00007f7490780624:   75 2a 4d 85 ed 74 04 4d 8b 6d 00 48 83 c4 08 44
0x00007f7490780634:   89 f9 4c 89 f2 4c 89 ee 5b 4c 89 e7 41 5c 41 5d
0x00007f7490780644:   41 5e 41 5f 5d e9 e2 47 d1 ff 66 90 48 83 c4 08
0x00007f7490780654:   5b 41 5c 41 5d 41 5e 41 5f 5d c3 90 31 d2 be 08
0x00007f7490780664:   00 00 00 4c 89 ff e8 b1 78 a3 ff 49 89 c5 e9 37
0x00007f7490780674:   ff ff ff 66 0f 1f 84 00 00 00 00 00 48 8b 7a 08
0x00007f7490780684:   e9 6d ff ff ff 0f 1f 80 00 00 00 00 e8 5b 48 0a
0x00007f7490780694:   00 84 c0 75 89 e9 6a ff ff ff 66 90 55 48 89 e5
0x00007f74907806a4:   41 56 41 55 41 54 49 89 fc 53 48 89 f3 66 48 8d
0x00007f74907806b4:   3d 27 5e 85 00 66 66 48 e8 df 43 8d ff 4c 8b 28
0x00007f74907806c4:   8b 05 be 72 8a 00 85 c0 75 14 ba 01 00 00 00 48
0x00007f74907806d4:   8d 0d ae 72 8a 00 f0 0f b1 11 85 c0 74 4e be c8
0x00007f74907806e4:   00 00 00 4c 89 ef e8 01 0b 41 00 48 8d 05 12 ac
0x00007f74907806f4:   85 00 49 89 d8 48 8d 0d e8 aa 53 00 ba 49 06 00
0x00007f7490780704:   00 48 8d 35 3c 35 58 00 bf 00 00 00 e0 48 8b 00
0x00007f7490780714:   c6 00 58 31 c0 e8 e2 91 c6 ff 5b 41 5c 41 5d 41
0x00007f7490780724:   5e 5d e9 55 34 26 00 0f 1f 44 00 00 48 8d 05 81
0x00007f7490780734:   a3 8b 00 48 89 df 4c 8b 30 e8 9e 43 8d ff 48 89
0x00007f7490780744:   de 48 89 c2 49 8b 06 4c 89 f7 ff 50 08 4c 89 f7
0x00007f7490780754:   e8 a7 5c 27 00 4d 85 e4 74 12 be 01 00 00 00 4c
0x00007f7490780764:   89 e7 e8 35 43 fc ff eb 82 0f 1f 00 be 01 00 00
0x00007f7490780774:   00 4c 89 ef e8 d3 fd ff ff e9 6d ff ff ff 66 66
0x00007f7490780784:   2e 0f 1f 84 00 00 00 00 00 0f 1f 00 55 48 89 e5
0x00007f7490780794:   41 57 41 56 41 55 41 54 53 48 81 ec 08 02 00 00
0x00007f74907807a4:   64 48 8b 04 25 28 00 00 00 48 89 45 c8 8b 07 83
0x00007f74907807b4:   f8 02 0f 84 11 04 00 00 4c 8b 6f 18 49 89 ff 49
0x00007f74907807c4:   89 f4 4d 85 ed 74 14 4c 89 ef e8 5d 57 22 00 41
0x00007f74907807d4:   8b 07 83 f8 02 0f 84 19 04 00 00 48 8d 1d 9a 06
0x00007f74907807e4:   8a 00 4c 8d 35 0b 3c 58 00 eb 38 90 48 85 d2 7f
0x00007f74907807f4:   0d 48 8d 05 b4 c0 85 00 48 83 38 00 7e 0e 41 8b
0x00007f7490780804:   77 2c 4c 89 f7 31 c0 e8 a0 b2 f7 ff 49 8b 7f 18 


Stack slot to memory mapping:
stack at sp + 0 slots: 0x00007f748cd18940 is pointing into the stack for thread: 0x00007f74880b21e0
stack at sp + 1 slots: 0x00007f74880b21e0 is a thread
stack at sp + 2 slots: 0x00007f748e5998c8 points into unknown readable memory: 0x6573001880c9ffff | ff ff c9 80 18 00 73 65
stack at sp + 3 slots: 0x0000000800c417a0 is a pointer to class: 
jdk.vm.ci.services.Services {0x0000000800c417a0}
 - instance size:     2
 - klass size:        65
 - access:            public final synchronized 
 - state:             fully_initialized
 - name:              'jdk/vm/ci/services/Services'
 - super:             'java/lang/Object'
 - sub:               
 - arrays:            NULL
 - methods:           Array<T>(0x00007f748d441208)
 - method ordering:   Array<T>(0x0000000800928960)
 - default_methods:   Array<T>(0x0000000000000000)
 - local interfaces:  Array<T>(0x00000008005ce810)
 - trans. interfaces: Array<T>(0x00000008005ce810)
 - constants:         constant pool [427] {0x00007f748d4402e8} for 'jdk/vm/ci/services/Services' cache=0x00007f748d4424d8
 - class loader data:  loader data: 0x00007f74880283f0 of 'bootstrap'
 - source file:       'Services.java'
 - class annotations:       Array<T>(0x0000000000000000)
 - class type annotations:  Array<T>(0x0000000000000000)
 - field annotations:       Array<T>(0x0000000000000000)
 - field type annotations:  Array<T>(0x0000000000000000)
 - inner classes:     Array<T>(0x00007f748d4424a8)
 - nest members:     Array<T>(0x00007f748d4424c8)
 - permitted subclasses:     Array<T>(0x00000008005ce7a0)
 - java mirror:       a 'java/lang/Class'{0x00000000e0146848} = 'jdk/vm/ci/services/Services'
 - vtable length      5  (start addr: 0x0000000800c41970)
 - itable length      2 (start addr: 0x0000000800c41998)
 - ---- static fields (3 words):
 - public static final 'IS_BUILDING_NATIVE_IMAGE' 'Z' @128 
 - public static final 'IS_IN_NATIVE_IMAGE' 'Z' @129 
 - private static volatile 'savedProperties' 'Ljava/util/Map;' @112 
 - static final 'JVMCI_ENABLED' 'Z' @130 
 - private static final 'servicesCache' 'Ljava/util/Map;' @116 
 - private static final 'MAX_UNICODE_IN_UTF8_LENGTH' 'I' @120 
 - private static final 'MAX_UTF8_PROPERTY_STRING_LENGTH' 'I' @124 
 - ---- non-static fields (0 words):
 - non-static oop maps: 
stack at sp + 4 slots: 0x00007f748cd18500 is pointing into the stack for thread: 0x00007f74880b21e0
stack at sp + 5 slots: 0x00007f749074c2fe: <offset 0x000000000093e2fe> in /nix/store/gpxl5qgg8kicmcvivwmybwjlpf7wh20l-graalvm17-ce-22.3.0/lib/server/libjvm.so at 0x00007f748fe0e000
stack at sp + 6 slots: 0x00007f748cd183e0 is pointing into the stack for thread: 0x00007f74880b21e0
stack at sp + 7 slots: 0x00007f748cd18440 is pointing into the stack for thread: 0x00007f74880b21e0


---------------  P R O C E S S  ---------------

Threads class SMR info:
_java_thread_list=0x00007f73c8000ba0, length=27, elements={
0x00007f7488026690, 0x00007f74880a64d0, 0x00007f74880a7910, 0x00007f74880ae050,
0x00007f74880af400, 0x00007f74880b07f0, 0x00007f74880b21e0, 0x00007f74880b36f0,
0x00007f74880b4b40, 0x00007f74880df9b0, 0x00007f7488128060, 0x00007f7488313ba0,
0x00007f7488347080, 0x00007f7488349720, 0x00007f748860eab0, 0x00007f7420016db0,
0x00007f74202a0a90, 0x00007f74080010d0, 0x00007f742047ede0, 0x00007f74205ecf80,
0x00007f74883bb280, 0x00007f73f4476fc0, 0x00007f73f4000ff0, 0x00007f73f00e34c0,
0x00007f73f00e23c0, 0x00007f740c301030, 0x00007f73e80021d0
}

Java Threads: ( => current thread )
  0x00007f7488026690 JavaThread "main" [_thread_blocked, id=48, stack(0x00007f748fc29000,0x00007f748fd29000)]
  0x00007f74880a64d0 JavaThread "Reference Handler" daemon [_thread_blocked, id=51, stack(0x00007f748dc40000,0x00007f748dd40000)]
  0x00007f74880a7910 JavaThread "Finalizer" daemon [_thread_blocked, id=52, stack(0x00007f748d300000,0x00007f748d400000)]
  0x00007f74880ae050 JavaThread "Signal Dispatcher" daemon [_thread_blocked, id=53, stack(0x00007f748cf1a000,0x00007f748d01a000)]
  0x00007f74880af400 JavaThread "Service Thread" daemon [_thread_blocked, id=54, stack(0x00007f748ce1a000,0x00007f748cf1a000)]
  0x00007f74880b07f0 JavaThread "Monitor Deflation Thread" daemon [_thread_blocked, id=55, stack(0x00007f748cd1a000,0x00007f748ce1a000)]
=>0x00007f74880b21e0 JavaThread "JVMCI-native CompilerThread0" daemon [_thread_in_vm, id=56, stack(0x00007f748cb1a000,0x00007f748cd1a000)]
  0x00007f74880b36f0 JavaThread "C1 CompilerThread0" daemon [_thread_blocked, id=57, stack(0x00007f748c91a000,0x00007f748cb1a000)]
  0x00007f74880b4b40 JavaThread "Sweeper thread" daemon [_thread_blocked, id=58, stack(0x00007f748c81a000,0x00007f748c91a000)]
  0x00007f74880df9b0 JavaThread "Common-Cleaner" daemon [_thread_blocked, id=59, stack(0x00007f748c71a000,0x00007f748c81a000)]
  0x00007f7488128060 JavaThread "Notification Thread" daemon [_thread_blocked, id=60, stack(0x00007f748c61a000,0x00007f748c71a000)]
  0x00007f7488313ba0 JavaThread "Active Thread: Equinox Container: f3d70169-ca7b-4b5f-861d-b13b9194b3ad" [_thread_blocked, id=94, stack(0x00007f748c100000,0x00007f748c200000)]
  0x00007f7488347080 JavaThread "Framework Event Dispatcher: Equinox Container: f3d70169-ca7b-4b5f-861d-b13b9194b3ad" daemon [_thread_blocked, id=95, stack(0x00007f746f3b3000,0x00007f746f4b3000)]
  0x00007f7488349720 JavaThread "Start Level: Equinox Container: f3d70169-ca7b-4b5f-861d-b13b9194b3ad" daemon [_thread_blocked, id=96, stack(0x00007f746cf00000,0x00007f746d000000)]
  0x00007f748860eab0 JavaThread "Refresh Thread: Equinox Container: f3d70169-ca7b-4b5f-861d-b13b9194b3ad" daemon [_thread_blocked, id=97, stack(0x00007f746cd00000,0x00007f746ce00000)]
  0x00007f7420016db0 JavaThread "SCR Component Actor" daemon [_thread_blocked, id=98, stack(0x00007f748c2de000,0x00007f748c3de000)]
  0x00007f74202a0a90 JavaThread "Worker-JM" [_thread_blocked, id=108, stack(0x00007f746c900000,0x00007f746ca00000)]
  0x00007f74080010d0 JavaThread "Worker-1: Compacting resource model" [_thread_blocked, id=110, stack(0x00007f746c500000,0x00007f746c600000)]
  0x00007f742047ede0 JavaThread "Java indexing" daemon [_thread_blocked, id=111, stack(0x00007f746c300000,0x00007f746c400000)]
  0x00007f74205ecf80 JavaThread "Bundle File Closer" daemon [_thread_blocked, id=120, stack(0x00007f746c100000,0x00007f746c200000)]
  0x00007f74883bb280 JavaThread "pool-2-thread-1" [_thread_blocked, id=123, stack(0x00007f7436900000,0x00007f7436a00000)]
  0x00007f73f4476fc0 JavaThread "Okio Watchdog" daemon [_thread_blocked, id=188, stack(0x00007f7436100000,0x00007f7436200000)]
  0x00007f73f4000ff0 JavaThread "Worker-6: Periodic workspace save." [_thread_blocked, id=767, stack(0x00007f7436500000,0x00007f7436600000)]
  0x00007f73f00e34c0 JavaThread "Thread-7" [_thread_blocked, id=776, stack(0x00007f7436300000,0x00007f7436400000)]
  0x00007f73f00e23c0 JavaThread "Thread-8" [_thread_blocked, id=777, stack(0x00007f746c700000,0x00007f746c800000)]
  0x00007f740c301030 JavaThread "Worker-7" [_thread_blocked, id=1174, stack(0x00007f7436b00000,0x00007f7436c00000)]
  0x00007f73e80021d0 JavaThread "Worker-8" [_thread_blocked, id=2105, stack(0x00007f7436700000,0x00007f7436800000)]

Other Threads:
  0x00007f74880a1c10 VMThread "VM Thread" [stack: 0x00007f748dd42000,0x00007f748de42000] [id=50] _threads_hazard_ptr=0x00007f73c8000ba0
  0x00007f7488129a00 WatcherThread [stack: 0x00007f748c51a000,0x00007f748c61a000] [id=62]
  0x00007f748803df30 GCTaskThread "GC Thread#0" [stack: 0x00007f748f7ec000,0x00007f748f8ec000] [id=49]

Threads with active compile tasks:
JVMCI-native CompilerThread0  1097772 9325       4       java.util.concurrent.locks.AbstractQueuedSynchronizer::acquireShared (20 bytes)

VM state: synchronizing (normal execution)

VM Mutex/Monitor currently owned by a thread:  ([mutex/lock_event])
[0x00007f7488023840] Threads_lock - owner thread: 0x00007f74880a1c10
[0x00007f7488023ff0] Heap_lock - owner thread: 0x00007f742047ede0

OutOfMemory and StackOverflow Exception counts:
OutOfMemoryError java_heap_errors=16
LinkageErrors=73

Heap address: 0x00000000e0000000, size: 512 MB, Compressed Oops mode: 32-bit

CDS archive(s) mapped at: [0x0000000800000000-0x0000000800bc8000-0x0000000800bc8000), size 12353536, SharedBaseAddress: 0x0000000800000000, ArchiveRelocationMode: 0.
Compressed class space mapped at: 0x0000000800c00000-0x0000000840c00000, reserved size: 1073741824
Narrow klass base: 0x0000000800000000, Narrow klass shift: 0, Narrow klass range: 0x100000000

GC Precious Log:
 CPUs: 8 total, 1 available
 Memory: 1024M
 Large Page Support: Disabled
 NUMA Support: Disabled
 Compressed Oops: Enabled (32-bit)
 Alignments: Space 512K, Generation 512K, Heap 2M
 Heap Min Capacity: 100M
 Heap Initial Capacity: 100M
 Heap Max Capacity: 512M
 Pre-touch: Disabled
 Parallel Workers: 1

Heap:
 PSYoungGen      total 35840K, used 20479K [0x00000000f5580000, 0x00000000f8a80000, 0x0000000100000000)
  eden space 20480K, 99% used [0x00000000f5580000,0x00000000f697fff8,0x00000000f6980000)
  from space 15360K, 0% used [0x00000000f7b80000,0x00000000f7b80000,0x00000000f8a80000)
  to   space 7680K, 0% used [0x00000000f6980000,0x00000000f6980000,0x00000000f7100000)
 ParOldGen       total 349696K, used 349695K [0x00000000e0000000, 0x00000000f5580000, 0x00000000f5580000)
  object space 349696K, 99% used [0x00000000e0000000,0x00000000f557ff28,0x00000000f5580000)
 Metaspace       used 59965K, committed 60992K, reserved 1105920K
  class space    used 5919K, committed 6400K, reserved 1048576K

Card table byte_map: [0x00007f748f8ec000,0x00007f748f9ed000] _byte_map_base: 0x00007f748f1ec000

Marking Bits: (ParMarkBitMap*) 0x00007f749103c4c0
 Begin Bits: [0x00007f748e73f000, 0x00007f748ef3f000)
 End Bits:   [0x00007f748ef3f000, 0x00007f748f73f000)

Polling page: 0x00007f748fc06000

Metaspace:

Usage:
  Non-class:     52.78 MB used.
      Class:      5.78 MB used.
       Both:     58.56 MB used.

Virtual space:
  Non-class space:       56.00 MB reserved,      53.31 MB ( 95%) committed,  7 nodes.
      Class space:        1.00 GB reserved,       6.25 MB ( <1%) committed,  1 nodes.
             Both:        1.05 GB reserved,      59.56 MB (  6%) committed. 

Chunk freelists:
   Non-Class:  1.99 MB
       Class:  1.83 MB
        Both:  3.82 MB

MaxMetaspaceSize: unlimited
CompressedClassSpaceSize: 1.00 GB
Initial GC threshold: 21.00 MB
Current GC threshold: 99.06 MB
CDS: on
MetaspaceReclaimPolicy: balanced
 - commit_granule_bytes: 65536.
 - commit_granule_words: 8192.
 - virtual_space_node_default_size: 1048576.
 - enlarge_chunks_in_place: 1.
 - new_chunks_are_fully_committed: 0.
 - uncommit_free_chunks: 1.
 - use_allocation_guard: 0.
 - handle_deallocations: 1.


Internal statistics:

num_allocs_failed_limit: 6.
num_arena_births: 522.
num_arena_deaths: 156.
num_vsnodes_births: 8.
num_vsnodes_deaths: 0.
num_space_committed: 952.
num_space_uncommitted: 0.
num_chunks_returned_to_freelist: 218.
num_chunks_taken_from_freelist: 2903.
num_chunk_merges: 91.
num_chunk_splits: 1855.
num_chunks_enlarged: 1151.
num_purges: 24.
num_inconsistent_stats: 0.

CodeHeap 'non-profiled nmethods': size=120036Kb used=2564Kb max_used=2564Kb free=117471Kb
 bounds [0x00007f7476f7a000, 0x00007f747720a000, 0x00007f747e4b3000]
CodeHeap 'profiled nmethods': size=120032Kb used=15453Kb max_used=16393Kb free=104578Kb
 bounds [0x00007f746fa42000, 0x00007f7470a62000, 0x00007f7476f7a000]
CodeHeap 'non-nmethods': size=5692Kb used=1407Kb max_used=1408Kb free=4284Kb
 bounds [0x00007f746f4b3000, 0x00007f746f723000, 0x00007f746fa42000]
 total_blobs=7870 nmethods=7124 adapters=629
 compilation: enabled
              stopped_count=0, restarted_count=0
 full_count=0

JVMCI Events (20 events):
Event: 869.992 Thread 0x00007f74880b21e0 destroyed JavaVM[9]@0x00007f743579e340 for JVMCI runtime 0
Event: 869.992 Thread 0x00007f74880b21e0 compacted oop handles in JVMCI runtime 0 from 61 to 61
Event: 869.992 Thread 0x00007f74880b21e0 releasing handles for JVMCI runtime 0: oop handles=61, metadata handles={total=127, live=111, blocks=36}
Event: 869.992 Thread 0x00007f74880b21e0 detached from JVMCI runtime 0
Event: 875.211 Thread 0x00007f74880b21e0 attached to JVMCI runtime 0
Event: 875.212 Thread 0x00007f74880b21e0 created JavaVM[10]@0x00007f743579e340 for JVMCI runtime 0
Event: 876.909 Thread 0x00007f74880b21e0 initializing JVMCI runtime 0
Event: 876.909 Thread 0x00007f74880b21e0 done waiting for JavaVM references initialization in JVMCI runtime 0
Event: 903.592 Thread 0x00007f74880b21e0 initialized JVMCI runtime 0
Event: 915.197 Thread 0x00007f74880b21e0 detaching from JVMCI runtime 0: releasing idle compiler thread (0 other threads still attached)
Event: 915.197 Thread 0x00007f74880b21e0 shutting down HotSpotJVMCIRuntime for JVMCI runtime 0
Event: 915.197 Thread 0x00007f74880b21e0 shut down JVMCI runtime 0
Event: 915.198 Thread 0x00007f74880b21e0 destroyed JavaVM[10]@0x00007f743579e340 for JVMCI runtime 0
Event: 915.198 Thread 0x00007f74880b21e0 compacted oop handles in JVMCI runtime 0 from 43 to 43
Event: 915.198 Thread 0x00007f74880b21e0 releasing handles for JVMCI runtime 0: oop handles=43, metadata handles={total=91, live=78, blocks=36}
Event: 915.198 Thread 0x00007f74880b21e0 detached from JVMCI runtime 0
Event: 1084.086 Thread 0x00007f74880b21e0 attached to JVMCI runtime 0
Event: 1084.088 Thread 0x00007f74880b21e0 created JavaVM[11]@0x00007f743579e340 for JVMCI runtime 0
Event: 1085.697 Thread 0x00007f74880b21e0 initializing JVMCI runtime 0
Event: 1085.697 Thread 0x00007f74880b21e0 done waiting for JavaVM references initialization in JVMCI runtime 0

Compilation events (20 events):
Event: 835.670 Thread 0x00007f74880b36f0 9313       3       org.eclipse.jdt.internal.core.ClasspathAccessRule::getPattern (34 bytes)
Event: 835.670 Thread 0x00007f74880b36f0 nmethod 9313 0x00007f74708bc290 code [0x00007f74708bc460, 0x00007f74708bc790]
Event: 841.075 Thread 0x00007f74880b36f0 9314       3       org.eclipse.core.runtime.Path::toPortableString (161 bytes)
Event: 841.079 Thread 0x00007f74880b36f0 nmethod 9314 0x00007f74701e8810 code [0x00007f74701e8b00, 0x00007f74701e98b0]
Event: 848.086 Thread 0x00007f74880b36f0 9316       1       org.eclipse.jdt.internal.core.ClasspathEntry::getInclusionPatterns (5 bytes)
Event: 848.086 Thread 0x00007f74880b36f0 nmethod 9316 0x00007f74771f8d10 code [0x00007f74771f8ea0, 0x00007f74771f8f70]
Event: 848.086 Thread 0x00007f74880b36f0 9317       1       org.eclipse.jdt.internal.core.ClasspathEntry::getExclusionPatterns (5 bytes)
Event: 848.087 Thread 0x00007f74880b36f0 nmethod 9317 0x00007f74771f9010 code [0x00007f74771f91a0, 0x00007f74771f9270]
Event: 857.535 Thread 0x00007f74880b21e0 nmethod 9309 0x00007f74771f9310 code [0x00007f74771f9520, 0x00007f74771f9dc0]
Event: 857.536 Thread 0x00007f74880b21e0 9315  s    4       java.io.BufferedOutputStream::write (67 bytes)
Event: 864.601 Thread 0x00007f74880b21e0 nmethod 9315 0x00007f74771fa190 code [0x00007f74771fa340, 0x00007f74771fa800]
Event: 875.211 Thread 0x00007f74880b21e0 9318       4       java.util.stream.SpinedBuffer::<init> (18 bytes)
Event: 913.285 Thread 0x00007f74880b21e0 nmethod 9318 0x00007f74771faa10 code [0x00007f74771faba0, 0x00007f74771fad10]
Event: 913.285 Thread 0x00007f74880b21e0 9319       4       java.util.stream.AbstractSpinedBuffer::<init> (10 bytes)
Event: 913.286 Thread 0x00007f74880b21e0 nmethod 9319 0x00007f74771fae10 code [0x00007f74771faf80, 0x00007f74771fafc8]
Event: 946.529 Thread 0x00007f74880b36f0 9321       3       jdk.internal.reflect.ByteVectorFactory::create (8 bytes)
Event: 950.294 Thread 0x00007f74880b36f0 nmethod 9321 0x00007f747044c690 code [0x00007f747044c840, 0x00007f747044cb70]
Event: 950.294 Thread 0x00007f74880b36f0 9322       3       jdk.internal.reflect.ByteVectorImpl::<init> (7 bytes)
Event: 952.035 Thread 0x00007f74880b36f0 nmethod 9322 0x00007f7470463a10 code [0x00007f7470463bc0, 0x00007f7470463e50]
Event: 1084.086 Thread 0x00007f74880b21e0 9325       4       java.util.concurrent.locks.AbstractQueuedSynchronizer::acquireShared (20 bytes)

GC Heap History (20 events):
Event: 1080.773 GC heap before
{Heap before GC invocations=846 (full 736):
 PSYoungGen      total 35840K, used 20480K [0x00000000f5580000, 0x00000000f8a80000, 0x0000000100000000)
  eden space 20480K, 100% used [0x00000000f5580000,0x00000000f6980000,0x00000000f6980000)
  from space 15360K, 0% used [0x00000000f7b80000,0x00000000f7b80000,0x00000000f8a80000)
  to   space 7680K, 0% used [0x00000000f6980000,0x00000000f6980000,0x00000000f7100000)
 ParOldGen       total 349696K, used 349696K [0x00000000e0000000, 0x00000000f5580000, 0x00000000f5580000)
  object space 349696K, 100% used [0x00000000e0000000,0x00000000f5580000,0x00000000f5580000)
 Metaspace       used 59965K, committed 60992K, reserved 1105920K
  class space    used 5919K, committed 6400K, reserved 1048576K
}
Event: 1082.387 GC heap after
{Heap after GC invocations=846 (full 736):
 PSYoungGen      total 28160K, used 20480K [0x00000000f5580000, 0x00000000f8a80000, 0x0000000100000000)
  eden space 20480K, 100% used [0x00000000f5580000,0x00000000f6980000,0x00000000f6980000)
  from space 7680K, 0% used [0x00000000f6980000,0x00000000f6980000,0x00000000f7100000)
  to   space 15360K, 0% used [0x00000000f7b80000,0x00000000f7b80000,0x00000000f8a80000)
 ParOldGen       total 349696K, used 349695K [0x00000000e0000000, 0x00000000f5580000, 0x00000000f5580000)
  object space 349696K, 99% used [0x00000000e0000000,0x00000000f557fc70,0x00000000f5580000)
 Metaspace       used 59965K, committed 60992K, reserved 1105920K
  class space    used 5919K, committed 6400K, reserved 1048576K
}
Event: 1082.389 GC heap before
{Heap before GC invocations=847 (full 737):
 PSYoungGen      total 28160K, used 20480K [0x00000000f5580000, 0x00000000f8a80000, 0x0000000100000000)
  eden space 20480K, 100% used [0x00000000f5580000,0x00000000f6980000,0x00000000f6980000)
  from space 7680K, 0% used [0x00000000f6980000,0x00000000f6980000,0x00000000f7100000)
  to   space 15360K, 0% used [0x00000000f7b80000,0x00000000f7b80000,0x00000000f8a80000)
 ParOldGen       total 349696K, used 349695K [0x00000000e0000000, 0x00000000f5580000, 0x00000000f5580000)
  object space 349696K, 99% used [0x00000000e0000000,0x00000000f557fce8,0x00000000f5580000)
 Metaspace       used 59965K, committed 60992K, reserved 1105920K
  class space    used 5919K, committed 6400K, reserved 1048576K
}
Event: 1084.086 GC heap after
{Heap after GC invocations=847 (full 737):
 PSYoungGen      total 35840K, used 20479K [0x00000000f5580000, 0x00000000f8a80000, 0x0000000100000000)
  eden space 20480K, 99% used [0x00000000f5580000,0x00000000f697ffe0,0x00000000f6980000)
  from space 15360K, 0% used [0x00000000f7b80000,0x00000000f7b80000,0x00000000f8a80000)
  to   space 7680K, 0% used [0x00000000f6980000,0x00000000f6980000,0x00000000f7100000)
 ParOldGen       total 349696K, used 349695K [0x00000000e0000000, 0x00000000f5580000, 0x00000000f5580000)
  object space 349696K, 99% used [0x00000000e0000000,0x00000000f557fcc8,0x00000000f5580000)
 Metaspace       used 59965K, committed 60992K, reserved 1105920K
  class space    used 5919K, committed 6400K, reserved 1048576K
}
Event: 1084.088 GC heap before
{Heap before GC invocations=848 (full 738):
 PSYoungGen      total 35840K, used 20479K [0x00000000f5580000, 0x00000000f8a80000, 0x0000000100000000)
  eden space 20480K, 99% used [0x00000000f5580000,0x00000000f697fff8,0x00000000f6980000)
  from space 15360K, 0% used [0x00000000f7b80000,0x00000000f7b80000,0x00000000f8a80000)
  to   space 7680K, 0% used [0x00000000f6980000,0x00000000f6980000,0x00000000f7100000)
 ParOldGen       total 349696K, used 349695K [0x00000000e0000000, 0x00000000f5580000, 0x00000000f5580000)
  object space 349696K, 99% used [0x00000000e0000000,0x00000000f557fcc8,0x00000000f5580000)
 Metaspace       used 59965K, committed 60992K, reserved 1105920K
  class space    used 5919K, committed 6400K, reserved 1048576K
}
Event: 1085.697 GC heap after
{Heap after GC invocations=848 (full 738):
 PSYoungGen      total 28160K, used 20479K [0x00000000f5580000, 0x00000000f8a80000, 0x0000000100000000)
  eden space 20480K, 99% used [0x00000000f5580000,0x00000000f697fff8,0x00000000f6980000)
  from space 7680K, 0% used [0x00000000f6980000,0x00000000f6980000,0x00000000f7100000)
  to   space 15360K, 0% used [0x00000000f7b80000,0x00000000f7b80000,0x00000000f8a80000)
 ParOldGen       total 349696K, used 349695K [0x00000000e0000000, 0x00000000f5580000, 0x00000000f5580000)
  object space 349696K, 99% used [0x00000000e0000000,0x00000000f557fca8,0x00000000f5580000)
 Metaspace       used 59965K, committed 60992K, reserved 1105920K
  class space    used 5919K, committed 6400K, reserved 1048576K
}
Event: 1085.697 GC heap before
{Heap before GC invocations=849 (full 739):
 PSYoungGen      total 28160K, used 20479K [0x00000000f5580000, 0x00000000f8a80000, 0x0000000100000000)
  eden space 20480K, 99% used [0x00000000f5580000,0x00000000f697fff8,0x00000000f6980000)
  from space 7680K, 0% used [0x00000000f6980000,0x00000000f6980000,0x00000000f7100000)
  to   space 15360K, 0% used [0x00000000f7b80000,0x00000000f7b80000,0x00000000f8a80000)
 ParOldGen       total 349696K, used 349695K [0x00000000e0000000, 0x00000000f5580000, 0x00000000f5580000)
  object space 349696K, 99% used [0x00000000e0000000,0x00000000f557fff8,0x00000000f5580000)
 Metaspace       used 59965K, committed 60992K, reserved 1105920K
  class space    used 5919K, committed 6400K, reserved 1048576K
}
Event: 1087.372 GC heap after
{Heap after GC invocations=849 (full 739):
 PSYoungGen      total 35840K, used 20479K [0x00000000f5580000, 0x00000000f8a80000, 0x0000000100000000)
  eden space 20480K, 99% used [0x00000000f5580000,0x00000000f697fff8,0x00000000f6980000)
  from space 15360K, 0% used [0x00000000f7b80000,0x00000000f7b80000,0x00000000f8a80000)
  to   space 7680K, 0% used [0x00000000f6980000,0x00000000f6980000,0x00000000f7100000)
 ParOldGen       total 349696K, used 349695K [0x00000000e0000000, 0x00000000f5580000, 0x00000000f5580000)
  object space 349696K, 99% used [0x00000000e0000000,0x00000000f557ffe8,0x00000000f5580000)
 Metaspace       used 59965K, committed 60992K, reserved 1105920K
  class space    used 5919K, committed 6400K, reserved 1048576K
}
Event: 1087.372 GC heap before
{Heap before GC invocations=850 (full 740):
 PSYoungGen      total 35840K, used 20479K [0x00000000f5580000, 0x00000000f8a80000, 0x0000000100000000)
  eden space 20480K, 99% used [0x00000000f5580000,0x00000000f697fff8,0x00000000f6980000)
  from space 15360K, 0% used [0x00000000f7b80000,0x00000000f7b80000,0x00000000f8a80000)
  to   space 7680K, 0% used [0x00000000f6980000,0x00000000f6980000,0x00000000f7100000)
 ParOldGen       total 349696K, used 349695K [0x00000000e0000000, 0x00000000f5580000, 0x00000000f5580000)
  object space 349696K, 99% used [0x00000000e0000000,0x00000000f557fff8,0x00000000f5580000)
 Metaspace       used 59965K, committed 60992K, reserved 1105920K
  class space    used 5919K, committed 6400K, reserved 1048576K
}
Event: 1089.171 GC heap after
{Heap after GC invocations=850 (full 740):
 PSYoungGen      total 28160K, used 20479K [0x00000000f5580000, 0x00000000f8a80000, 0x0000000100000000)
  eden space 20480K, 99% used [0x00000000f5580000,0x00000000f697fff8,0x00000000f6980000)
  from space 7680K, 0% used [0x00000000f6980000,0x00000000f6980000,0x00000000f7100000)
  to   space 15360K, 0% used [0x00000000f7b80000,0x00000000f7b80000,0x00000000f8a80000)
 ParOldGen       total 349696K, used 349695K [0x00000000e0000000, 0x00000000f5580000, 0x00000000f5580000)
  object space 349696K, 99% used [0x00000000e0000000,0x00000000f557ffc8,0x00000000f5580000)
 Metaspace       used 59965K, committed 60992K, reserved 1105920K
  class space    used 5919K, committed 6400K, reserved 1048576K
}
Event: 1089.171 GC heap before
{Heap before GC invocations=851 (full 741):
 PSYoungGen      total 28160K, used 20479K [0x00000000f5580000, 0x00000000f8a80000, 0x0000000100000000)
  eden space 20480K, 99% used [0x00000000f5580000,0x00000000f697fff8,0x00000000f6980000)
  from space 7680K, 0% used [0x00000000f6980000,0x00000000f6980000,0x00000000f7100000)
  to   space 15360K, 0% used [0x00000000f7b80000,0x00000000f7b80000,0x00000000f8a80000)
 ParOldGen       total 349696K, used 349695K [0x00000000e0000000, 0x00000000f5580000, 0x00000000f5580000)
  object space 349696K, 99% used [0x00000000e0000000,0x00000000f557ffe0,0x00000000f5580000)
 Metaspace       used 59965K, committed 60992K, reserved 1105920K
  class space    used 5919K, committed 6400K, reserved 1048576K
}
Event: 1090.778 GC heap after
{Heap after GC invocations=851 (full 741):
 PSYoungGen      total 35840K, used 20479K [0x00000000f5580000, 0x00000000f8a80000, 0x0000000100000000)
  eden space 20480K, 99% used [0x00000000f5580000,0x00000000f697fff8,0x00000000f6980000)
  from space 15360K, 0% used [0x00000000f7b80000,0x00000000f7b80000,0x00000000f8a80000)
  to   space 7680K, 0% used [0x00000000f6980000,0x00000000f6980000,0x00000000f7100000)
 ParOldGen       total 349696K, used 349695K [0x00000000e0000000, 0x00000000f5580000, 0x00000000f5580000)
  object space 349696K, 99% used [0x00000000e0000000,0x00000000f557ffe0,0x00000000f5580000)
 Metaspace       used 59965K, committed 60992K, reserved 1105920K
  class space    used 5919K, committed 6400K, reserved 1048576K
}
Event: 1090.778 GC heap before
{Heap before GC invocations=852 (full 742):
 PSYoungGen      total 35840K, used 20479K [0x00000000f5580000, 0x00000000f8a80000, 0x0000000100000000)
  eden space 20480K, 99% used [0x00000000f5580000,0x00000000f697fff8,0x00000000f6980000)
  from space 15360K, 0% used [0x00000000f7b80000,0x00000000f7b80000,0x00000000f8a80000)
  to   space 7680K, 0% used [0x00000000f6980000,0x00000000f6980000,0x00000000f7100000)
 ParOldGen       total 349696K, used 349695K [0x00000000e0000000, 0x00000000f5580000, 0x00000000f5580000)
  object space 349696K, 99% used [0x00000000e0000000,0x00000000f557ffe0,0x00000000f5580000)
 Metaspace       used 59965K, committed 60992K, reserved 1105920K
  class space    used 5919K, committed 6400K, reserved 1048576K
}
Event: 1092.608 GC heap after
{Heap after GC invocations=852 (full 742):
 PSYoungGen      total 28160K, used 20479K [0x00000000f5580000, 0x00000000f8a80000, 0x0000000100000000)
  eden space 20480K, 99% used [0x00000000f5580000,0x00000000f697fff8,0x00000000f6980000)
  from space 7680K, 0% used [0x00000000f6980000,0x00000000f6980000,0x00000000f7100000)
  to   space 15360K, 0% used [0x00000000f7b80000,0x00000000f7b80000,0x00000000f8a80000)
 ParOldGen       total 349696K, used 349694K [0x00000000e0000000, 0x00000000f5580000, 0x00000000f5580000)
  object space 349696K, 99% used [0x00000000e0000000,0x00000000f557f940,0x00000000f5580000)
 Metaspace       used 59965K, committed 60992K, reserved 1105920K
  class space    used 5919K, committed 6400K, reserved 1048576K
}
Event: 1092.609 GC heap before
{Heap before GC invocations=853 (full 743):
 PSYoungGen      total 28160K, used 20479K [0x00000000f5580000, 0x00000000f8a80000, 0x0000000100000000)
  eden space 20480K, 99% used [0x00000000f5580000,0x00000000f697fff8,0x00000000f6980000)
  from space 7680K, 0% used [0x00000000f6980000,0x00000000f6980000,0x00000000f7100000)
  to   space 15360K, 0% used [0x00000000f7b80000,0x00000000f7b80000,0x00000000f8a80000)
 ParOldGen       total 349696K, used 349694K [0x00000000e0000000, 0x00000000f5580000, 0x00000000f5580000)
  object space 349696K, 99% used [0x00000000e0000000,0x00000000f557fbe8,0x00000000f5580000)
 Metaspace       used 59965K, committed 60992K, reserved 1105920K
  class space    used 5919K, committed 6400K, reserved 1048576K
}
Event: 1094.372 GC heap after
{Heap after GC invocations=853 (full 743):
 PSYoungGen      total 35840K, used 20479K [0x00000000f5580000, 0x00000000f8a80000, 0x0000000100000000)
  eden space 20480K, 99% used [0x00000000f5580000,0x00000000f697fff8,0x00000000f6980000)
  from space 15360K, 0% used [0x00000000f7b80000,0x00000000f7b80000,0x00000000f8a80000)
  to   space 7680K, 0% used [0x00000000f6980000,0x00000000f6980000,0x00000000f7100000)
 ParOldGen       total 349696K, used 349694K [0x00000000e0000000, 0x00000000f5580000, 0x00000000f5580000)
  object space 349696K, 99% used [0x00000000e0000000,0x00000000f557f988,0x00000000f5580000)
 Metaspace       used 59965K, committed 60992K, reserved 1105920K
  class space    used 5919K, committed 6400K, reserved 1048576K
}
Event: 1094.374 GC heap before
{Heap before GC invocations=854 (full 744):
 PSYoungGen      total 35840K, used 20479K [0x00000000f5580000, 0x00000000f8a80000, 0x0000000100000000)
  eden space 20480K, 99% used [0x00000000f5580000,0x00000000f697fff8,0x00000000f6980000)
  from space 15360K, 0% used [0x00000000f7b80000,0x00000000f7b80000,0x00000000f8a80000)
  to   space 7680K, 0% used [0x00000000f6980000,0x00000000f6980000,0x00000000f7100000)
 ParOldGen       total 349696K, used 349694K [0x00000000e0000000, 0x00000000f5580000, 0x00000000f5580000)
  object space 349696K, 99% used [0x00000000e0000000,0x00000000f557fab0,0x00000000f5580000)
 Metaspace       used 59965K, committed 60992K, reserved 1105920K
  class space    used 5919K, committed 6400K, reserved 1048576K
}
Event: 1095.971 GC heap after
{Heap after GC invocations=854 (full 744):
 PSYoungGen      total 28160K, used 20479K [0x00000000f5580000, 0x00000000f8a80000, 0x0000000100000000)
  eden space 20480K, 99% used [0x00000000f5580000,0x00000000f697fff8,0x00000000f6980000)
  from space 7680K, 0% used [0x00000000f6980000,0x00000000f6980000,0x00000000f7100000)
  to   space 15360K, 0% used [0x00000000f7b80000,0x00000000f7b80000,0x00000000f8a80000)
 ParOldGen       total 349696K, used 349694K [0x00000000e0000000, 0x00000000f5580000, 0x00000000f5580000)
  object space 349696K, 99% used [0x00000000e0000000,0x00000000f557f980,0x00000000f5580000)
 Metaspace       used 59965K, committed 60992K, reserved 1105920K
  class space    used 5919K, committed 6400K, reserved 1048576K
}
Event: 1095.971 GC heap before
{Heap before GC invocations=855 (full 745):
 PSYoungGen      total 28160K, used 20479K [0x00000000f5580000, 0x00000000f8a80000, 0x0000000100000000)
  eden space 20480K, 99% used [0x00000000f5580000,0x00000000f697fff8,0x00000000f6980000)
  from space 7680K, 0% used [0x00000000f6980000,0x00000000f6980000,0x00000000f7100000)
  to   space 15360K, 0% used [0x00000000f7b80000,0x00000000f7b80000,0x00000000f8a80000)
 ParOldGen       total 349696K, used 349694K [0x00000000e0000000, 0x00000000f5580000, 0x00000000f5580000)
  object space 349696K, 99% used [0x00000000e0000000,0x00000000f557f980,0x00000000f5580000)
 Metaspace       used 59965K, committed 60992K, reserved 1105920K
  class space    used 5919K, committed 6400K, reserved 1048576K
}
Event: 1097.610 GC heap after
{Heap after GC invocations=855 (full 745):
 PSYoungGen      total 35840K, used 20479K [0x00000000f5580000, 0x00000000f8a80000, 0x0000000100000000)
  eden space 20480K, 99% used [0x00000000f5580000,0x00000000f697fff8,0x00000000f6980000)
  from space 15360K, 0% used [0x00000000f7b80000,0x00000000f7b80000,0x00000000f8a80000)
  to   space 7680K, 0% used [0x00000000f6980000,0x00000000f6980000,0x00000000f7100000)
 ParOldGen       total 349696K, used 349694K [0x00000000e0000000, 0x00000000f5580000, 0x00000000f5580000)
  object space 349696K, 99% used [0x00000000e0000000,0x00000000f557f980,0x00000000f5580000)
 Metaspace       used 59965K, committed 60992K, reserved 1105920K
  class space    used 5919K, committed 6400K, reserved 1048576K
}

Dll operation events (9 events):
Event: 0.002 Loaded shared library /nix/store/gpxl5qgg8kicmcvivwmybwjlpf7wh20l-graalvm17-ce-22.3.0/lib/libjava.so
Event: 0.009 Loaded shared library /nix/store/gpxl5qgg8kicmcvivwmybwjlpf7wh20l-graalvm17-ce-22.3.0/lib/libjsvml.so
Event: 0.301 Loaded shared library /nix/store/gpxl5qgg8kicmcvivwmybwjlpf7wh20l-graalvm17-ce-22.3.0/lib/libnio.so
Event: 0.305 Loaded shared library /nix/store/gpxl5qgg8kicmcvivwmybwjlpf7wh20l-graalvm17-ce-22.3.0/lib/libzip.so
Event: 0.308 Loaded shared library /nix/store/gpxl5qgg8kicmcvivwmybwjlpf7wh20l-graalvm17-ce-22.3.0/lib/libjvmcicompiler.so
Event: 0.681 Loaded shared library /nix/store/gpxl5qgg8kicmcvivwmybwjlpf7wh20l-graalvm17-ce-22.3.0/lib/libjimage.so
Event: 1.275 Loaded shared library /nix/store/gpxl5qgg8kicmcvivwmybwjlpf7wh20l-graalvm17-ce-22.3.0/lib/libnet.so
Event: 4.576 Loaded shared library /home/runner/.cache/jdt-language-server/config/org.eclipse.equinox.launcher/org.eclipse.equinox.launcher.gtk.linux.x86_64_1.2.400.v20211117-0650/eclipse_11600.so
Event: 12.972 Loaded shared library /nix/store/gpxl5qgg8kicmcvivwmybwjlpf7wh20l-graalvm17-ce-22.3.0/lib/libextnet.so

Deoptimization events (20 events):
Event: 377.218 Thread 0x00007f742047ede0 DEOPT PACKING pc=0x00007f74771d7414 sp=0x00007f746c3fe500
Event: 377.218 Thread 0x00007f742047ede0 DEOPT UNPACKING pc=0x00007f746f505325 sp=0x00007f746c3fd9b0 mode 3
Event: 380.072 Thread 0x00007f74202a0a90 Uncommon trap: trap_request=0xffffff8f fr.pc=0x00007f747705b577 relative=0x00000000000000d7
Event: 380.072 Thread 0x00007f74202a0a90 Uncommon trap: reason=constraint action=none pc=0x00007f747705b577 method=java.util.ArrayList.iterator()Ljava/util/Iterator; @ 0 jvmci
Event: 380.072 Thread 0x00007f74202a0a90 DEOPT PACKING pc=0x00007f747705b577 sp=0x00007f746c9fe910
Event: 380.073 Thread 0x00007f74202a0a90 DEOPT UNPACKING pc=0x00007f746f505325 sp=0x00007f746c9fddb8 mode 3
Event: 388.993 Thread 0x00007f7488476a70 Uncommon trap: trap_request=0xffffff8f fr.pc=0x00007f7477044397 relative=0x00000000000000f7
Event: 388.993 Thread 0x00007f7488476a70 Uncommon trap: reason=constraint action=none pc=0x00007f7477044397 method=java.lang.StringBuilder.<init>()V @ 0 jvmci
Event: 388.993 Thread 0x00007f7488476a70 DEOPT PACKING pc=0x00007f7477044397 sp=0x00007f7436dfe820
Event: 388.993 Thread 0x00007f7488476a70 DEOPT UNPACKING pc=0x00007f746f505325 sp=0x00007f7436dfdcc8 mode 3
Event: 391.542 Thread 0x00007f73fc001130 Uncommon trap: trap_request=0xffffff8f fr.pc=0x00007f74770a318e relative=0x00000000000009ae
Event: 391.542 Thread 0x00007f73fc001130 Uncommon trap: reason=constraint action=none pc=0x00007f74770a318e method=java.util.HashMap.putVal(ILjava/lang/Object;Ljava/lang/Object;ZZ)Ljava/lang/Object; @ 29 jvmci
Event: 391.542 Thread 0x00007f73fc001130 DEOPT PACKING pc=0x00007f74770a318e sp=0x00007f74367fc6f0
Event: 391.542 Thread 0x00007f73fc001130 DEOPT UNPACKING pc=0x00007f746f505325 sp=0x00007f74367fbb90 mode 3
Event: 394.120 Thread 0x00007f73fc001130 DEOPT PACKING pc=0x00007f7476fad244 sp=0x00007f74367fc770
Event: 394.121 Thread 0x00007f73fc001130 DEOPT UNPACKING pc=0x00007f746f505325 sp=0x00007f74367fbc40 mode 1
Event: 546.375 Thread 0x00007f74880b21e0 Uncommon trap: trap_request=0xffffffcd fr.pc=0x00007f74771f3fae relative=0x0000000000000c4e
Event: 546.375 Thread 0x00007f74880b21e0 Uncommon trap: reason=intrinsic_or_type_checked_inlining action=reinterpret pc=0x00007f74771f3fae method=java.io.DataOutputStream.write([BII)V @ 0 jvmci
Event: 546.375 Thread 0x00007f74880b21e0 DEOPT PACKING pc=0x00007f74771f3fae sp=0x00007f748cd17fb0
Event: 546.375 Thread 0x00007f74880b21e0 DEOPT UNPACKING pc=0x00007f746f505325 sp=0x00007f748cd173d0 mode 3

Classes unloaded (20 events):
Event: 188.718 Thread 0x00007f74880a1c10 Unloading class 0x000000080113a000 'jdk/internal/reflect/GeneratedSerializationConstructorAccessor26'
Event: 188.718 Thread 0x00007f74880a1c10 Unloading class 0x0000000801139800 'jdk/internal/reflect/GeneratedSerializationConstructorAccessor24'
Event: 188.718 Thread 0x00007f74880a1c10 Unloading class 0x0000000801138000 'jdk/internal/reflect/GeneratedSerializationConstructorAccessor18'
Event: 188.718 Thread 0x00007f74880a1c10 Unloading class 0x0000000801130400 'jdk/internal/reflect/GeneratedSerializationConstructorAccessor14'
Event: 188.718 Thread 0x00007f74880a1c10 Unloading class 0x0000000801130000 'jdk/internal/reflect/GeneratedSerializationConstructorAccessor13'
Event: 188.718 Thread 0x00007f74880a1c10 Unloading class 0x000000080112dc00 'jdk/internal/reflect/GeneratedSerializationConstructorAccessor12'
Event: 188.718 Thread 0x00007f74880a1c10 Unloading class 0x000000080112d800 'jdk/internal/reflect/GeneratedMethodAccessor12'
Event: 188.719 Thread 0x00007f74880a1c10 Unloading class 0x000000080112d000 'jdk/internal/reflect/GeneratedSerializationConstructorAccessor11'
Event: 188.719 Thread 0x00007f74880a1c10 Unloading class 0x000000080112cc00 'jdk/internal/reflect/GeneratedSerializationConstructorAccessor10'
Event: 188.719 Thread 0x00007f74880a1c10 Unloading class 0x000000080112c800 'jdk/internal/reflect/GeneratedSerializationConstructorAccessor9'
Event: 188.719 Thread 0x00007f74880a1c10 Unloading class 0x000000080112c400 'jdk/internal/reflect/GeneratedSerializationConstructorAccessor8'
Event: 188.719 Thread 0x00007f74880a1c10 Unloading class 0x000000080109e400 'jdk/internal/reflect/GeneratedSerializationConstructorAccessor2'
Event: 188.719 Thread 0x00007f74880a1c10 Unloading class 0x000000080109e000 'jdk/internal/reflect/GeneratedSerializationConstructorAccessor1'
Event: 198.673 Thread 0x00007f74880a1c10 Unloading class 0x00000008010f4800 'jdk/internal/reflect/GeneratedMethodAccessor10'
Event: 198.673 Thread 0x00007f74880a1c10 Unloading class 0x00000008010f4400 'jdk/internal/reflect/GeneratedMethodAccessor9'
Event: 198.673 Thread 0x00007f74880a1c10 Unloading class 0x00000008010edc00 'jdk/internal/reflect/GeneratedMethodAccessor7'
Event: 201.682 Thread 0x00007f74880a1c10 Unloading class 0x00000008010f4000 'jdk/internal/reflect/GeneratedMethodAccessor8'
Event: 203.292 Thread 0x00007f74880a1c10 Unloading class 0x0000000801238400 'jdk/internal/reflect/GeneratedConstructorAccessor44'
Event: 203.292 Thread 0x00007f74880a1c10 Unloading class 0x000000080112d400 'jdk/internal/reflect/GeneratedMethodAccessor11'
Event: 326.603 Thread 0x00007f74880a1c10 Unloading class 0x000000080112c000 'jdk/internal/reflect/GeneratedConstructorAccessor37'

Classes redefined (0 events):
No events

Internal exceptions (20 events):
Event: 349.516 Thread 0x00007f73f4471230 Exception <a 'java/lang/OutOfMemoryError'{0x00000000e00045e0}> (0x00000000e00045e0) 
thrown [src/hotspot/share/gc/shared/memAllocator.cpp, line 136]
Event: 356.193 Thread 0x00007f73f4471230 Exception <a 'java/lang/OutOfMemoryError'{0x00000000e0004900}> (0x00000000e0004900) 
thrown [src/hotspot/share/gc/shared/memAllocator.cpp, line 136]
Event: 360.386 Thread 0x00007f73f4471230 Exception <a 'java/lang/OutOfMemoryError'{0x00000000e0004900}> (0x00000000e0004900) 
thrown [src/hotspot/share/gc/shared/memAllocator.cpp, line 136]
Event: 367.903 Thread 0x00007f73f4471c20 Exception <a 'java/lang/OutOfMemoryError'{0x00000000e0004900}> (0x00000000e0004900) 
thrown [src/hotspot/share/gc/shared/memAllocator.cpp, line 136]
Event: 374.309 Thread 0x00007f742047ede0 Exception <a 'java/lang/OutOfMemoryError'{0x00000000e0004310}> (0x00000000e0004310) 
thrown [src/hotspot/share/gc/shared/memAllocator.cpp, line 138]
Event: 374.309 Thread 0x00007f742047ede0 Implicit null exception at 0x00007f74771cb58e to 0x00007f74771cbb07
Event: 377.218 Thread 0x00007f742047ede0 Exception <a 'java/lang/OutOfMemoryError'{0x00000000e0004310}> (0x00000000e0004310) 
thrown [src/hotspot/share/gc/shared/memAllocator.cpp, line 138]
Event: 377.218 Thread 0x00007f742047ede0 Implicit null exception at 0x00007f74771d736d to 0x00007f74771d73f9
Event: 380.072 Thread 0x00007f74202a0a90 Exception <a 'java/lang/OutOfMemoryError'{0x00000000e0004310}> (0x00000000e0004310) 
thrown [src/hotspot/share/gc/shared/memAllocator.cpp, line 138]
Event: 380.072 Thread 0x00007f74202a0a90 Implicit null exception at 0x00007f747705b558 to 0x00007f747705b55c
Event: 383.696 Thread 0x00007f7488476a70 Exception <a 'java/lang/OutOfMemoryError'{0x00000000e0004630}> (0x00000000e0004630) 
thrown [src/hotspot/share/gc/shared/memAllocator.cpp, line 136]
Event: 386.411 Thread 0x00007f7488476a70 Exception <a 'java/lang/OutOfMemoryError'{0x00000000e0004630}> (0x00000000e0004630) 
thrown [src/hotspot/share/gc/shared/memAllocator.cpp, line 136]
Event: 388.993 Thread 0x00007f7488476a70 Exception <a 'java/lang/OutOfMemoryError'{0x00000000e0004310}> (0x00000000e0004310) 
thrown [src/hotspot/share/gc/shared/memAllocator.cpp, line 138]
Event: 388.993 Thread 0x00007f7488476a70 Implicit null exception at 0x00007f7477044375 to 0x00007f747704437c
Event: 391.542 Thread 0x00007f73fc001130 Exception <a 'java/lang/OutOfMemoryError'{0x00000000e0004310}> (0x00000000e0004310) 
thrown [src/hotspot/share/gc/shared/memAllocator.cpp, line 138]
Event: 391.542 Thread 0x00007f73fc001130 Implicit null exception at 0x00007f74770a2f07 to 0x00007f74770a3173
Event: 394.120 Thread 0x00007f73fc001130 Exception <a 'java/lang/OutOfMemoryError'{0x00000000e0004630}> (0x00000000e0004630) 
thrown [src/hotspot/share/gc/shared/memAllocator.cpp, line 136]
Event: 453.094 Thread 0x00007f73fc001130 Exception <a 'java/lang/OutOfMemoryError'{0x00000000e0004630}> (0x00000000e0004630) 
thrown [src/hotspot/share/gc/shared/memAllocator.cpp, line 136]
Event: 484.703 Thread 0x00007f73fc001130 Exception <a 'java/lang/OutOfMemoryError'{0x00000000e0004630}> (0x00000000e0004630) 
thrown [src/hotspot/share/gc/shared/memAllocator.cpp, line 136]
Event: 1097.611 Thread 0x00007f74880b21e0 Exception <a 'java/lang/OutOfMemoryError'{0x00000000e0004630}> (0x00000000e0004630) 
thrown [src/hotspot/share/gc/shared/memAllocator.cpp, line 136]

VM Operations (20 events):
Event: 1077.479 Executing VM operation: ParallelGCFailedAllocation
Event: 1079.194 Executing VM operation: ParallelGCFailedAllocation done
Event: 1079.194 Executing VM operation: ParallelGCFailedAllocation
Event: 1080.773 Executing VM operation: ParallelGCFailedAllocation done
Event: 1080.773 Executing VM operation: ParallelGCFailedAllocation
Event: 1082.387 Executing VM operation: ParallelGCFailedAllocation done
Event: 1082.388 Executing VM operation: ParallelGCFailedAllocation
Event: 1084.086 Executing VM operation: ParallelGCFailedAllocation done
Event: 1084.086 Executing VM operation: ParallelGCFailedAllocation
Event: 1085.697 Executing VM operation: ParallelGCFailedAllocation done
Event: 1085.697 Executing VM operation: ParallelGCFailedAllocation
Event: 1087.372 Executing VM operation: ParallelGCFailedAllocation done
Event: 1087.372 Executing VM operation: ParallelGCFailedAllocation
Event: 1089.171 Executing VM operation: ParallelGCFailedAllocation done
Event: 1089.171 Executing VM operation: ParallelGCFailedAllocation
Event: 1092.608 Executing VM operation: ParallelGCFailedAllocation done
Event: 1092.608 Executing VM operation: ParallelGCFailedAllocation
Event: 1094.372 Executing VM operation: ParallelGCFailedAllocation done
Event: 1094.373 Executing VM operation: ParallelGCFailedAllocation
Event: 1097.611 Executing VM operation: ParallelGCFailedAllocation done

Events (20 events):
Event: 352.019 loading class java/io/InterruptedIOException done
Event: 352.019 loading class javax/net/ssl/SSLException
Event: 352.019 Thread 0x00007f73d8001320 Thread added: 0x00007f73d8001320
Event: 352.019 Protecting memory [0x00007f7435d00000,0x00007f7435d04000] with protection modes 0
Event: 353.376 loading class javax/net/ssl/SSLException done
Event: 367.903 Thread 0x00007f73f4471c20 Thread exited: 0x00007f73f4471c20
Event: 394.121 loading class java/security/PrivilegedActionException
Event: 395.491 loading class java/lang/Throwable$WrappedPrintStream
Event: 395.491 loading class java/lang/Throwable$WrappedPrintStream done
Event: 395.491 Thread 0x00007f7488476a70 Thread exited: 0x00007f7488476a70
Event: 395.492 Thread 0x00007f73f4471230 Thread exited: 0x00007f73f4471230
Event: 397.097 loading class java/security/PrivilegedActionException done
Event: 397.098 Thread 0x00007f7410003fd0 Thread exited: 0x00007f7410003fd0
Event: 414.614 Thread 0x00007f73d8001320 Thread exited: 0x00007f73d8001320
Event: 484.703 Thread 0x00007f73fc001130 Thread exited: 0x00007f73fc001130
Event: 521.686 Thread 0x00007f73e80021d0 Thread added: 0x00007f73e80021d0
Event: 521.686 Protecting memory [0x00007f7436700000,0x00007f7436704000] with protection modes 0
Event: 857.547 Thread 0x00007f73e802d7e0 Thread added: 0x00007f73e802d7e0
Event: 857.547 Protecting memory [0x00007f7435d00000,0x00007f7435d04000] with protection modes 0
Event: 875.210 Thread 0x00007f73e802d7e0 Thread exited: 0x00007f73e802d7e0


Dynamic libraries:
e0000000-f5580000 rw-p 00000000 00:00 0 
f5580000-f8a80000 rw-p 00000000 00:00 0 
f8a80000-100000000 ---p 00000000 00:00 0 
800000000-800449000 rw-p 00001000 00:b13 4611686019135357769             /nix/store/gpxl5qgg8kicmcvivwmybwjlpf7wh20l-graalvm17-ce-22.3.0/lib/server/classes.jsa
800449000-800bc8000 r--p 0044a000 00:b13 4611686019135357769             /nix/store/gpxl5qgg8kicmcvivwmybwjlpf7wh20l-graalvm17-ce-22.3.0/lib/server/classes.jsa
800bc8000-800c00000 ---p 00000000 00:00 0 
800c00000-800c20000 rw-p 00000000 00:00 0 
800c20000-800c40000 rw-p 00000000 00:00 0 
800c40000-800cc0000 rw-p 00000000 00:00 0 
800cc0000-800d00000 rw-p 00000000 00:00 0 
800d00000-800dc0000 rw-p 00000000 00:00 0 
800dc0000-800e00000 rw-p 00000000 00:00 0 
800e00000-800f40000 rw-p 00000000 00:00 0 
800f40000-800fc0000 rw-p 00000000 00:00 0 
800fc0000-801000000 rw-p 00000000 00:00 0 
801000000-801240000 rw-p 00000000 00:00 0 
801240000-840c00000 ---p 00000000 00:00 0 
55b0a8f5a000-55b0a8f5b000 r-xp 00000000 00:b13 4611686019099417844       /nix/store/gpxl5qgg8kicmcvivwmybwjlpf7wh20l-graalvm17-ce-22.3.0/bin/.java-wrapped
55b0a8f5c000-55b0a8f5d000 r--p 00001000 00:b13 4611686019099417844       /nix/store/gpxl5qgg8kicmcvivwmybwjlpf7wh20l-graalvm17-ce-22.3.0/bin/.java-wrapped
55b0a8f5d000-55b0a8f5e000 rw-p 00002000 00:b13 4611686019099417844       /nix/store/gpxl5qgg8kicmcvivwmybwjlpf7wh20l-graalvm17-ce-22.3.0/bin/.java-wrapped
55b0a8f5e000-55b0a8f5f000 rw-p 00004000 00:b13 4611686019099417844       /nix/store/gpxl5qgg8kicmcvivwmybwjlpf7wh20l-graalvm17-ce-22.3.0/bin/.java-wrapped
55b0a8f5f000-55b0a8f60000 rw-p 00005000 00:b13 4611686019099417844       /nix/store/gpxl5qgg8kicmcvivwmybwjlpf7wh20l-graalvm17-ce-22.3.0/bin/.java-wrapped
55b0aa7d6000-55b0aa81e000 rw-p 00000000 00:00 0                          [heap]
7f73b8000000-7f73b8062000 rw-p 00000000 00:00 0 
7f73b8062000-7f73bc000000 ---p 00000000 00:00 0 
7f73c0000000-7f73c0039000 rw-p 00000000 00:00 0 
7f73c0039000-7f73c4000000 ---p 00000000 00:00 0 
7f73c4000000-7f73c4087000 rw-p 00000000 00:00 0 
7f73c4087000-7f73c8000000 ---p 00000000 00:00 0 
7f73c8000000-7f73c8021000 rw-p 00000000 00:00 0 
7f73c8021000-7f73cc000000 ---p 00000000 00:00 0 
7f73cc000000-7f73cc043000 rw-p 00000000 00:00 0 
7f73cc043000-7f73d0000000 ---p 00000000 00:00 0 
7f73d0000000-7f73d0021000 rw-p 00000000 00:00 0 
7f73d0021000-7f73d4000000 ---p 00000000 00:00 0 
7f73d4000000-7f73d4021000 rw-p 00000000 00:00 0 
7f73d4021000-7f73d8000000 ---p 00000000 00:00 0 
7f73d8000000-7f73d8021000 rw-p 00000000 00:00 0 
7f73d8021000-7f73dc000000 ---p 00000000 00:00 0 
7f73dc400000-7f73dca10000 rw-p 00000000 00:00 0 
7f73dca10000-7f73dcc00000 ---p 00000000 00:00 0 
7f73de4b3000-7f73e8000000 r--s 00000000 00:b13 4611686019135192581       /nix/store/gpxl5qgg8kicmcvivwmybwjlpf7wh20l-graalvm17-ce-22.3.0/lib/modules
7f73e8000000-7f73e803c000 rw-p 00000000 00:00 0 
7f73e803c000-7f73ec000000 ---p 00000000 00:00 0 
7f73ec000000-7f73ec038000 rw-p 00000000 00:00 0 
7f73ec038000-7f73f0000000 ---p 00000000 00:00 0 
7f73f0000000-7f73f01eb000 rw-p 00000000 00:00 0 
7f73f01eb000-7f73f4000000 ---p 00000000 00:00 0 
7f73f4000000-7f73f44eb000 rw-p 00000000 00:00 0 
7f73f44eb000-7f73f8000000 ---p 00000000 00:00 0 
7f73f8000000-7f73f8021000 rw-p 00000000 00:00 0 
7f73f8021000-7f73fc000000 ---p 00000000 00:00 0 
7f73fc000000-7f73fc101000 rw-p 00000000 00:00 0 
7f73fc101000-7f7400000000 ---p 00000000 00:00 0 
7f7400000000-7f7400081000 rw-p 00000000 00:00 0 
7f7400081000-7f7404000000 ---p 00000000 00:00 0 
7f7404000000-7f7404021000 rw-p 00000000 00:00 0 
7f7404021000-7f7408000000 ---p 00000000 00:00 0 
7f7408000000-7f740805d000 rw-p 00000000 00:00 0 
7f740805d000-7f740c000000 ---p 00000000 00:00 0 
7f740c000000-7f740c412000 rw-p 00000000 00:00 0 
7f740c412000-7f7410000000 ---p 00000000 00:00 0 
7f7410000000-7f7410021000 rw-p 00000000 00:00 0 
7f7410021000-7f7414000000 ---p 00000000 00:00 0 
7f7414000000-7f7414021000 rw-p 00000000 00:00 0 
7f7414021000-7f7418000000 ---p 00000000 00:00 0 
7f7418000000-7f7418021000 rw-p 00000000 00:00 0 
7f7418021000-7f741c000000 ---p 00000000 00:00 0 
7f741cc00000-7f741cd80000 rw-p 00000000 00:00 0 
7f741cd80000-7f741ce00000 rw-p 00000000 00:00 0 
7f741ce00000-7f741d100000 rw-p 00000000 00:00 0 
7f741d100000-7f741d300000 rw-p 00000000 00:00 0 
7f741d300000-7f741d340000 rw-p 00000000 00:00 0 
7f741d340000-7f741d400000 ---p 00000000 00:00 0 
7f741d800000-7f741d900000 rw-p 00000000 00:00 0 
7f741d900000-7f741da00000 rw-p 00000000 00:00 0 
7f741da00000-7f741e000000 rw-p 00000000 00:00 0 
7f741e000000-7f741e080000 rw-p 00000000 00:00 0 
7f741e080000-7f741e100000 rw-p 00000000 00:00 0 
7f741e100000-7f741e300000 rw-p 00000000 00:00 0 
7f741e300000-7f741e500000 rw-p 00000000 00:00 0 
7f741e500000-7f741e600000 rw-p 00000000 00:00 0 
7f741e600000-7f741e800000 rw-p 00000000 00:00 0 
7f741e800000-7f741e900000 rw-p 00000000 00:00 0 
7f741e900000-7f741ea00000 rw-p 00000000 00:00 0 
7f741ea00000-7f741ef80000 rw-p 00000000 00:00 0 
7f741ef80000-7f741f000000 rw-p 00000000 00:00 0 
7f741f000000-7f741f100000 rw-p 00000000 00:00 0 
7f741f100000-7f741f200000 rw-p 00000000 00:00 0 
7f741f200000-7f741f500000 rw-p 00000000 00:00 0 
7f741f500000-7f741f600000 rw-p 00000000 00:00 0 
7f741f600000-7f741f800000 rw-p 00000000 00:00 0 
7f741fc00000-7f741fc10000 r-xp 00000000 00:af8 364                       /home/runner/.cache/jdt-language-server/config/org.eclipse.equinox.launcher/org.eclipse.equinox.launcher.gtk.linux.x86_64_1.2.400.v20211117-0650/eclipse_11600.so
7f741fc10000-7f741fe0f000 ---p 00010000 00:af8 364                       /home/runner/.cache/jdt-language-server/config/org.eclipse.equinox.launcher/org.eclipse.equinox.launcher.gtk.linux.x86_64_1.2.400.v20211117-0650/eclipse_11600.so
7f741fe0f000-7f741fe10000 r--p 0000f000 00:af8 364                       /home/runner/.cache/jdt-language-server/config/org.eclipse.equinox.launcher/org.eclipse.equinox.launcher.gtk.linux.x86_64_1.2.400.v20211117-0650/eclipse_11600.so
7f741fe10000-7f741fe11000 rw-p 00010000 00:af8 364                       /home/runner/.cache/jdt-language-server/config/org.eclipse.equinox.launcher/org.eclipse.equinox.launcher.gtk.linux.x86_64_1.2.400.v20211117-0650/eclipse_11600.so
7f7420000000-7f74208b9000 rw-p 00000000 00:00 0 
7f74208b9000-7f7424000000 ---p 00000000 00:00 0 
7f7424000000-7f7424025000 rw-p 00000000 00:00 0 
7f7424025000-7f7428000000 ---p 00000000 00:00 0 
7f7428000000-7f7428021000 rw-p 00000000 00:00 0 
7f7428021000-7f742c000000 ---p 00000000 00:00 0 
7f742c000000-7f742c021000 rw-p 00000000 00:00 0 
7f742c021000-7f7430000000 ---p 00000000 00:00 0 
7f7430000000-7f7430021000 rw-p 00000000 00:00 0 
7f7430021000-7f7434000000 ---p 00000000 00:00 0 
7f7434b00000-7f7434c00000 ---p 00000000 00:00 0 
7f7434c00000-7f74351af000 r--p 01122000 00:b13 4611686019135190040       /nix/store/gpxl5qgg8kicmcvivwmybwjlpf7wh20l-graalvm17-ce-22.3.0/lib/libjvmcicompiler.so
7f74351af000-7f7435300000 r--p 00000000 00:00 0 
7f7435300000-7f743533d000 rw-p 00000000 00:00 0 
7f743533d000-7f743585d000 rw-p 0185f000 00:b13 4611686019135190040       /nix/store/gpxl5qgg8kicmcvivwmybwjlpf7wh20l-graalvm17-ce-22.3.0/lib/libjvmcicompiler.so
7f743585d000-7f7435c44000 r--p 01d7f000 00:b13 4611686019135190040       /nix/store/gpxl5qgg8kicmcvivwmybwjlpf7wh20l-graalvm17-ce-22.3.0/lib/libjvmcicompiler.so
7f7435d00000-7f7435d04000 ---p 00000000 00:00 0 
7f7435d04000-7f7435e00000 rw-p 00000000 00:00 0 
7f7435f00000-7f7435f04000 ---p 00000000 00:00 0 
7f7435f04000-7f7436000000 rw-p 00000000 00:00 0 
7f7436100000-7f7436104000 ---p 00000000 00:00 0 
7f7436104000-7f7436200000 rw-p 00000000 00:00 0 
7f7436300000-7f7436304000 ---p 00000000 00:00 0 
7f7436304000-7f7436400000 rw-p 00000000 00:00 0 
7f7436500000-7f7436504000 ---p 00000000 00:00 0 
7f7436504000-7f7436600000 rw-p 00000000 00:00 0 
7f7436700000-7f7436704000 ---p 00000000 00:00 0 
7f7436704000-7f7436800000 rw-p 00000000 00:00 0 
7f7436900000-7f7436904000 ---p 00000000 00:00 0 
7f7436904000-7f7436a00000 rw-p 00000000 00:00 0 
7f7436b00000-7f7436b04000 ---p 00000000 00:00 0 
7f7436b04000-7f7436c00000 rw-p 00000000 00:00 0 
7f7436c00000-7f7436c04000 ---p 00000000 00:00 0 
7f7436c04000-7f7436d00000 rw-p 00000000 00:00 0 
7f7436d00000-7f7436d04000 ---p 00000000 00:00 0 
7f7436d04000-7f7436e00000 rw-p 00000000 00:00 0 
7f7437a68000-7f7437f00000 rw-p 00000000 00:00 0 
7f7438000000-7f7438021000 rw-p 00000000 00:00 0 
7f7438021000-7f743c000000 ---p 00000000 00:00 0 
7f743c000000-7f743c021000 rw-p 00000000 00:00 0 
7f743c021000-7f7440000000 ---p 00000000 00:00 0 
7f7440000000-7f7440021000 rw-p 00000000 00:00 0 
7f7440021000-7f7444000000 ---p 00000000 00:00 0 
7f7444000000-7f7444021000 rw-p 00000000 00:00 0 
7f7444021000-7f7448000000 ---p 00000000 00:00 0 
7f7448000000-7f74480cc000 rw-p 00000000 00:00 0 
7f74480cc000-7f744c000000 ---p 00000000 00:00 0 
7f744c000000-7f744cbcd000 rw-p 00000000 00:00 0 
7f744cbcd000-7f7450000000 ---p 00000000 00:00 0 
7f7450000000-7f7450021000 rw-p 00000000 00:00 0 
7f7450021000-7f7454000000 ---p 00000000 00:00 0 
7f7454000000-7f7454021000 rw-p 00000000 00:00 0 
7f7454021000-7f7458000000 ---p 00000000 00:00 0 
7f7458000000-7f7458021000 rw-p 00000000 00:00 0 
7f7458021000-7f745c000000 ---p 00000000 00:00 0 
7f745c000000-7f745c021000 rw-p 00000000 00:00 0 
7f745c021000-7f7460000000 ---p 00000000 00:00 0 
7f7460000000-7f7460021000 rw-p 00000000 00:00 0 
7f7460021000-7f7464000000 ---p 00000000 00:00 0 
7f7464000000-7f7464021000 rw-p 00000000 00:00 0 
7f7464021000-7f7468000000 ---p 00000000 00:00 0 
7f7468000000-7f746811b000 rw-p 00000000 00:00 0 
7f746811b000-7f746c000000 ---p 00000000 00:00 0 
7f746c100000-7f746c104000 ---p 00000000 00:00 0 
7f746c104000-7f746c200000 rw-p 00000000 00:00 0 
7f746c200000-7f746c204000 ---p 00000000 00:00 0 
7f746c204000-7f746c300000 rw-p 00000000 00:00 0 
7f746c300000-7f746c304000 ---p 00000000 00:00 0 
7f746c304000-7f746c400000 rw-p 00000000 00:00 0 
7f746c500000-7f746c504000 ---p 00000000 00:00 0 
7f746c504000-7f746c600000 rw-p 00000000 00:00 0 
7f746c600000-7f746c604000 ---p 00000000 00:00 0 
7f746c604000-7f746c700000 rw-p 00000000 00:00 0 
7f746c700000-7f746c704000 ---p 00000000 00:00 0 
7f746c704000-7f746c800000 rw-p 00000000 00:00 0 
7f746c900000-7f746c904000 ---p 00000000 00:00 0 
7f746c904000-7f746ca00000 rw-p 00000000 00:00 0 
7f746cb00000-7f746cb04000 ---p 00000000 00:00 0 
7f746cb04000-7f746cc00000 rw-p 00000000 00:00 0 
7f746cc00000-7f746cc04000 ---p 00000000 00:00 0 
7f746cc04000-7f746cd00000 rw-p 00000000 00:00 0 
7f746cd00000-7f746cd04000 ---p 00000000 00:00 0 
7f746cd04000-7f746ce00000 rw-p 00000000 00:00 0 
7f746cf00000-7f746cf04000 ---p 00000000 00:00 0 
7f746cf04000-7f746d000000 rw-p 00000000 00:00 0 
7f746d000000-7f746f16a000 r-xp 00000000 00:b13 4611686019135190040       /nix/store/gpxl5qgg8kicmcvivwmybwjlpf7wh20l-graalvm17-ce-22.3.0/lib/libjvmcicompiler.so
7f746f16a000-7f746f369000 ---p 0216a000 00:b13 4611686019135190040       /nix/store/gpxl5qgg8kicmcvivwmybwjlpf7wh20l-graalvm17-ce-22.3.0/lib/libjvmcicompiler.so
7f746f369000-7f746f36a000 r--p 02169000 00:b13 4611686019135190040       /nix/store/gpxl5qgg8kicmcvivwmybwjlpf7wh20l-graalvm17-ce-22.3.0/lib/libjvmcicompiler.so
7f746f36a000-7f746f36c000 rw-p 0216a000 00:b13 4611686019135190040       /nix/store/gpxl5qgg8kicmcvivwmybwjlpf7wh20l-graalvm17-ce-22.3.0/lib/libjvmcicompiler.so
7f746f36c000-7f746f36d000 rw-p 00000000 00:00 0 
7f746f36d000-7f746f372000 rw-p 023c3000 00:b13 4611686019135190040       /nix/store/gpxl5qgg8kicmcvivwmybwjlpf7wh20l-graalvm17-ce-22.3.0/lib/libjvmcicompiler.so
7f746f3b3000-7f746f3b7000 ---p 00000000 00:00 0 
7f746f3b7000-7f746f4b3000 rw-p 00000000 00:00 0 
7f746f4b3000-7f746f723000 rwxp 00000000 00:00 0 
7f746f723000-7f746fa42000 ---p 00000000 00:00 0 
7f746fa42000-7f7470a62000 rwxp 00000000 00:00 0 
7f7470a62000-7f7476f7a000 ---p 00000000 00:00 0 
7f7476f7a000-7f747720a000 rwxp 00000000 00:00 0 
7f747720a000-7f747e4b3000 ---p 00000000 00:00 0 
7f747e4b3000-7f7488000000 r--s 00000000 00:b13 4611686019135192581       /nix/store/gpxl5qgg8kicmcvivwmybwjlpf7wh20l-graalvm17-ce-22.3.0/lib/modules
7f7488000000-7f7488612000 rw-p 00000000 00:00 0 
7f7488612000-7f748c000000 ---p 00000000 00:00 0 
7f748c100000-7f748c104000 ---p 00000000 00:00 0 
7f748c104000-7f748c200000 rw-p 00000000 00:00 0 
7f748c2de000-7f748c2e2000 ---p 00000000 00:00 0 
7f748c2e2000-7f748c3de000 rw-p 00000000 00:00 0 
7f748c3de000-7f748c3e2000 ---p 00000000 00:00 0 
7f748c3e2000-7f748c400000 rw-p 00000000 00:00 0 
7f748c40c000-7f748c410000 ---p 00000000 00:00 0 
7f748c410000-7f748c50c000 rw-p 00000000 00:00 0 
7f748c50c000-7f748c513000 r-xp 00000000 00:b13 4611686019135192580       /nix/store/gpxl5qgg8kicmcvivwmybwjlpf7wh20l-graalvm17-ce-22.3.0/lib/libzip.so
7f748c513000-7f748c514000 ---p 00007000 00:b13 4611686019135192580       /nix/store/gpxl5qgg8kicmcvivwmybwjlpf7wh20l-graalvm17-ce-22.3.0/lib/libzip.so
7f748c514000-7f748c515000 r--p 00007000 00:b13 4611686019135192580       /nix/store/gpxl5qgg8kicmcvivwmybwjlpf7wh20l-graalvm17-ce-22.3.0/lib/libzip.so
7f748c515000-7f748c516000 rw-p 00008000 00:b13 4611686019135192580       /nix/store/gpxl5qgg8kicmcvivwmybwjlpf7wh20l-graalvm17-ce-22.3.0/lib/libzip.so
7f748c516000-7f748c518000 rw-p 0000b000 00:b13 4611686019135192580       /nix/store/gpxl5qgg8kicmcvivwmybwjlpf7wh20l-graalvm17-ce-22.3.0/lib/libzip.so
7f748c518000-7f748c519000 ---p 00000000 00:00 0 
7f748c519000-7f748c61a000 rw-p 00000000 00:00 0 
7f748c61a000-7f748c61e000 ---p 00000000 00:00 0 
7f748c61e000-7f748c71a000 rw-p 00000000 00:00 0 
7f748c71a000-7f748c71e000 ---p 00000000 00:00 0 
7f748c71e000-7f748c81a000 rw-p 00000000 00:00 0 
7f748c81a000-7f748c81e000 ---p 00000000 00:00 0 
7f748c81e000-7f748c91a000 rw-p 00000000 00:00 0 
7f748c91a000-7f748c91e000 ---p 00000000 00:00 0 
7f748c91e000-7f748cb1a000 rw-p 00000000 00:00 0 
7f748cb1a000-7f748cb1e000 ---p 00000000 00:00 0 
7f748cb1e000-7f748cd1a000 rw-p 00000000 00:00 0 
7f748cd1a000-7f748cd1e000 ---p 00000000 00:00 0 
7f748cd1e000-7f748ce1a000 rw-p 00000000 00:00 0 
7f748ce1a000-7f748ce1e000 ---p 00000000 00:00 0 
7f748ce1e000-7f748cf1a000 rw-p 00000000 00:00 0 
7f748cf1a000-7f748cf1e000 ---p 00000000 00:00 0 
7f748cf1e000-7f748d01a000 rw-p 00000000 00:00 0 
7f748d01a000-7f748d300000 r--p 00000000 00:9aa 28444448                  /usr/lib/locale/locale-archive
7f748d300000-7f748d304000 ---p 00000000 00:00 0 
7f748d304000-7f748d800000 rw-p 00000000 00:00 0 
7f748d800000-7f748db00000 rw-p 00000000 00:00 0 
7f748db00000-7f748dc00000 rw-p 00000000 00:00 0 
7f748dc06000-7f748dc08000 r-xp 00000000 00:b13 4611686019135190017       /nix/store/gpxl5qgg8kicmcvivwmybwjlpf7wh20l-graalvm17-ce-22.3.0/lib/libextnet.so
7f748dc08000-7f748dc09000 r--p 00001000 00:b13 4611686019135190017       /nix/store/gpxl5qgg8kicmcvivwmybwjlpf7wh20l-graalvm17-ce-22.3.0/lib/libextnet.so
7f748dc09000-7f748dc0a000 rw-p 00002000 00:b13 4611686019135190017       /nix/store/gpxl5qgg8kicmcvivwmybwjlpf7wh20l-graalvm17-ce-22.3.0/lib/libextnet.so
7f748dc0a000-7f748dc0b000 rw-p 00004000 00:b13 4611686019135190017       /nix/store/gpxl5qgg8kicmcvivwmybwjlpf7wh20l-graalvm17-ce-22.3.0/lib/libextnet.so
7f748dc0b000-7f748dc20000 r-xp 00000000 00:b13 4611686019135192570       /nix/store/gpxl5qgg8kicmcvivwmybwjlpf7wh20l-graalvm17-ce-22.3.0/lib/libnet.so
7f748dc20000-7f748dc21000 ---p 00015000 00:b13 4611686019135192570       /nix/store/gpxl5qgg8kicmcvivwmybwjlpf7wh20l-graalvm17-ce-22.3.0/lib/libnet.so
7f748dc21000-7f748dc22000 r--p 00015000 00:b13 4611686019135192570       /nix/store/gpxl5qgg8kicmcvivwmybwjlpf7wh20l-graalvm17-ce-22.3.0/lib/libnet.so
7f748dc22000-7f748dc23000 rw-p 00016000 00:b13 4611686019135192570       /nix/store/gpxl5qgg8kicmcvivwmybwjlpf7wh20l-graalvm17-ce-22.3.0/lib/libnet.so
7f748dc23000-7f748dc26000 rw-p 0001b000 00:b13 4611686019135192570       /nix/store/gpxl5qgg8kicmcvivwmybwjlpf7wh20l-graalvm17-ce-22.3.0/lib/libnet.so
7f748dc26000-7f748dc39000 r-xp 00000000 00:b13 4611686019135192571       /nix/store/gpxl5qgg8kicmcvivwmybwjlpf7wh20l-graalvm17-ce-22.3.0/lib/libnio.so
7f748dc39000-7f748dc3a000 r--p 00012000 00:b13 4611686019135192571       /nix/store/gpxl5qgg8kicmcvivwmybwjlpf7wh20l-graalvm17-ce-22.3.0/lib/libnio.so
7f748dc3a000-7f748dc3b000 rw-p 00013000 00:b13 4611686019135192571       /nix/store/gpxl5qgg8kicmcvivwmybwjlpf7wh20l-graalvm17-ce-22.3.0/lib/libnio.so
7f748dc3b000-7f748dc40000 rw-p 00019000 00:b13 4611686019135192571       /nix/store/gpxl5qgg8kicmcvivwmybwjlpf7wh20l-graalvm17-ce-22.3.0/lib/libnio.so
7f748dc40000-7f748dc44000 ---p 00000000 00:00 0 
7f748dc44000-7f748dd40000 rw-p 00000000 00:00 0 
7f748dd40000-7f748dd41000 ---p 00000000 00:00 0 
7f748dd41000-7f748de42000 rw-p 00000000 00:00 0 
7f748de42000-7f748df10000 r-xp 00000000 00:b13 4611686019135190036       /nix/store/gpxl5qgg8kicmcvivwmybwjlpf7wh20l-graalvm17-ce-22.3.0/lib/libjsvml.so
7f748df10000-7f748df11000 r--p 000cd000 00:b13 4611686019135190036       /nix/store/gpxl5qgg8kicmcvivwmybwjlpf7wh20l-graalvm17-ce-22.3.0/lib/libjsvml.so
7f748df11000-7f748df12000 rw-p 000ce000 00:b13 4611686019135190036       /nix/store/gpxl5qgg8kicmcvivwmybwjlpf7wh20l-graalvm17-ce-22.3.0/lib/libjsvml.so
7f748df12000-7f748f7ea000 rw-p 00000000 00:00 0 
7f748f7ea000-7f748f7eb000 ---p 00000000 00:00 0 
7f748f7eb000-7f748f996000 rw-p 00000000 00:00 0 
7f748f996000-7f748f9b2000 rw-p 00000000 00:00 0 
7f748f9b2000-7f748f9ec000 ---p 00000000 00:00 0 
7f748f9ec000-7f748f9f3000 rw-p 00000000 00:00 0 
7f748f9f3000-7f748fad8000 ---p 00000000 00:00 0 
7f748fad8000-7f748faf9000 rw-p 00000000 00:00 0 
7f748faf9000-7f748fbc3000 ---p 00000000 00:00 0 
7f748fbc3000-7f748fbc8000 rw-p 00000000 00:00 0 
7f748fbc8000-7f748fbcf000 ---p 00000000 00:00 0 
7f748fbcf000-7f748fbf3000 r-xp 00000000 00:b13 4611686019135190028       /nix/store/gpxl5qgg8kicmcvivwmybwjlpf7wh20l-graalvm17-ce-22.3.0/lib/libjava.so
7f748fbf3000-7f748fbf4000 ---p 00024000 00:b13 4611686019135190028       /nix/store/gpxl5qgg8kicmcvivwmybwjlpf7wh20l-graalvm17-ce-22.3.0/lib/libjava.so
7f748fbf4000-7f748fbf5000 r--p 00024000 00:b13 4611686019135190028       /nix/store/gpxl5qgg8kicmcvivwmybwjlpf7wh20l-graalvm17-ce-22.3.0/lib/libjava.so
7f748fbf5000-7f748fbf6000 rw-p 00025000 00:b13 4611686019135190028       /nix/store/gpxl5qgg8kicmcvivwmybwjlpf7wh20l-graalvm17-ce-22.3.0/lib/libjava.so
7f748fbf6000-7f748fbf7000 rw-p 00000000 00:00 0 
7f748fbf7000-7f748fbfe000 rw-p 0002f000 00:b13 4611686019135190028       /nix/store/gpxl5qgg8kicmcvivwmybwjlpf7wh20l-graalvm17-ce-22.3.0/lib/libjava.so
7f748fbfe000-7f748fc06000 rw-s 00000000 00:704 361                       /tmp/hsperfdata_runner/42
7f748fc06000-7f748fc07000 ---p 00000000 00:00 0 
7f748fc07000-7f748fc08000 r--p 00000000 00:00 0 
7f748fc08000-7f748fc09000 rwxp 00000000 00:00 0 
7f748fc09000-7f748fc24000 r-xp 00000000 00:b13 4611686019135190032       /nix/store/gpxl5qgg8kicmcvivwmybwjlpf7wh20l-graalvm17-ce-22.3.0/lib/libjimage.so
7f748fc24000-7f748fc25000 ---p 0001b000 00:b13 4611686019135190032       /nix/store/gpxl5qgg8kicmcvivwmybwjlpf7wh20l-graalvm17-ce-22.3.0/lib/libjimage.so
7f748fc25000-7f748fc27000 r--p 0001b000 00:b13 4611686019135190032       /nix/store/gpxl5qgg8kicmcvivwmybwjlpf7wh20l-graalvm17-ce-22.3.0/lib/libjimage.so
7f748fc27000-7f748fc28000 rw-p 0001d000 00:b13 4611686019135190032       /nix/store/gpxl5qgg8kicmcvivwmybwjlpf7wh20l-graalvm17-ce-22.3.0/lib/libjimage.so
7f748fc28000-7f748fc29000 rw-p 00024000 00:b13 4611686019135190032       /nix/store/gpxl5qgg8kicmcvivwmybwjlpf7wh20l-graalvm17-ce-22.3.0/lib/libjimage.so
7f748fc29000-7f748fc2d000 ---p 00000000 00:00 0 
7f748fc2d000-7f748fd29000 rw-p 00000000 00:00 0 
7f748fd29000-7f748fd37000 r--p 00000000 00:b13 4611686019027979927       /nix/store/4nlgxhb09sdr51nc9hdm8az5b08vzkgx-glibc-2.35-163/lib/libm.so.6
7f748fd37000-7f748fdaa000 r-xp 0000e000 00:b13 4611686019027979927       /nix/store/4nlgxhb09sdr51nc9hdm8az5b08vzkgx-glibc-2.35-163/lib/libm.so.6
7f748fdaa000-7f748fe07000 r--p 00081000 00:b13 4611686019027979927       /nix/store/4nlgxhb09sdr51nc9hdm8az5b08vzkgx-glibc-2.35-163/lib/libm.so.6
7f748fe07000-7f748fe08000 r--p 000dd000 00:b13 4611686019027979927       /nix/store/4nlgxhb09sdr51nc9hdm8az5b08vzkgx-glibc-2.35-163/lib/libm.so.6
7f748fe08000-7f748fe09000 rw-p 000de000 00:b13 4611686019027979927       /nix/store/4nlgxhb09sdr51nc9hdm8az5b08vzkgx-glibc-2.35-163/lib/libm.so.6
7f748fe09000-7f748fe0a000 r--p 00000000 00:b13 4611686019027979946       /nix/store/4nlgxhb09sdr51nc9hdm8az5b08vzkgx-glibc-2.35-163/lib/librt.so.1
7f748fe0a000-7f748fe0b000 r-xp 00001000 00:b13 4611686019027979946       /nix/store/4nlgxhb09sdr51nc9hdm8az5b08vzkgx-glibc-2.35-163/lib/librt.so.1
7f748fe0b000-7f748fe0c000 r--p 00002000 00:b13 4611686019027979946       /nix/store/4nlgxhb09sdr51nc9hdm8az5b08vzkgx-glibc-2.35-163/lib/librt.so.1
7f748fe0c000-7f748fe0d000 r--p 00002000 00:b13 4611686019027979946       /nix/store/4nlgxhb09sdr51nc9hdm8az5b08vzkgx-glibc-2.35-163/lib/librt.so.1
7f748fe0d000-7f748fe0e000 rw-p 00003000 00:b13 4611686019027979946       /nix/store/4nlgxhb09sdr51nc9hdm8az5b08vzkgx-glibc-2.35-163/lib/librt.so.1
7f748fe0e000-7f7490f21000 r-xp 00000000 00:b13 4611686019135360866       /nix/store/gpxl5qgg8kicmcvivwmybwjlpf7wh20l-graalvm17-ce-22.3.0/lib/server/libjvm.so
7f7490f21000-7f7490f22000 ---p 01113000 00:b13 4611686019135360866       /nix/store/gpxl5qgg8kicmcvivwmybwjlpf7wh20l-graalvm17-ce-22.3.0/lib/server/libjvm.so
7f7490f22000-7f7490fd7000 r--p 01113000 00:b13 4611686019135360866       /nix/store/gpxl5qgg8kicmcvivwmybwjlpf7wh20l-graalvm17-ce-22.3.0/lib/server/libjvm.so
7f7490fd7000-7f749100b000 rw-p 011c8000 00:b13 4611686019135360866       /nix/store/gpxl5qgg8kicmcvivwmybwjlpf7wh20l-graalvm17-ce-22.3.0/lib/server/libjvm.so
7f749100b000-7f7491067000 rw-p 00000000 00:00 0 
7f7491067000-7f749108f000 r--p 00000000 00:b13 4611686019027979918       /nix/store/4nlgxhb09sdr51nc9hdm8az5b08vzkgx-glibc-2.35-163/lib/libc.so.6
7f749108f000-7f7491205000 r-xp 00028000 00:b13 4611686019027979918       /nix/store/4nlgxhb09sdr51nc9hdm8az5b08vzkgx-glibc-2.35-163/lib/libc.so.6
7f7491205000-7f749125d000 r--p 0019e000 00:b13 4611686019027979918       /nix/store/4nlgxhb09sdr51nc9hdm8az5b08vzkgx-glibc-2.35-163/lib/libc.so.6
7f749125d000-7f7491261000 r--p 001f6000 00:b13 4611686019027979918       /nix/store/4nlgxhb09sdr51nc9hdm8az5b08vzkgx-glibc-2.35-163/lib/libc.so.6
7f7491261000-7f7491263000 rw-p 001fa000 00:b13 4611686019027979918       /nix/store/4nlgxhb09sdr51nc9hdm8az5b08vzkgx-glibc-2.35-163/lib/libc.so.6
7f7491263000-7f7491272000 rw-p 00000000 00:00 0 
7f7491272000-7f7491273000 r--p 00000000 00:b13 4611686019027979923       /nix/store/4nlgxhb09sdr51nc9hdm8az5b08vzkgx-glibc-2.35-163/lib/libdl.so.2
7f7491273000-7f7491274000 r-xp 00001000 00:b13 4611686019027979923       /nix/store/4nlgxhb09sdr51nc9hdm8az5b08vzkgx-glibc-2.35-163/lib/libdl.so.2
7f7491274000-7f7491275000 r--p 00002000 00:b13 4611686019027979923       /nix/store/4nlgxhb09sdr51nc9hdm8az5b08vzkgx-glibc-2.35-163/lib/libdl.so.2
7f7491275000-7f7491276000 r--p 00002000 00:b13 4611686019027979923       /nix/store/4nlgxhb09sdr51nc9hdm8az5b08vzkgx-glibc-2.35-163/lib/libdl.so.2
7f7491276000-7f7491277000 rw-p 00003000 00:b13 4611686019027979923       /nix/store/4nlgxhb09sdr51nc9hdm8az5b08vzkgx-glibc-2.35-163/lib/libdl.so.2
7f7491277000-7f7491278000 r--p 00000000 00:b13 4611686019027979942       /nix/store/4nlgxhb09sdr51nc9hdm8az5b08vzkgx-glibc-2.35-163/lib/libpthread.so.0
7f7491278000-7f7491279000 r-xp 00001000 00:b13 4611686019027979942       /nix/store/4nlgxhb09sdr51nc9hdm8az5b08vzkgx-glibc-2.35-163/lib/libpthread.so.0
7f7491279000-7f749127a000 r--p 00002000 00:b13 4611686019027979942       /nix/store/4nlgxhb09sdr51nc9hdm8az5b08vzkgx-glibc-2.35-163/lib/libpthread.so.0
7f749127a000-7f749127b000 r--p 00002000 00:b13 4611686019027979942       /nix/store/4nlgxhb09sdr51nc9hdm8az5b08vzkgx-glibc-2.35-163/lib/libpthread.so.0
7f749127b000-7f749127c000 rw-p 00003000 00:b13 4611686019027979942       /nix/store/4nlgxhb09sdr51nc9hdm8az5b08vzkgx-glibc-2.35-163/lib/libpthread.so.0
7f749127c000-7f749128a000 r-xp 00000000 00:b13 4611686019135190033       /nix/store/gpxl5qgg8kicmcvivwmybwjlpf7wh20l-graalvm17-ce-22.3.0/lib/libjli.so
7f749128a000-7f749128b000 ---p 0000e000 00:b13 4611686019135190033       /nix/store/gpxl5qgg8kicmcvivwmybwjlpf7wh20l-graalvm17-ce-22.3.0/lib/libjli.so
7f749128b000-7f749128c000 r--p 0000e000 00:b13 4611686019135190033       /nix/store/gpxl5qgg8kicmcvivwmybwjlpf7wh20l-graalvm17-ce-22.3.0/lib/libjli.so
7f749128c000-7f749128d000 rw-p 0000f000 00:b13 4611686019135190033       /nix/store/gpxl5qgg8kicmcvivwmybwjlpf7wh20l-graalvm17-ce-22.3.0/lib/libjli.so
7f749128d000-7f749128e000 rw-p 00012000 00:b13 4611686019135190033       /nix/store/gpxl5qgg8kicmcvivwmybwjlpf7wh20l-graalvm17-ce-22.3.0/lib/libjli.so
7f749128e000-7f7491291000 r--p 00000000 00:b13 4611686019106210071       /nix/store/026hln0aq1hyshaxsdvhg0kmcm6yf45r-zlib-1.2.13/lib/libz.so.1.2.13
7f7491291000-7f74912a3000 r-xp 00003000 00:b13 4611686019106210071       /nix/store/026hln0aq1hyshaxsdvhg0kmcm6yf45r-zlib-1.2.13/lib/libz.so.1.2.13
7f74912a3000-7f74912aa000 r--p 00015000 00:b13 4611686019106210071       /nix/store/026hln0aq1hyshaxsdvhg0kmcm6yf45r-zlib-1.2.13/lib/libz.so.1.2.13
7f74912aa000-7f74912ab000 r--p 0001b000 00:b13 4611686019106210071       /nix/store/026hln0aq1hyshaxsdvhg0kmcm6yf45r-zlib-1.2.13/lib/libz.so.1.2.13
7f74912ab000-7f74912ac000 rw-p 0001c000 00:b13 4611686019106210071       /nix/store/026hln0aq1hyshaxsdvhg0kmcm6yf45r-zlib-1.2.13/lib/libz.so.1.2.13
7f74912ac000-7f74912ae000 rw-p 00000000 00:00 0 
7f74912ae000-7f74912b0000 r--p 00000000 00:b13 4611686019027979912       /nix/store/4nlgxhb09sdr51nc9hdm8az5b08vzkgx-glibc-2.35-163/lib/ld-linux-x86-64.so.2
7f74912b0000-7f74912d7000 r-xp 00002000 00:b13 4611686019027979912       /nix/store/4nlgxhb09sdr51nc9hdm8az5b08vzkgx-glibc-2.35-163/lib/ld-linux-x86-64.so.2
7f74912d7000-7f74912e3000 r--p 00029000 00:b13 4611686019027979912       /nix/store/4nlgxhb09sdr51nc9hdm8az5b08vzkgx-glibc-2.35-163/lib/ld-linux-x86-64.so.2
7f74912e3000-7f74912e5000 r--p 00034000 00:b13 4611686019027979912       /nix/store/4nlgxhb09sdr51nc9hdm8az5b08vzkgx-glibc-2.35-163/lib/ld-linux-x86-64.so.2
7f74912e5000-7f74912e7000 rw-p 00036000 00:b13 4611686019027979912       /nix/store/4nlgxhb09sdr51nc9hdm8az5b08vzkgx-glibc-2.35-163/lib/ld-linux-x86-64.so.2
7fff288b8000-7fff288dc000 rw-p 00000000 00:00 0                          [stack]
7fff2895b000-7fff2895f000 r--p 00000000 00:00 0                          [vvar]
7fff2895f000-7fff28961000 r-xp 00000000 00:00 0                          [vdso]
ffffffffff600000-ffffffffff601000 --xp 00000000 00:00 0                  [vsyscall]


VM Arguments:
jvm_args: -XX:ThreadPriorityPolicy=1 -XX:+UnlockExperimentalVMOptions -XX:+EnableJVMCIProduct -XX:JVMCIThreadsPerNativeLibraryRuntime=1 -XX:-UnlockExperimentalVMOptions -Declipse.application=org.eclipse.jdt.ls.core.id1 -Dosgi.bundles.defaultStartLevel=4 -Declipse.product=org.eclipse.jdt.ls.core.product -Dlog.level=ALL -Xverify:none -XX:+UseParallelGC -XX:GCTimeRatio=4 -XX:AdaptiveSizePolicyWeight=90 -Dsun.zip.disableMemoryMapping=true -Xmx512m -Xms100m 
java_command: /nix/store/m6gcpi1ii6rghy04cjwjddcavv7i90df-jdt-language-server-1.9.0/share/java/plugins/org.eclipse.equinox.launcher_1.6.400.v20210924-0641.jar --add-modules=ALL-SYSTEM --add-opens java.base/java.util=ALL-UNNAMED --add-opens java.base/java.lang=ALL-UNNAMED -configuration /home/runner/.cache/jdt-language-server/config -data /home/runner/.cache/jdt-language-server/data/home/runner/JavaBasics-1
java_class_path (initial): /nix/store/m6gcpi1ii6rghy04cjwjddcavv7i90df-jdt-language-server-1.9.0/share/java/plugins/org.eclipse.equinox.launcher_1.6.400.v20210924-0641.jar
Launcher Type: SUN_STANDARD

[Global flags]
    uintx AdaptiveSizePolicyWeight                 = 90                                        {product} {command line}
     intx CICompilerCount                          = 2                                         {product} {ergonomic}
     bool EnableJVMCIProduct                       = true                                {JVMCI product} {jimage}
    uintx GCTimeRatio                              = 4                                         {product} {command line}
   size_t InitialHeapSize                          = 104857600                                 {product} {command line}
     uint JVMCIThreadsPerNativeLibraryRuntime      = 1                                   {JVMCI product} {jimage}
   size_t MaxHeapSize                              = 536870912                                 {product} {command line}
   size_t MaxNewSize                               = 178782208                                 {product} {ergonomic}
   size_t MinHeapDeltaBytes                        = 524288                                    {product} {ergonomic}
   size_t MinHeapSize                              = 104857600                                 {product} {command line}
   size_t NewSize                                  = 34603008                                  {product} {ergonomic}
    uintx NonNMethodCodeHeapSize                   = 5826188                                {pd product} {ergonomic}
    uintx NonProfiledCodeHeapSize                  = 122916026                              {pd product} {ergonomic}
   size_t OldSize                                  = 70254592                                  {product} {ergonomic}
    uintx ProfiledCodeHeapSize                     = 122916026                              {pd product} {ergonomic}
    uintx ReservedCodeCacheSize                    = 251658240                              {pd product} {ergonomic}
     bool SegmentedCodeCache                       = true                                      {product} {ergonomic}
   size_t SoftMaxHeapSize                          = 536870912                              {manageable} {ergonomic}
     intx ThreadPriorityPolicy                     = 1                                         {product} {jimage}
     bool UseCompressedClassPointers               = true                           {product lp64_product} {ergonomic}
     bool UseCompressedOops                        = true                           {product lp64_product} {ergonomic}
     bool UseParallelGC                            = true                                      {product} {command line}

Logging:
Log output configuration:
 #0: stdout all=warning uptime,level,tags
 #1: stderr all=off uptime,level,tags

Environment Variables:
JAVA_HOME=/nix/store/gpxl5qgg8kicmcvivwmybwjlpf7wh20l-graalvm17-ce-22.3.0
PATH=/nix/store/1d6ian3r8kdzspw8hacjhl3xkp40g1lj-binutils-wrapper-2.39/bin:/nix/store/dq0xwmsk1g0i2ayg6pb7y87na2knzylh-gcc-wrapper-11.3.0/bin:/nix/store/bap4d0lpcrhpwmpb8ayjcgkmvfj62lnq-bash-interactive-5.1-p16/bin:/nix/store/pr5n59mb4jzmfx6kanwxly0l07p861fg-patchelf-0.15.0/bin:/nix/store/1gf2flfqnpqbr1b4p4qz2f72y42bs56r-gcc-11.3.0/bin:/nix/store/57xv61c5zi8pphjbcwxxjlgc34p61ic9-glibc-2.35-163-bin/bin:/nix/store/a7gvj343m05j2s32xcnwr35v31ynlypr-coreutils-9.1/bin:/nix/store/039g378vc3pc3dvi9dzdlrd0i4q93qwf-binutils-2.39/bin:/nix/store/gpxl5qgg8kicmcvivwmybwjlpf7wh20l-graalvm17-ce-22.3.0/bin:/nix/store/6z9ag3ihc8mq2hzsw48lhbznvzny65nz-apache-maven-3.8.6/bin:/nix/store/m6gcpi1ii6rghy04cjwjddcavv7i90df-jdt-language-server-1.9.0/bin:/nix/store/84xs5alhs01zrbr4ywm05kxbjbp5590l-java-debug/bin:/nix/store/mydc6f4k2z73xlcz7ilif3v2lcaiqvza-findutils-4.9.0/bin:/nix/store/j9p3g8472iijd50vhdprx0nmk2fqn5gv-diffutils-3.8/bin:/nix/store/89zs7rms6x00xfq4dq6m7mjnhkr8a6r4-gnused-4.8/bin:/nix/store/86bp03jkmsl6f92w0yzg4s59g5mhxwmy-gnugrep-3.7/bin:/nix/store/hwcdqw4jrjnd37wxqgsd47hd0j8bnj09-gawk-5.1.1/bin:/nix/store/cfbhw8r8ags41vwqaz47r583d0p4h4a1-gnutar-1.34/bin:/nix/store/p3m1ndl1lapwrlh698bnb5lvvxh67378-gzip-1.12/bin:/nix/store/a8mhcagrsly7c7mpjrpsnaahk4aax056-bzip2-1.0.8-bin/bin:/nix/store/mblgz65m3zv9x548a3d5m96fj2pbwr09-gnumake-4.3/bin:/nix/store/dsd5gz46hdbdk2rfdimqddhq6m8m8fqs-bash-5.1-p16/bin:/nix/store/v7ljksji50mg3w61dykaa3n3y79n6nil-patch-2.7.6/bin:/nix/store/zlcnmqq14jz5x9439jf937mvayyl63da-xz-5.2.7-bin/bin:/nix/store/y6aj732zm9m87c82fpvf103a1xb22blp-file-5.43/bin:/nix/store/i4kzir3m7mrisxmf5xvlnkw01x4qaqr4-prybar-elisp-0.0.0-e0d9a52/bin:/nix/store/lwwivxf6h7x3cvxp9zv8sj0mv7dak99r-prybar-lua-0.0.0-e0d9a52/bin:/nix/store/gxj28g1cg4hq3qanmjv07156h800qr58-prybar-python3-0.0.0-e0d9a52/bin:/nix/store/hshkjnxrgidigf8x75vg6lqng2xlx9i3-prybar-sqlite-0.0.0-e0d9a52/bin:/nix/store/c4w01bpjgyy5ixmwdk8m1pw87zq4sl26-prybar-tcl-0.0.0-e0d9a52/bin:/nix/store/hpbvrlwd5viqmvcaisb3x0118i913a9n-st
LD_LIBRARY_PATH=/nix/store/a4pff549sk2idnkpzk5nsfps3mdkdnvm-cups-2.4.2-lib/lib:/nix/store/72mqxxhh3cy5yifh92wh2yb8cl2hikyy-cairo-1.16.0/lib:/nix/store/2k366jrbsra97gjfxwvrhvixjfxdach5-glib-2.74.1/lib:/nix/store/2j2znigd8ak37rlwh9khz0ry3clqlw1l-gtk+3-3.24.34/lib:/nix/store/hisqvx32cd57apbpcsnkpx6k3549wql1-libglvnd-1.4.0/lib:/nix/store/p36pgcv991mq5srvg765b78yqpxvk3qs-mesa-21.3.3-drivers/lib:/nix/store/mav4251if1ahjq5vkpwycyyvnmy459c4-pulseaudio-14.2/lib
DISPLAY=:0
LANG=en_US.UTF-8

Signal Handlers:
   SIGSEGV: crash_handler in libjvm.so, mask=11100100010111111101111111111110, flags=SA_RESTART|SA_SIGINFO
    SIGBUS: crash_handler in libjvm.so, mask=11100100010111111101111111111110, flags=SA_RESTART|SA_SIGINFO
    SIGFPE: crash_handler in libjvm.so, mask=11100100010111111101111111111110, flags=SA_RESTART|SA_SIGINFO
   SIGPIPE: IsolateEnterStub_IgnoreSIGPIPEStartupHook_noopSignalHandler_8f19bff2f35b5f630d83b364d6b2339320d4ec70_216e8361c6bc87a8f89f58cc10d3b2fd4415bf87 in libjvmcicompiler.so, mask=00000000000000000000000000000000, flags=SA_RESTART
  *** Handler was modified!
  *** Expected: javaSignalHandler in libjvm.so, mask=11100100110111111111111111111110, flags=SA_RESTART|SA_SIGINFO
   SIGXFSZ: javaSignalHandler in libjvm.so, mask=11100100010111111101111111111110, flags=SA_RESTART|SA_SIGINFO
    SIGILL: crash_handler in libjvm.so, mask=11100100010111111101111111111110, flags=SA_RESTART|SA_SIGINFO
   SIGUSR2: SR_handler in libjvm.so, mask=00000000000000000000000000000000, flags=SA_RESTART|SA_SIGINFO
    SIGHUP: UserHandler in libjvm.so, mask=11100100010111111101111111111110, flags=SA_RESTART|SA_SIGINFO
    SIGINT: UserHandler in libjvm.so, mask=11100100010111111101111111111110, flags=SA_RESTART|SA_SIGINFO
   SIGTERM: UserHandler in libjvm.so, mask=11100100010111111101111111111110, flags=SA_RESTART|SA_SIGINFO
   SIGQUIT: UserHandler in libjvm.so, mask=11100100010111111101111111111110, flags=SA_RESTART|SA_SIGINFO
  *** Handler was modified!
  *** Expected: javaSignalHandler in libjvm.so, mask=11100100110111111111111111111110, flags=SA_RESTART|SA_SIGINFO
   SIGTRAP: crash_handler in libjvm.so, mask=11100100010111111101111111111110, flags=SA_RESTART|SA_SIGINFO


---------------  S Y S T E M  ---------------

OS:
DISTRIB_ID=Ubuntu
DISTRIB_RELEASE=20.04
DISTRIB_CODENAME=focal
DISTRIB_DESCRIPTION="Ubuntu 20.04.2 LTS"
uname: Linux 5.19.0-1024-gcp #26~22.04.1-Ubuntu SMP Mon May 15 08:59:20 UTC 2023 x86_64
OS uptime: 0 days 20:48 hours
libc: glibc 2.35 NPTL 2.35 
rlimit (soft/hard): STACK 8192k/infinity , CORE infinity/infinity , NPROC infinity/infinity , NOFILE 5242/5242 , AS infinity/infinity , CPU infinity/infinity , DATA infinity/infinity , FSIZE infinity/infinity , MEMLOCK 8192k/8192k
load average: 11.07 11.25 10.44

/proc/meminfo:
MemTotal:       65852244 kB
MemFree:        22858532 kB
MemAvailable:   43853992 kB
Buffers:         3217404 kB
Cached:         16347372 kB
SwapCached:            0 kB
Active:         10767524 kB
Inactive:       28115588 kB
Active(anon):      12496 kB
Inactive(anon): 19097944 kB
Active(file):   10755028 kB
Inactive(file):  9017644 kB
Unevictable:       55136 kB
Mlocked:           55136 kB
SwapTotal:             0 kB
SwapFree:              0 kB
Zswap:                 0 kB
Zswapped:              0 kB
Dirty:              1240 kB
Writeback:             0 kB
AnonPages:      17550864 kB
Mapped:          1948916 kB
Shmem:            126276 kB
KReclaimable:    1949388 kB
Slab:            3076556 kB
SReclaimable:    1949388 kB
SUnreclaim:      1127168 kB
KernelStack:      397684 kB
PageTables:       180068 kB
NFS_Unstable:          0 kB
Bounce:                0 kB
WritebackTmp:          0 kB
CommitLimit:    32926120 kB
Committed_AS:   52726572 kB
VmallocTotal:   34359738367 kB
VmallocUsed:      435792 kB
VmallocChunk:          0 kB
Percpu:            54560 kB
HardwareCorrupted:     0 kB
AnonHugePages:   3450880 kB
ShmemHugePages:        0 kB
ShmemPmdMapped:        0 kB
FileHugePages:         0 kB
FilePmdMapped:         0 kB
HugePages_Total:       0
HugePages_Free:        0
HugePages_Rsvd:        0
HugePages_Surp:        0
Hugepagesize:       2048 kB
Hugetlb:               0 kB
DirectMap4k:     7138104 kB
DirectMap2M:    56821760 kB
DirectMap1G:     5242880 kB

/sys/kernel/mm/transparent_hugepage/enabled: always [madvise] never
/sys/kernel/mm/transparent_hugepage/defrag (defrag/compaction efforts parameter): always defer defer+madvise [madvise] never

Process Memory:
Virtual Size: 4987992K (peak: 5084988K)
Resident Set Size: 733480K (peak: 769920K) (anon: 539304K, file: 194176K, shmem: 0K)
Swapped out: 0K
C-Heap outstanding allocations: 43975K, retained: 16780K
glibc malloc tunables: (default)

/proc/sys/kernel/threads-max (system-wide limit on the number of threads): 514406
/proc/sys/vm/max_map_count (maximum number of memory map areas a process may have): 65530
/proc/sys/kernel/pid_max (system-wide limit on number of process identifiers): 4194304

container (cgroup) information:
container_type: cgroupv1
cpu_cpuset_cpus: 2-7
cpu_memory_nodes: 0
active_processor_count: 1
cpu_quota: 50000
cpu_period: 100000
cpu_shares: 512
memory_limit_in_bytes: 1048576 k
memory_and_swap_limit_in_bytes: 1048576 k
memory_soft_limit_in_bytes: 524288 k
memory_usage_in_bytes: 597516 k
memory_max_usage_in_bytes: 665300 k
maximum number of tasks: 1000
current number of tasks: 49

KVM virtualization detected
Steal ticks since vm start: 0
Steal ticks percentage since vm start:  0.000

CPU: total 8 (initial active 1) (8 cores per cpu, 2 threads per core) family 23 model 49 stepping 0 microcode 0xffffffff, cx8, cmov, fxsr, ht, mmx, 3dnowpref, sse, sse2, sse3, ssse3, sse4a, sse4.1, sse4.2, popcnt, lzcnt, tsc, tscinvbit, avx, avx2, aes, clmul, bmi1, bmi2, adx, sha, fma, vzeroupper, clflush, clflushopt, hv
CPU Model and flags from /proc/cpuinfo:
model name	: AMD EPYC 7B12
flags		: fpu vme de pse tsc msr pae mce cx8 apic sep mtrr pge mca cmov pat pse36 clflush mmx fxsr sse sse2 ht syscall nx mmxext fxsr_opt pdpe1gb rdtscp lm constant_tsc rep_good nopl nonstop_tsc cpuid extd_apicid tsc_known_freq pni pclmulqdq ssse3 fma cx16 sse4_1 sse4_2 movbe popcnt aes xsave avx f16c rdrand hypervisor lahf_lm cmp_legacy cr8_legacy abm sse4a misalignsse 3dnowprefetch osvw topoext ssbd ibrs ibpb stibp vmmcall fsgsbase tsc_adjust bmi1 avx2 smep bmi2 rdseed adx smap clflushopt clwb sha_ni xsaveopt xsavec xgetbv1 clzero xsaveerptr arat npt nrip_save umip rdpid

Online cpus: 0-7
Offline cpus: 
BIOS frequency limitation: <Not Available>
Frequency switch latency (ns): <Not Available>
Available cpu frequencies: <Not Available>
Current governor: <Not Available>
Core performance/turbo boost: <Not Available>

Memory: 4k page, physical 1048576k(451056k free), swap 0k(0k free)
Page Sizes: 4k

vm_info: OpenJDK 64-Bit Server VM (17.0.5+8-jvmci-22.3-b08) for linux-amd64 JRE (17.0.5+8-jvmci-22.3-b08), built on Oct 19 2022 09:01:27 by "buildslave" with gcc 10.3.0

END.
